INFO - 2024-07-30 14:36:51 --> Session: Class initialized using 'CodeIgniter\Session\Handlers\FileHandler' driver.
CRITICAL - 2024-07-30 14:36:54 --> CodeIgniter\Exceptions\PageNotFoundException: Can't find a route for 'GET: assets/frontend/webfonts/fa-solid-900.woff2'.
[Method: GET, Route: assets/frontend/webfonts/fa-solid-900.woff2]
in SYSTEMPATH\CodeIgniter.php on line 982.
 1 SYSTEMPATH\CodeIgniter.php(982): CodeIgniter\Exceptions\PageNotFoundException::forPageNotFound('Can\'t find a route for \'GET: assets/frontend/webfonts/fa-solid-900.woff2\'.')
 2 SYSTEMPATH\CodeIgniter.php(364): CodeIgniter\CodeIgniter->display404errors(Object(CodeIgniter\Exceptions\PageNotFoundException))
 3 SYSTEMPATH\Boot.php(312): CodeIgniter\CodeIgniter->run()
 4 SYSTEMPATH\Boot.php(67): CodeIgniter\Boot::runCodeIgniter(Object(CodeIgniter\CodeIgniter))
 5 FCPATH\index.php(56): CodeIgniter\Boot::bootWeb(Object(Config\Paths))
 6 SYSTEMPATH\Commands\Server\rewrite.php(49): require_once('D:\\xampp\\htdocs\\akcdhanusha\\public\\index.php')
CRITICAL - 2024-07-30 14:36:54 --> CodeIgniter\Exceptions\PageNotFoundException: Can't find a route for 'GET: assets/frontend/webfonts/fa-brands-400.woff2'.
[Method: GET, Route: assets/frontend/webfonts/fa-brands-400.woff2]
in SYSTEMPATH\CodeIgniter.php on line 982.
 1 SYSTEMPATH\CodeIgniter.php(982): CodeIgniter\Exceptions\PageNotFoundException::forPageNotFound('Can\'t find a route for \'GET: assets/frontend/webfonts/fa-brands-400.woff2\'.')
 2 SYSTEMPATH\CodeIgniter.php(364): CodeIgniter\CodeIgniter->display404errors(Object(CodeIgniter\Exceptions\PageNotFoundException))
 3 SYSTEMPATH\Boot.php(312): CodeIgniter\CodeIgniter->run()
 4 SYSTEMPATH\Boot.php(67): CodeIgniter\Boot::runCodeIgniter(Object(CodeIgniter\CodeIgniter))
 5 FCPATH\index.php(56): CodeIgniter\Boot::bootWeb(Object(Config\Paths))
 6 SYSTEMPATH\Commands\Server\rewrite.php(49): require_once('D:\\xampp\\htdocs\\akcdhanusha\\public\\index.php')
CRITICAL - 2024-07-30 14:36:54 --> CodeIgniter\Exceptions\PageNotFoundException: Can't find a route for 'GET: assets/frontend/webfonts/fa-regular-400.woff2'.
[Method: GET, Route: assets/frontend/webfonts/fa-regular-400.woff2]
in SYSTEMPATH\CodeIgniter.php on line 982.
 1 SYSTEMPATH\CodeIgniter.php(982): CodeIgniter\Exceptions\PageNotFoundException::forPageNotFound('Can\'t find a route for \'GET: assets/frontend/webfonts/fa-regular-400.woff2\'.')
 2 SYSTEMPATH\CodeIgniter.php(364): CodeIgniter\CodeIgniter->display404errors(Object(CodeIgniter\Exceptions\PageNotFoundException))
 3 SYSTEMPATH\Boot.php(312): CodeIgniter\CodeIgniter->run()
 4 SYSTEMPATH\Boot.php(67): CodeIgniter\Boot::runCodeIgniter(Object(CodeIgniter\CodeIgniter))
 5 FCPATH\index.php(56): CodeIgniter\Boot::bootWeb(Object(Config\Paths))
 6 SYSTEMPATH\Commands\Server\rewrite.php(49): require_once('D:\\xampp\\htdocs\\akcdhanusha\\public\\index.php')
CRITICAL - 2024-07-30 14:36:56 --> CodeIgniter\Exceptions\PageNotFoundException: Can't find a route for 'GET: assets/frontend/webfonts/fa-solid-900.woff'.
[Method: GET, Route: assets/frontend/webfonts/fa-solid-900.woff]
in SYSTEMPATH\CodeIgniter.php on line 982.
 1 SYSTEMPATH\CodeIgniter.php(982): CodeIgniter\Exceptions\PageNotFoundException::forPageNotFound('Can\'t find a route for \'GET: assets/frontend/webfonts/fa-solid-900.woff\'.')
 2 SYSTEMPATH\CodeIgniter.php(364): CodeIgniter\CodeIgniter->display404errors(Object(CodeIgniter\Exceptions\PageNotFoundException))
 3 SYSTEMPATH\Boot.php(312): CodeIgniter\CodeIgniter->run()
 4 SYSTEMPATH\Boot.php(67): CodeIgniter\Boot::runCodeIgniter(Object(CodeIgniter\CodeIgniter))
 5 FCPATH\index.php(56): CodeIgniter\Boot::bootWeb(Object(Config\Paths))
 6 SYSTEMPATH\Commands\Server\rewrite.php(49): require_once('D:\\xampp\\htdocs\\akcdhanusha\\public\\index.php')
CRITICAL - 2024-07-30 14:36:56 --> CodeIgniter\Exceptions\PageNotFoundException: Can't find a route for 'GET: assets/frontend/webfonts/fa-brands-400.woff'.
[Method: GET, Route: assets/frontend/webfonts/fa-brands-400.woff]
in SYSTEMPATH\CodeIgniter.php on line 982.
 1 SYSTEMPATH\CodeIgniter.php(982): CodeIgniter\Exceptions\PageNotFoundException::forPageNotFound('Can\'t find a route for \'GET: assets/frontend/webfonts/fa-brands-400.woff\'.')
 2 SYSTEMPATH\CodeIgniter.php(364): CodeIgniter\CodeIgniter->display404errors(Object(CodeIgniter\Exceptions\PageNotFoundException))
 3 SYSTEMPATH\Boot.php(312): CodeIgniter\CodeIgniter->run()
 4 SYSTEMPATH\Boot.php(67): CodeIgniter\Boot::runCodeIgniter(Object(CodeIgniter\CodeIgniter))
 5 FCPATH\index.php(56): CodeIgniter\Boot::bootWeb(Object(Config\Paths))
 6 SYSTEMPATH\Commands\Server\rewrite.php(49): require_once('D:\\xampp\\htdocs\\akcdhanusha\\public\\index.php')
CRITICAL - 2024-07-30 14:36:56 --> CodeIgniter\Exceptions\PageNotFoundException: Can't find a route for 'GET: assets/frontend/webfonts/fa-regular-400.woff'.
[Method: GET, Route: assets/frontend/webfonts/fa-regular-400.woff]
in SYSTEMPATH\CodeIgniter.php on line 982.
 1 SYSTEMPATH\CodeIgniter.php(982): CodeIgniter\Exceptions\PageNotFoundException::forPageNotFound('Can\'t find a route for \'GET: assets/frontend/webfonts/fa-regular-400.woff\'.')
 2 SYSTEMPATH\CodeIgniter.php(364): CodeIgniter\CodeIgniter->display404errors(Object(CodeIgniter\Exceptions\PageNotFoundException))
 3 SYSTEMPATH\Boot.php(312): CodeIgniter\CodeIgniter->run()
 4 SYSTEMPATH\Boot.php(67): CodeIgniter\Boot::runCodeIgniter(Object(CodeIgniter\CodeIgniter))
 5 FCPATH\index.php(56): CodeIgniter\Boot::bootWeb(Object(Config\Paths))
 6 SYSTEMPATH\Commands\Server\rewrite.php(49): require_once('D:\\xampp\\htdocs\\akcdhanusha\\public\\index.php')
CRITICAL - 2024-07-30 14:36:56 --> CodeIgniter\Exceptions\PageNotFoundException: Can't find a route for 'GET: ws'.
[Method: GET, Route: ws]
in SYSTEMPATH\CodeIgniter.php on line 982.
 1 SYSTEMPATH\CodeIgniter.php(982): CodeIgniter\Exceptions\PageNotFoundException::forPageNotFound('Can\'t find a route for \'GET: ws\'.')
 2 SYSTEMPATH\CodeIgniter.php(364): CodeIgniter\CodeIgniter->display404errors(Object(CodeIgniter\Exceptions\PageNotFoundException))
 3 SYSTEMPATH\Boot.php(312): CodeIgniter\CodeIgniter->run()
 4 SYSTEMPATH\Boot.php(67): CodeIgniter\Boot::runCodeIgniter(Object(CodeIgniter\CodeIgniter))
 5 FCPATH\index.php(56): CodeIgniter\Boot::bootWeb(Object(Config\Paths))
 6 SYSTEMPATH\Commands\Server\rewrite.php(49): require_once('D:\\xampp\\htdocs\\akcdhanusha\\public\\index.php')
CRITICAL - 2024-07-30 14:36:56 --> CodeIgniter\Exceptions\PageNotFoundException: Can't find a route for 'GET: assets/frontend/webfonts/fa-solid-900.ttf'.
[Method: GET, Route: assets/frontend/webfonts/fa-solid-900.ttf]
in SYSTEMPATH\CodeIgniter.php on line 982.
 1 SYSTEMPATH\CodeIgniter.php(982): CodeIgniter\Exceptions\PageNotFoundException::forPageNotFound('Can\'t find a route for \'GET: assets/frontend/webfonts/fa-solid-900.ttf\'.')
 2 SYSTEMPATH\CodeIgniter.php(364): CodeIgniter\CodeIgniter->display404errors(Object(CodeIgniter\Exceptions\PageNotFoundException))
 3 SYSTEMPATH\Boot.php(312): CodeIgniter\CodeIgniter->run()
 4 SYSTEMPATH\Boot.php(67): CodeIgniter\Boot::runCodeIgniter(Object(CodeIgniter\CodeIgniter))
 5 FCPATH\index.php(56): CodeIgniter\Boot::bootWeb(Object(Config\Paths))
 6 SYSTEMPATH\Commands\Server\rewrite.php(49): require_once('D:\\xampp\\htdocs\\akcdhanusha\\public\\index.php')
CRITICAL - 2024-07-30 14:36:57 --> CodeIgniter\Exceptions\PageNotFoundException: Can't find a route for 'GET: assets/frontend/webfonts/fa-brands-400.ttf'.
[Method: GET, Route: assets/frontend/webfonts/fa-brands-400.ttf]
in SYSTEMPATH\CodeIgniter.php on line 982.
 1 SYSTEMPATH\CodeIgniter.php(982): CodeIgniter\Exceptions\PageNotFoundException::forPageNotFound('Can\'t find a route for \'GET: assets/frontend/webfonts/fa-brands-400.ttf\'.')
 2 SYSTEMPATH\CodeIgniter.php(364): CodeIgniter\CodeIgniter->display404errors(Object(CodeIgniter\Exceptions\PageNotFoundException))
 3 SYSTEMPATH\Boot.php(312): CodeIgniter\CodeIgniter->run()
 4 SYSTEMPATH\Boot.php(67): CodeIgniter\Boot::runCodeIgniter(Object(CodeIgniter\CodeIgniter))
 5 FCPATH\index.php(56): CodeIgniter\Boot::bootWeb(Object(Config\Paths))
 6 SYSTEMPATH\Commands\Server\rewrite.php(49): require_once('D:\\xampp\\htdocs\\akcdhanusha\\public\\index.php')
CRITICAL - 2024-07-30 14:36:57 --> CodeIgniter\Exceptions\PageNotFoundException: Can't find a route for 'GET: assets/frontend/webfonts/fa-regular-400.ttf'.
[Method: GET, Route: assets/frontend/webfonts/fa-regular-400.ttf]
in SYSTEMPATH\CodeIgniter.php on line 982.
 1 SYSTEMPATH\CodeIgniter.php(982): CodeIgniter\Exceptions\PageNotFoundException::forPageNotFound('Can\'t find a route for \'GET: assets/frontend/webfonts/fa-regular-400.ttf\'.')
 2 SYSTEMPATH\CodeIgniter.php(364): CodeIgniter\CodeIgniter->display404errors(Object(CodeIgniter\Exceptions\PageNotFoundException))
 3 SYSTEMPATH\Boot.php(312): CodeIgniter\CodeIgniter->run()
 4 SYSTEMPATH\Boot.php(67): CodeIgniter\Boot::runCodeIgniter(Object(CodeIgniter\CodeIgniter))
 5 FCPATH\index.php(56): CodeIgniter\Boot::bootWeb(Object(Config\Paths))
 6 SYSTEMPATH\Commands\Server\rewrite.php(49): require_once('D:\\xampp\\htdocs\\akcdhanusha\\public\\index.php')
CRITICAL - 2024-07-30 14:37:01 --> CodeIgniter\Exceptions\PageNotFoundException: Can't find a route for 'GET: admin/'.
[Method: GET, Route: admin/]
in SYSTEMPATH\CodeIgniter.php on line 982.
 1 SYSTEMPATH\CodeIgniter.php(982): CodeIgniter\Exceptions\PageNotFoundException::forPageNotFound('Can\'t find a route for \'GET: admin/\'.')
 2 SYSTEMPATH\CodeIgniter.php(364): CodeIgniter\CodeIgniter->display404errors(Object(CodeIgniter\Exceptions\PageNotFoundException))
 3 SYSTEMPATH\Boot.php(312): CodeIgniter\CodeIgniter->run()
 4 SYSTEMPATH\Boot.php(67): CodeIgniter\Boot::runCodeIgniter(Object(CodeIgniter\CodeIgniter))
 5 FCPATH\index.php(56): CodeIgniter\Boot::bootWeb(Object(Config\Paths))
 6 SYSTEMPATH\Commands\Server\rewrite.php(49): require_once('D:\\xampp\\htdocs\\akcdhanusha\\public\\index.php')
CRITICAL - 2024-07-30 14:37:02 --> CodeIgniter\Exceptions\PageNotFoundException: Can't find a route for 'GET: admin/ws'.
[Method: GET, Route: admin/ws]
in SYSTEMPATH\CodeIgniter.php on line 982.
 1 SYSTEMPATH\CodeIgniter.php(982): CodeIgniter\Exceptions\PageNotFoundException::forPageNotFound('Can\'t find a route for \'GET: admin/ws\'.')
 2 SYSTEMPATH\CodeIgniter.php(364): CodeIgniter\CodeIgniter->display404errors(Object(CodeIgniter\Exceptions\PageNotFoundException))
 3 SYSTEMPATH\Boot.php(312): CodeIgniter\CodeIgniter->run()
 4 SYSTEMPATH\Boot.php(67): CodeIgniter\Boot::runCodeIgniter(Object(CodeIgniter\CodeIgniter))
 5 FCPATH\index.php(56): CodeIgniter\Boot::bootWeb(Object(Config\Paths))
 6 SYSTEMPATH\Commands\Server\rewrite.php(49): require_once('D:\\xampp\\htdocs\\akcdhanusha\\public\\index.php')
INFO - 2024-07-30 14:37:05 --> Session: Class initialized using 'CodeIgniter\Session\Handlers\FileHandler' driver.
CRITICAL - 2024-07-30 14:37:06 --> CodeIgniter\Exceptions\PageNotFoundException: Can't find a route for 'GET: assets/frontend/image/'.
[Method: GET, Route: assets/frontend/image/]
in SYSTEMPATH\CodeIgniter.php on line 982.
 1 SYSTEMPATH\CodeIgniter.php(982): CodeIgniter\Exceptions\PageNotFoundException::forPageNotFound('Can\'t find a route for \'GET: assets/frontend/image/\'.')
 2 SYSTEMPATH\CodeIgniter.php(364): CodeIgniter\CodeIgniter->display404errors(Object(CodeIgniter\Exceptions\PageNotFoundException))
 3 SYSTEMPATH\Boot.php(312): CodeIgniter\CodeIgniter->run()
 4 SYSTEMPATH\Boot.php(67): CodeIgniter\Boot::runCodeIgniter(Object(CodeIgniter\CodeIgniter))
 5 FCPATH\index.php(56): CodeIgniter\Boot::bootWeb(Object(Config\Paths))
 6 SYSTEMPATH\Commands\Server\rewrite.php(49): require_once('D:\\xampp\\htdocs\\akcdhanusha\\public\\index.php')
CRITICAL - 2024-07-30 14:37:06 --> CodeIgniter\Exceptions\PageNotFoundException: Can't find a route for 'GET: login/ws'.
[Method: GET, Route: login/ws]
in SYSTEMPATH\CodeIgniter.php on line 982.
 1 SYSTEMPATH\CodeIgniter.php(982): CodeIgniter\Exceptions\PageNotFoundException::forPageNotFound('Can\'t find a route for \'GET: login/ws\'.')
 2 SYSTEMPATH\CodeIgniter.php(364): CodeIgniter\CodeIgniter->display404errors(Object(CodeIgniter\Exceptions\PageNotFoundException))
 3 SYSTEMPATH\Boot.php(312): CodeIgniter\CodeIgniter->run()
 4 SYSTEMPATH\Boot.php(67): CodeIgniter\Boot::runCodeIgniter(Object(CodeIgniter\CodeIgniter))
 5 FCPATH\index.php(56): CodeIgniter\Boot::bootWeb(Object(Config\Paths))
 6 SYSTEMPATH\Commands\Server\rewrite.php(49): require_once('D:\\xampp\\htdocs\\akcdhanusha\\public\\index.php')
INFO - 2024-07-30 14:37:08 --> Session: Class initialized using 'CodeIgniter\Session\Handlers\FileHandler' driver.
INFO - 2024-07-30 14:37:09 --> Session: Class initialized using 'CodeIgniter\Session\Handlers\FileHandler' driver.
CRITICAL - 2024-07-30 14:37:10 --> CodeIgniter\Exceptions\PageNotFoundException: Can't find a route for 'GET: dashboard/ws'.
[Method: GET, Route: dashboard/ws]
in SYSTEMPATH\CodeIgniter.php on line 982.
 1 SYSTEMPATH\CodeIgniter.php(982): CodeIgniter\Exceptions\PageNotFoundException::forPageNotFound('Can\'t find a route for \'GET: dashboard/ws\'.')
 2 SYSTEMPATH\CodeIgniter.php(364): CodeIgniter\CodeIgniter->display404errors(Object(CodeIgniter\Exceptions\PageNotFoundException))
 3 SYSTEMPATH\Boot.php(312): CodeIgniter\CodeIgniter->run()
 4 SYSTEMPATH\Boot.php(67): CodeIgniter\Boot::runCodeIgniter(Object(CodeIgniter\CodeIgniter))
 5 FCPATH\index.php(56): CodeIgniter\Boot::bootWeb(Object(Config\Paths))
 6 SYSTEMPATH\Commands\Server\rewrite.php(49): require_once('D:\\xampp\\htdocs\\akcdhanusha\\public\\index.php')
INFO - 2024-07-30 14:37:15 --> Session: Class initialized using 'CodeIgniter\Session\Handlers\FileHandler' driver.
CRITICAL - 2024-07-30 14:37:16 --> CodeIgniter\Exceptions\PageNotFoundException: Can't find a route for 'GET: video/ws'.
[Method: GET, Route: video/ws]
in SYSTEMPATH\CodeIgniter.php on line 982.
 1 SYSTEMPATH\CodeIgniter.php(982): CodeIgniter\Exceptions\PageNotFoundException::forPageNotFound('Can\'t find a route for \'GET: video/ws\'.')
 2 SYSTEMPATH\CodeIgniter.php(364): CodeIgniter\CodeIgniter->display404errors(Object(CodeIgniter\Exceptions\PageNotFoundException))
 3 SYSTEMPATH\Boot.php(312): CodeIgniter\CodeIgniter->run()
 4 SYSTEMPATH\Boot.php(67): CodeIgniter\Boot::runCodeIgniter(Object(CodeIgniter\CodeIgniter))
 5 FCPATH\index.php(56): CodeIgniter\Boot::bootWeb(Object(Config\Paths))
 6 SYSTEMPATH\Commands\Server\rewrite.php(49): require_once('D:\\xampp\\htdocs\\akcdhanusha\\public\\index.php')
INFO - 2024-07-30 14:37:41 --> Session: Class initialized using 'CodeIgniter\Session\Handlers\FileHandler' driver.
INFO - 2024-07-30 14:37:41 --> Session: Class initialized using 'CodeIgniter\Session\Handlers\FileHandler' driver.
CRITICAL - 2024-07-30 14:37:43 --> CodeIgniter\Exceptions\PageNotFoundException: Can't find a route for 'GET: video/ws'.
[Method: GET, Route: video/ws]
in SYSTEMPATH\CodeIgniter.php on line 982.
 1 SYSTEMPATH\CodeIgniter.php(982): CodeIgniter\Exceptions\PageNotFoundException::forPageNotFound('Can\'t find a route for \'GET: video/ws\'.')
 2 SYSTEMPATH\CodeIgniter.php(364): CodeIgniter\CodeIgniter->display404errors(Object(CodeIgniter\Exceptions\PageNotFoundException))
 3 SYSTEMPATH\Boot.php(312): CodeIgniter\CodeIgniter->run()
 4 SYSTEMPATH\Boot.php(67): CodeIgniter\Boot::runCodeIgniter(Object(CodeIgniter\CodeIgniter))
 5 FCPATH\index.php(56): CodeIgniter\Boot::bootWeb(Object(Config\Paths))
 6 SYSTEMPATH\Commands\Server\rewrite.php(49): require_once('D:\\xampp\\htdocs\\akcdhanusha\\public\\index.php')
INFO - 2024-07-30 14:37:45 --> Session: Class initialized using 'CodeIgniter\Session\Handlers\FileHandler' driver.
CRITICAL - 2024-07-30 14:37:46 --> CodeIgniter\Exceptions\PageNotFoundException: Can't find a route for 'GET: assets/frontend/webfonts/fa-solid-900.woff2'.
[Method: GET, Route: assets/frontend/webfonts/fa-solid-900.woff2]
in SYSTEMPATH\CodeIgniter.php on line 982.
 1 SYSTEMPATH\CodeIgniter.php(982): CodeIgniter\Exceptions\PageNotFoundException::forPageNotFound('Can\'t find a route for \'GET: assets/frontend/webfonts/fa-solid-900.woff2\'.')
 2 SYSTEMPATH\CodeIgniter.php(364): CodeIgniter\CodeIgniter->display404errors(Object(CodeIgniter\Exceptions\PageNotFoundException))
 3 SYSTEMPATH\Boot.php(312): CodeIgniter\CodeIgniter->run()
 4 SYSTEMPATH\Boot.php(67): CodeIgniter\Boot::runCodeIgniter(Object(CodeIgniter\CodeIgniter))
 5 FCPATH\index.php(56): CodeIgniter\Boot::bootWeb(Object(Config\Paths))
 6 SYSTEMPATH\Commands\Server\rewrite.php(49): require_once('D:\\xampp\\htdocs\\akcdhanusha\\public\\index.php')
CRITICAL - 2024-07-30 14:37:46 --> CodeIgniter\Exceptions\PageNotFoundException: Can't find a route for 'GET: assets/frontend/webfonts/fa-regular-400.woff2'.
[Method: GET, Route: assets/frontend/webfonts/fa-regular-400.woff2]
in SYSTEMPATH\CodeIgniter.php on line 982.
 1 SYSTEMPATH\CodeIgniter.php(982): CodeIgniter\Exceptions\PageNotFoundException::forPageNotFound('Can\'t find a route for \'GET: assets/frontend/webfonts/fa-regular-400.woff2\'.')
 2 SYSTEMPATH\CodeIgniter.php(364): CodeIgniter\CodeIgniter->display404errors(Object(CodeIgniter\Exceptions\PageNotFoundException))
 3 SYSTEMPATH\Boot.php(312): CodeIgniter\CodeIgniter->run()
 4 SYSTEMPATH\Boot.php(67): CodeIgniter\Boot::runCodeIgniter(Object(CodeIgniter\CodeIgniter))
 5 FCPATH\index.php(56): CodeIgniter\Boot::bootWeb(Object(Config\Paths))
 6 SYSTEMPATH\Commands\Server\rewrite.php(49): require_once('D:\\xampp\\htdocs\\akcdhanusha\\public\\index.php')
CRITICAL - 2024-07-30 14:37:47 --> CodeIgniter\Exceptions\PageNotFoundException: Can't find a route for 'GET: assets/frontend/webfonts/fa-brands-400.woff2'.
[Method: GET, Route: assets/frontend/webfonts/fa-brands-400.woff2]
in SYSTEMPATH\CodeIgniter.php on line 982.
 1 SYSTEMPATH\CodeIgniter.php(982): CodeIgniter\Exceptions\PageNotFoundException::forPageNotFound('Can\'t find a route for \'GET: assets/frontend/webfonts/fa-brands-400.woff2\'.')
 2 SYSTEMPATH\CodeIgniter.php(364): CodeIgniter\CodeIgniter->display404errors(Object(CodeIgniter\Exceptions\PageNotFoundException))
 3 SYSTEMPATH\Boot.php(312): CodeIgniter\CodeIgniter->run()
 4 SYSTEMPATH\Boot.php(67): CodeIgniter\Boot::runCodeIgniter(Object(CodeIgniter\CodeIgniter))
 5 FCPATH\index.php(56): CodeIgniter\Boot::bootWeb(Object(Config\Paths))
 6 SYSTEMPATH\Commands\Server\rewrite.php(49): require_once('D:\\xampp\\htdocs\\akcdhanusha\\public\\index.php')
CRITICAL - 2024-07-30 14:37:48 --> CodeIgniter\Exceptions\PageNotFoundException: Can't find a route for 'GET: assets/frontend/webfonts/fa-solid-900.woff'.
[Method: GET, Route: assets/frontend/webfonts/fa-solid-900.woff]
in SYSTEMPATH\CodeIgniter.php on line 982.
 1 SYSTEMPATH\CodeIgniter.php(982): CodeIgniter\Exceptions\PageNotFoundException::forPageNotFound('Can\'t find a route for \'GET: assets/frontend/webfonts/fa-solid-900.woff\'.')
 2 SYSTEMPATH\CodeIgniter.php(364): CodeIgniter\CodeIgniter->display404errors(Object(CodeIgniter\Exceptions\PageNotFoundException))
 3 SYSTEMPATH\Boot.php(312): CodeIgniter\CodeIgniter->run()
 4 SYSTEMPATH\Boot.php(67): CodeIgniter\Boot::runCodeIgniter(Object(CodeIgniter\CodeIgniter))
 5 FCPATH\index.php(56): CodeIgniter\Boot::bootWeb(Object(Config\Paths))
 6 SYSTEMPATH\Commands\Server\rewrite.php(49): require_once('D:\\xampp\\htdocs\\akcdhanusha\\public\\index.php')
CRITICAL - 2024-07-30 14:37:48 --> CodeIgniter\Exceptions\PageNotFoundException: Can't find a route for 'GET: assets/frontend/webfonts/fa-regular-400.woff'.
[Method: GET, Route: assets/frontend/webfonts/fa-regular-400.woff]
in SYSTEMPATH\CodeIgniter.php on line 982.
 1 SYSTEMPATH\CodeIgniter.php(982): CodeIgniter\Exceptions\PageNotFoundException::forPageNotFound('Can\'t find a route for \'GET: assets/frontend/webfonts/fa-regular-400.woff\'.')
 2 SYSTEMPATH\CodeIgniter.php(364): CodeIgniter\CodeIgniter->display404errors(Object(CodeIgniter\Exceptions\PageNotFoundException))
 3 SYSTEMPATH\Boot.php(312): CodeIgniter\CodeIgniter->run()
 4 SYSTEMPATH\Boot.php(67): CodeIgniter\Boot::runCodeIgniter(Object(CodeIgniter\CodeIgniter))
 5 FCPATH\index.php(56): CodeIgniter\Boot::bootWeb(Object(Config\Paths))
 6 SYSTEMPATH\Commands\Server\rewrite.php(49): require_once('D:\\xampp\\htdocs\\akcdhanusha\\public\\index.php')
CRITICAL - 2024-07-30 14:37:48 --> CodeIgniter\Exceptions\PageNotFoundException: Can't find a route for 'GET: assets/frontend/webfonts/fa-brands-400.woff'.
[Method: GET, Route: assets/frontend/webfonts/fa-brands-400.woff]
in SYSTEMPATH\CodeIgniter.php on line 982.
 1 SYSTEMPATH\CodeIgniter.php(982): CodeIgniter\Exceptions\PageNotFoundException::forPageNotFound('Can\'t find a route for \'GET: assets/frontend/webfonts/fa-brands-400.woff\'.')
 2 SYSTEMPATH\CodeIgniter.php(364): CodeIgniter\CodeIgniter->display404errors(Object(CodeIgniter\Exceptions\PageNotFoundException))
 3 SYSTEMPATH\Boot.php(312): CodeIgniter\CodeIgniter->run()
 4 SYSTEMPATH\Boot.php(67): CodeIgniter\Boot::runCodeIgniter(Object(CodeIgniter\CodeIgniter))
 5 FCPATH\index.php(56): CodeIgniter\Boot::bootWeb(Object(Config\Paths))
 6 SYSTEMPATH\Commands\Server\rewrite.php(49): require_once('D:\\xampp\\htdocs\\akcdhanusha\\public\\index.php')
CRITICAL - 2024-07-30 14:37:48 --> CodeIgniter\Exceptions\PageNotFoundException: Can't find a route for 'GET: ws'.
[Method: GET, Route: ws]
in SYSTEMPATH\CodeIgniter.php on line 982.
 1 SYSTEMPATH\CodeIgniter.php(982): CodeIgniter\Exceptions\PageNotFoundException::forPageNotFound('Can\'t find a route for \'GET: ws\'.')
 2 SYSTEMPATH\CodeIgniter.php(364): CodeIgniter\CodeIgniter->display404errors(Object(CodeIgniter\Exceptions\PageNotFoundException))
 3 SYSTEMPATH\Boot.php(312): CodeIgniter\CodeIgniter->run()
 4 SYSTEMPATH\Boot.php(67): CodeIgniter\Boot::runCodeIgniter(Object(CodeIgniter\CodeIgniter))
 5 FCPATH\index.php(56): CodeIgniter\Boot::bootWeb(Object(Config\Paths))
 6 SYSTEMPATH\Commands\Server\rewrite.php(49): require_once('D:\\xampp\\htdocs\\akcdhanusha\\public\\index.php')
CRITICAL - 2024-07-30 14:37:48 --> CodeIgniter\Exceptions\PageNotFoundException: Can't find a route for 'GET: assets/frontend/webfonts/fa-solid-900.ttf'.
[Method: GET, Route: assets/frontend/webfonts/fa-solid-900.ttf]
in SYSTEMPATH\CodeIgniter.php on line 982.
 1 SYSTEMPATH\CodeIgniter.php(982): CodeIgniter\Exceptions\PageNotFoundException::forPageNotFound('Can\'t find a route for \'GET: assets/frontend/webfonts/fa-solid-900.ttf\'.')
 2 SYSTEMPATH\CodeIgniter.php(364): CodeIgniter\CodeIgniter->display404errors(Object(CodeIgniter\Exceptions\PageNotFoundException))
 3 SYSTEMPATH\Boot.php(312): CodeIgniter\CodeIgniter->run()
 4 SYSTEMPATH\Boot.php(67): CodeIgniter\Boot::runCodeIgniter(Object(CodeIgniter\CodeIgniter))
 5 FCPATH\index.php(56): CodeIgniter\Boot::bootWeb(Object(Config\Paths))
 6 SYSTEMPATH\Commands\Server\rewrite.php(49): require_once('D:\\xampp\\htdocs\\akcdhanusha\\public\\index.php')
CRITICAL - 2024-07-30 14:37:48 --> CodeIgniter\Exceptions\PageNotFoundException: Can't find a route for 'GET: assets/frontend/webfonts/fa-regular-400.ttf'.
[Method: GET, Route: assets/frontend/webfonts/fa-regular-400.ttf]
in SYSTEMPATH\CodeIgniter.php on line 982.
 1 SYSTEMPATH\CodeIgniter.php(982): CodeIgniter\Exceptions\PageNotFoundException::forPageNotFound('Can\'t find a route for \'GET: assets/frontend/webfonts/fa-regular-400.ttf\'.')
 2 SYSTEMPATH\CodeIgniter.php(364): CodeIgniter\CodeIgniter->display404errors(Object(CodeIgniter\Exceptions\PageNotFoundException))
 3 SYSTEMPATH\Boot.php(312): CodeIgniter\CodeIgniter->run()
 4 SYSTEMPATH\Boot.php(67): CodeIgniter\Boot::runCodeIgniter(Object(CodeIgniter\CodeIgniter))
 5 FCPATH\index.php(56): CodeIgniter\Boot::bootWeb(Object(Config\Paths))
 6 SYSTEMPATH\Commands\Server\rewrite.php(49): require_once('D:\\xampp\\htdocs\\akcdhanusha\\public\\index.php')
CRITICAL - 2024-07-30 14:37:49 --> CodeIgniter\Exceptions\PageNotFoundException: Can't find a route for 'GET: assets/frontend/webfonts/fa-brands-400.ttf'.
[Method: GET, Route: assets/frontend/webfonts/fa-brands-400.ttf]
in SYSTEMPATH\CodeIgniter.php on line 982.
 1 SYSTEMPATH\CodeIgniter.php(982): CodeIgniter\Exceptions\PageNotFoundException::forPageNotFound('Can\'t find a route for \'GET: assets/frontend/webfonts/fa-brands-400.ttf\'.')
 2 SYSTEMPATH\CodeIgniter.php(364): CodeIgniter\CodeIgniter->display404errors(Object(CodeIgniter\Exceptions\PageNotFoundException))
 3 SYSTEMPATH\Boot.php(312): CodeIgniter\CodeIgniter->run()
 4 SYSTEMPATH\Boot.php(67): CodeIgniter\Boot::runCodeIgniter(Object(CodeIgniter\CodeIgniter))
 5 FCPATH\index.php(56): CodeIgniter\Boot::bootWeb(Object(Config\Paths))
 6 SYSTEMPATH\Commands\Server\rewrite.php(49): require_once('D:\\xampp\\htdocs\\akcdhanusha\\public\\index.php')
INFO - 2024-07-30 14:37:50 --> Session: Class initialized using 'CodeIgniter\Session\Handlers\FileHandler' driver.
CRITICAL - 2024-07-30 14:37:51 --> CodeIgniter\Exceptions\PageNotFoundException: Can't find a route for 'GET: assets/frontend/webfonts/fa-solid-900.woff2'.
[Method: GET, Route: assets/frontend/webfonts/fa-solid-900.woff2]
in SYSTEMPATH\CodeIgniter.php on line 982.
 1 SYSTEMPATH\CodeIgniter.php(982): CodeIgniter\Exceptions\PageNotFoundException::forPageNotFound('Can\'t find a route for \'GET: assets/frontend/webfonts/fa-solid-900.woff2\'.')
 2 SYSTEMPATH\CodeIgniter.php(364): CodeIgniter\CodeIgniter->display404errors(Object(CodeIgniter\Exceptions\PageNotFoundException))
 3 SYSTEMPATH\Boot.php(312): CodeIgniter\CodeIgniter->run()
 4 SYSTEMPATH\Boot.php(67): CodeIgniter\Boot::runCodeIgniter(Object(CodeIgniter\CodeIgniter))
 5 FCPATH\index.php(56): CodeIgniter\Boot::bootWeb(Object(Config\Paths))
 6 SYSTEMPATH\Commands\Server\rewrite.php(49): require_once('D:\\xampp\\htdocs\\akcdhanusha\\public\\index.php')
CRITICAL - 2024-07-30 14:37:51 --> CodeIgniter\Exceptions\PageNotFoundException: Can't find a route for 'GET: assets/frontend/webfonts/fa-brands-400.woff2'.
[Method: GET, Route: assets/frontend/webfonts/fa-brands-400.woff2]
in SYSTEMPATH\CodeIgniter.php on line 982.
 1 SYSTEMPATH\CodeIgniter.php(982): CodeIgniter\Exceptions\PageNotFoundException::forPageNotFound('Can\'t find a route for \'GET: assets/frontend/webfonts/fa-brands-400.woff2\'.')
 2 SYSTEMPATH\CodeIgniter.php(364): CodeIgniter\CodeIgniter->display404errors(Object(CodeIgniter\Exceptions\PageNotFoundException))
 3 SYSTEMPATH\Boot.php(312): CodeIgniter\CodeIgniter->run()
 4 SYSTEMPATH\Boot.php(67): CodeIgniter\Boot::runCodeIgniter(Object(CodeIgniter\CodeIgniter))
 5 FCPATH\index.php(56): CodeIgniter\Boot::bootWeb(Object(Config\Paths))
 6 SYSTEMPATH\Commands\Server\rewrite.php(49): require_once('D:\\xampp\\htdocs\\akcdhanusha\\public\\index.php')
CRITICAL - 2024-07-30 14:37:51 --> CodeIgniter\Exceptions\PageNotFoundException: Can't find a route for 'GET: assets/frontend/webfonts/fa-regular-400.woff2'.
[Method: GET, Route: assets/frontend/webfonts/fa-regular-400.woff2]
in SYSTEMPATH\CodeIgniter.php on line 982.
 1 SYSTEMPATH\CodeIgniter.php(982): CodeIgniter\Exceptions\PageNotFoundException::forPageNotFound('Can\'t find a route for \'GET: assets/frontend/webfonts/fa-regular-400.woff2\'.')
 2 SYSTEMPATH\CodeIgniter.php(364): CodeIgniter\CodeIgniter->display404errors(Object(CodeIgniter\Exceptions\PageNotFoundException))
 3 SYSTEMPATH\Boot.php(312): CodeIgniter\CodeIgniter->run()
 4 SYSTEMPATH\Boot.php(67): CodeIgniter\Boot::runCodeIgniter(Object(CodeIgniter\CodeIgniter))
 5 FCPATH\index.php(56): CodeIgniter\Boot::bootWeb(Object(Config\Paths))
 6 SYSTEMPATH\Commands\Server\rewrite.php(49): require_once('D:\\xampp\\htdocs\\akcdhanusha\\public\\index.php')
CRITICAL - 2024-07-30 14:37:52 --> CodeIgniter\Exceptions\PageNotFoundException: Can't find a route for 'GET: assets/frontend/webfonts/fa-solid-900.woff'.
[Method: GET, Route: assets/frontend/webfonts/fa-solid-900.woff]
in SYSTEMPATH\CodeIgniter.php on line 982.
 1 SYSTEMPATH\CodeIgniter.php(982): CodeIgniter\Exceptions\PageNotFoundException::forPageNotFound('Can\'t find a route for \'GET: assets/frontend/webfonts/fa-solid-900.woff\'.')
 2 SYSTEMPATH\CodeIgniter.php(364): CodeIgniter\CodeIgniter->display404errors(Object(CodeIgniter\Exceptions\PageNotFoundException))
 3 SYSTEMPATH\Boot.php(312): CodeIgniter\CodeIgniter->run()
 4 SYSTEMPATH\Boot.php(67): CodeIgniter\Boot::runCodeIgniter(Object(CodeIgniter\CodeIgniter))
 5 FCPATH\index.php(56): CodeIgniter\Boot::bootWeb(Object(Config\Paths))
 6 SYSTEMPATH\Commands\Server\rewrite.php(49): require_once('D:\\xampp\\htdocs\\akcdhanusha\\public\\index.php')
CRITICAL - 2024-07-30 14:37:52 --> CodeIgniter\Exceptions\PageNotFoundException: Can't find a route for 'GET: ws'.
[Method: GET, Route: ws]
in SYSTEMPATH\CodeIgniter.php on line 982.
 1 SYSTEMPATH\CodeIgniter.php(982): CodeIgniter\Exceptions\PageNotFoundException::forPageNotFound('Can\'t find a route for \'GET: ws\'.')
 2 SYSTEMPATH\CodeIgniter.php(364): CodeIgniter\CodeIgniter->display404errors(Object(CodeIgniter\Exceptions\PageNotFoundException))
 3 SYSTEMPATH\Boot.php(312): CodeIgniter\CodeIgniter->run()
 4 SYSTEMPATH\Boot.php(67): CodeIgniter\Boot::runCodeIgniter(Object(CodeIgniter\CodeIgniter))
 5 FCPATH\index.php(56): CodeIgniter\Boot::bootWeb(Object(Config\Paths))
 6 SYSTEMPATH\Commands\Server\rewrite.php(49): require_once('D:\\xampp\\htdocs\\akcdhanusha\\public\\index.php')
CRITICAL - 2024-07-30 14:37:52 --> CodeIgniter\Exceptions\PageNotFoundException: Can't find a route for 'GET: assets/frontend/webfonts/fa-brands-400.woff'.
[Method: GET, Route: assets/frontend/webfonts/fa-brands-400.woff]
in SYSTEMPATH\CodeIgniter.php on line 982.
 1 SYSTEMPATH\CodeIgniter.php(982): CodeIgniter\Exceptions\PageNotFoundException::forPageNotFound('Can\'t find a route for \'GET: assets/frontend/webfonts/fa-brands-400.woff\'.')
 2 SYSTEMPATH\CodeIgniter.php(364): CodeIgniter\CodeIgniter->display404errors(Object(CodeIgniter\Exceptions\PageNotFoundException))
 3 SYSTEMPATH\Boot.php(312): CodeIgniter\CodeIgniter->run()
 4 SYSTEMPATH\Boot.php(67): CodeIgniter\Boot::runCodeIgniter(Object(CodeIgniter\CodeIgniter))
 5 FCPATH\index.php(56): CodeIgniter\Boot::bootWeb(Object(Config\Paths))
 6 SYSTEMPATH\Commands\Server\rewrite.php(49): require_once('D:\\xampp\\htdocs\\akcdhanusha\\public\\index.php')
CRITICAL - 2024-07-30 14:37:52 --> CodeIgniter\Exceptions\PageNotFoundException: Can't find a route for 'GET: assets/frontend/webfonts/fa-regular-400.woff'.
[Method: GET, Route: assets/frontend/webfonts/fa-regular-400.woff]
in SYSTEMPATH\CodeIgniter.php on line 982.
 1 SYSTEMPATH\CodeIgniter.php(982): CodeIgniter\Exceptions\PageNotFoundException::forPageNotFound('Can\'t find a route for \'GET: assets/frontend/webfonts/fa-regular-400.woff\'.')
 2 SYSTEMPATH\CodeIgniter.php(364): CodeIgniter\CodeIgniter->display404errors(Object(CodeIgniter\Exceptions\PageNotFoundException))
 3 SYSTEMPATH\Boot.php(312): CodeIgniter\CodeIgniter->run()
 4 SYSTEMPATH\Boot.php(67): CodeIgniter\Boot::runCodeIgniter(Object(CodeIgniter\CodeIgniter))
 5 FCPATH\index.php(56): CodeIgniter\Boot::bootWeb(Object(Config\Paths))
 6 SYSTEMPATH\Commands\Server\rewrite.php(49): require_once('D:\\xampp\\htdocs\\akcdhanusha\\public\\index.php')
CRITICAL - 2024-07-30 14:37:53 --> CodeIgniter\Exceptions\PageNotFoundException: Can't find a route for 'GET: assets/frontend/webfonts/fa-solid-900.ttf'.
[Method: GET, Route: assets/frontend/webfonts/fa-solid-900.ttf]
in SYSTEMPATH\CodeIgniter.php on line 982.
 1 SYSTEMPATH\CodeIgniter.php(982): CodeIgniter\Exceptions\PageNotFoundException::forPageNotFound('Can\'t find a route for \'GET: assets/frontend/webfonts/fa-solid-900.ttf\'.')
 2 SYSTEMPATH\CodeIgniter.php(364): CodeIgniter\CodeIgniter->display404errors(Object(CodeIgniter\Exceptions\PageNotFoundException))
 3 SYSTEMPATH\Boot.php(312): CodeIgniter\CodeIgniter->run()
 4 SYSTEMPATH\Boot.php(67): CodeIgniter\Boot::runCodeIgniter(Object(CodeIgniter\CodeIgniter))
 5 FCPATH\index.php(56): CodeIgniter\Boot::bootWeb(Object(Config\Paths))
 6 SYSTEMPATH\Commands\Server\rewrite.php(49): require_once('D:\\xampp\\htdocs\\akcdhanusha\\public\\index.php')
CRITICAL - 2024-07-30 14:37:53 --> CodeIgniter\Exceptions\PageNotFoundException: Can't find a route for 'GET: assets/frontend/webfonts/fa-brands-400.ttf'.
[Method: GET, Route: assets/frontend/webfonts/fa-brands-400.ttf]
in SYSTEMPATH\CodeIgniter.php on line 982.
 1 SYSTEMPATH\CodeIgniter.php(982): CodeIgniter\Exceptions\PageNotFoundException::forPageNotFound('Can\'t find a route for \'GET: assets/frontend/webfonts/fa-brands-400.ttf\'.')
 2 SYSTEMPATH\CodeIgniter.php(364): CodeIgniter\CodeIgniter->display404errors(Object(CodeIgniter\Exceptions\PageNotFoundException))
 3 SYSTEMPATH\Boot.php(312): CodeIgniter\CodeIgniter->run()
 4 SYSTEMPATH\Boot.php(67): CodeIgniter\Boot::runCodeIgniter(Object(CodeIgniter\CodeIgniter))
 5 FCPATH\index.php(56): CodeIgniter\Boot::bootWeb(Object(Config\Paths))
 6 SYSTEMPATH\Commands\Server\rewrite.php(49): require_once('D:\\xampp\\htdocs\\akcdhanusha\\public\\index.php')
CRITICAL - 2024-07-30 14:37:53 --> CodeIgniter\Exceptions\PageNotFoundException: Can't find a route for 'GET: assets/frontend/webfonts/fa-regular-400.ttf'.
[Method: GET, Route: assets/frontend/webfonts/fa-regular-400.ttf]
in SYSTEMPATH\CodeIgniter.php on line 982.
 1 SYSTEMPATH\CodeIgniter.php(982): CodeIgniter\Exceptions\PageNotFoundException::forPageNotFound('Can\'t find a route for \'GET: assets/frontend/webfonts/fa-regular-400.ttf\'.')
 2 SYSTEMPATH\CodeIgniter.php(364): CodeIgniter\CodeIgniter->display404errors(Object(CodeIgniter\Exceptions\PageNotFoundException))
 3 SYSTEMPATH\Boot.php(312): CodeIgniter\CodeIgniter->run()
 4 SYSTEMPATH\Boot.php(67): CodeIgniter\Boot::runCodeIgniter(Object(CodeIgniter\CodeIgniter))
 5 FCPATH\index.php(56): CodeIgniter\Boot::bootWeb(Object(Config\Paths))
 6 SYSTEMPATH\Commands\Server\rewrite.php(49): require_once('D:\\xampp\\htdocs\\akcdhanusha\\public\\index.php')
INFO - 2024-07-30 14:38:04 --> Session: Class initialized using 'CodeIgniter\Session\Handlers\FileHandler' driver.
CRITICAL - 2024-07-30 14:38:05 --> CodeIgniter\Exceptions\PageNotFoundException: Can't find a route for 'GET: assets/frontend/webfonts/fa-solid-900.woff2'.
[Method: GET, Route: assets/frontend/webfonts/fa-solid-900.woff2]
in SYSTEMPATH\CodeIgniter.php on line 982.
 1 SYSTEMPATH\CodeIgniter.php(982): CodeIgniter\Exceptions\PageNotFoundException::forPageNotFound('Can\'t find a route for \'GET: assets/frontend/webfonts/fa-solid-900.woff2\'.')
 2 SYSTEMPATH\CodeIgniter.php(364): CodeIgniter\CodeIgniter->display404errors(Object(CodeIgniter\Exceptions\PageNotFoundException))
 3 SYSTEMPATH\Boot.php(312): CodeIgniter\CodeIgniter->run()
 4 SYSTEMPATH\Boot.php(67): CodeIgniter\Boot::runCodeIgniter(Object(CodeIgniter\CodeIgniter))
 5 FCPATH\index.php(56): CodeIgniter\Boot::bootWeb(Object(Config\Paths))
 6 SYSTEMPATH\Commands\Server\rewrite.php(49): require_once('D:\\xampp\\htdocs\\akcdhanusha\\public\\index.php')
CRITICAL - 2024-07-30 14:38:05 --> CodeIgniter\Exceptions\PageNotFoundException: Can't find a route for 'GET: assets/frontend/webfonts/fa-brands-400.woff2'.
[Method: GET, Route: assets/frontend/webfonts/fa-brands-400.woff2]
in SYSTEMPATH\CodeIgniter.php on line 982.
 1 SYSTEMPATH\CodeIgniter.php(982): CodeIgniter\Exceptions\PageNotFoundException::forPageNotFound('Can\'t find a route for \'GET: assets/frontend/webfonts/fa-brands-400.woff2\'.')
 2 SYSTEMPATH\CodeIgniter.php(364): CodeIgniter\CodeIgniter->display404errors(Object(CodeIgniter\Exceptions\PageNotFoundException))
 3 SYSTEMPATH\Boot.php(312): CodeIgniter\CodeIgniter->run()
 4 SYSTEMPATH\Boot.php(67): CodeIgniter\Boot::runCodeIgniter(Object(CodeIgniter\CodeIgniter))
 5 FCPATH\index.php(56): CodeIgniter\Boot::bootWeb(Object(Config\Paths))
 6 SYSTEMPATH\Commands\Server\rewrite.php(49): require_once('D:\\xampp\\htdocs\\akcdhanusha\\public\\index.php')
CRITICAL - 2024-07-30 14:38:05 --> CodeIgniter\Exceptions\PageNotFoundException: Can't find a route for 'GET: video-gallery/ws'.
[Method: GET, Route: video-gallery/ws]
in SYSTEMPATH\CodeIgniter.php on line 982.
 1 SYSTEMPATH\CodeIgniter.php(982): CodeIgniter\Exceptions\PageNotFoundException::forPageNotFound('Can\'t find a route for \'GET: video-gallery/ws\'.')
 2 SYSTEMPATH\CodeIgniter.php(364): CodeIgniter\CodeIgniter->display404errors(Object(CodeIgniter\Exceptions\PageNotFoundException))
 3 SYSTEMPATH\Boot.php(312): CodeIgniter\CodeIgniter->run()
 4 SYSTEMPATH\Boot.php(67): CodeIgniter\Boot::runCodeIgniter(Object(CodeIgniter\CodeIgniter))
 5 FCPATH\index.php(56): CodeIgniter\Boot::bootWeb(Object(Config\Paths))
 6 SYSTEMPATH\Commands\Server\rewrite.php(49): require_once('D:\\xampp\\htdocs\\akcdhanusha\\public\\index.php')
CRITICAL - 2024-07-30 14:38:05 --> CodeIgniter\Exceptions\PageNotFoundException: Can't find a route for 'GET: assets/frontend/webfonts/fa-solid-900.woff'.
[Method: GET, Route: assets/frontend/webfonts/fa-solid-900.woff]
in SYSTEMPATH\CodeIgniter.php on line 982.
 1 SYSTEMPATH\CodeIgniter.php(982): CodeIgniter\Exceptions\PageNotFoundException::forPageNotFound('Can\'t find a route for \'GET: assets/frontend/webfonts/fa-solid-900.woff\'.')
 2 SYSTEMPATH\CodeIgniter.php(364): CodeIgniter\CodeIgniter->display404errors(Object(CodeIgniter\Exceptions\PageNotFoundException))
 3 SYSTEMPATH\Boot.php(312): CodeIgniter\CodeIgniter->run()
 4 SYSTEMPATH\Boot.php(67): CodeIgniter\Boot::runCodeIgniter(Object(CodeIgniter\CodeIgniter))
 5 FCPATH\index.php(56): CodeIgniter\Boot::bootWeb(Object(Config\Paths))
 6 SYSTEMPATH\Commands\Server\rewrite.php(49): require_once('D:\\xampp\\htdocs\\akcdhanusha\\public\\index.php')
CRITICAL - 2024-07-30 14:38:06 --> CodeIgniter\Exceptions\PageNotFoundException: Can't find a route for 'GET: assets/frontend/webfonts/fa-brands-400.woff'.
[Method: GET, Route: assets/frontend/webfonts/fa-brands-400.woff]
in SYSTEMPATH\CodeIgniter.php on line 982.
 1 SYSTEMPATH\CodeIgniter.php(982): CodeIgniter\Exceptions\PageNotFoundException::forPageNotFound('Can\'t find a route for \'GET: assets/frontend/webfonts/fa-brands-400.woff\'.')
 2 SYSTEMPATH\CodeIgniter.php(364): CodeIgniter\CodeIgniter->display404errors(Object(CodeIgniter\Exceptions\PageNotFoundException))
 3 SYSTEMPATH\Boot.php(312): CodeIgniter\CodeIgniter->run()
 4 SYSTEMPATH\Boot.php(67): CodeIgniter\Boot::runCodeIgniter(Object(CodeIgniter\CodeIgniter))
 5 FCPATH\index.php(56): CodeIgniter\Boot::bootWeb(Object(Config\Paths))
 6 SYSTEMPATH\Commands\Server\rewrite.php(49): require_once('D:\\xampp\\htdocs\\akcdhanusha\\public\\index.php')
CRITICAL - 2024-07-30 14:38:06 --> CodeIgniter\Exceptions\PageNotFoundException: Can't find a route for 'GET: assets/frontend/webfonts/fa-solid-900.ttf'.
[Method: GET, Route: assets/frontend/webfonts/fa-solid-900.ttf]
in SYSTEMPATH\CodeIgniter.php on line 982.
 1 SYSTEMPATH\CodeIgniter.php(982): CodeIgniter\Exceptions\PageNotFoundException::forPageNotFound('Can\'t find a route for \'GET: assets/frontend/webfonts/fa-solid-900.ttf\'.')
 2 SYSTEMPATH\CodeIgniter.php(364): CodeIgniter\CodeIgniter->display404errors(Object(CodeIgniter\Exceptions\PageNotFoundException))
 3 SYSTEMPATH\Boot.php(312): CodeIgniter\CodeIgniter->run()
 4 SYSTEMPATH\Boot.php(67): CodeIgniter\Boot::runCodeIgniter(Object(CodeIgniter\CodeIgniter))
 5 FCPATH\index.php(56): CodeIgniter\Boot::bootWeb(Object(Config\Paths))
 6 SYSTEMPATH\Commands\Server\rewrite.php(49): require_once('D:\\xampp\\htdocs\\akcdhanusha\\public\\index.php')
CRITICAL - 2024-07-30 14:38:06 --> CodeIgniter\Exceptions\PageNotFoundException: Can't find a route for 'GET: assets/frontend/webfonts/fa-brands-400.ttf'.
[Method: GET, Route: assets/frontend/webfonts/fa-brands-400.ttf]
in SYSTEMPATH\CodeIgniter.php on line 982.
 1 SYSTEMPATH\CodeIgniter.php(982): CodeIgniter\Exceptions\PageNotFoundException::forPageNotFound('Can\'t find a route for \'GET: assets/frontend/webfonts/fa-brands-400.ttf\'.')
 2 SYSTEMPATH\CodeIgniter.php(364): CodeIgniter\CodeIgniter->display404errors(Object(CodeIgniter\Exceptions\PageNotFoundException))
 3 SYSTEMPATH\Boot.php(312): CodeIgniter\CodeIgniter->run()
 4 SYSTEMPATH\Boot.php(67): CodeIgniter\Boot::runCodeIgniter(Object(CodeIgniter\CodeIgniter))
 5 FCPATH\index.php(56): CodeIgniter\Boot::bootWeb(Object(Config\Paths))
 6 SYSTEMPATH\Commands\Server\rewrite.php(49): require_once('D:\\xampp\\htdocs\\akcdhanusha\\public\\index.php')
CRITICAL - 2024-07-30 14:40:29 --> CodeIgniter\Exceptions\PageNotFoundException: Can't find a route for 'OPTIONS: assets/uploads/1722149787_b96ee5ce616c6c885cbd.jpg'.
[Method: OPTIONS, Route: assets/uploads/1722149787_b96ee5ce616c6c885cbd.jpg]
in SYSTEMPATH\CodeIgniter.php on line 982.
 1 SYSTEMPATH\CodeIgniter.php(982): CodeIgniter\Exceptions\PageNotFoundException::forPageNotFound('Can\'t find a route for \'OPTIONS: assets/uploads/1722149787_b96ee5ce616c6c885cbd.jpg\'.')
 2 SYSTEMPATH\CodeIgniter.php(364): CodeIgniter\CodeIgniter->display404errors(Object(CodeIgniter\Exceptions\PageNotFoundException))
 3 SYSTEMPATH\Boot.php(312): CodeIgniter\CodeIgniter->run()
 4 SYSTEMPATH\Boot.php(67): CodeIgniter\Boot::runCodeIgniter(Object(CodeIgniter\CodeIgniter))
 5 FCPATH\index.php(56): CodeIgniter\Boot::bootWeb(Object(Config\Paths))
 6 SYSTEMPATH\Commands\Server\rewrite.php(49): require_once('D:\\xampp\\htdocs\\akcdhanusha\\public\\index.php')
CRITICAL - 2024-07-30 14:40:29 --> CodeIgniter\Exceptions\PageNotFoundException: Can't find a route for 'OPTIONS: assets/uploads/1722149425_51330136deb27a16a44c.jpg'.
[Method: OPTIONS, Route: assets/uploads/1722149425_51330136deb27a16a44c.jpg]
in SYSTEMPATH\CodeIgniter.php on line 982.
 1 SYSTEMPATH\CodeIgniter.php(982): CodeIgniter\Exceptions\PageNotFoundException::forPageNotFound('Can\'t find a route for \'OPTIONS: assets/uploads/1722149425_51330136deb27a16a44c.jpg\'.')
 2 SYSTEMPATH\CodeIgniter.php(364): CodeIgniter\CodeIgniter->display404errors(Object(CodeIgniter\Exceptions\PageNotFoundException))
 3 SYSTEMPATH\Boot.php(312): CodeIgniter\CodeIgniter->run()
 4 SYSTEMPATH\Boot.php(67): CodeIgniter\Boot::runCodeIgniter(Object(CodeIgniter\CodeIgniter))
 5 FCPATH\index.php(56): CodeIgniter\Boot::bootWeb(Object(Config\Paths))
 6 SYSTEMPATH\Commands\Server\rewrite.php(49): require_once('D:\\xampp\\htdocs\\akcdhanusha\\public\\index.php')
CRITICAL - 2024-07-30 14:40:29 --> CodeIgniter\Exceptions\PageNotFoundException: Can't find a route for 'GET: assets/uploads/1722149787_b96ee5ce616c6c885cbd.jpg'.
[Method: GET, Route: assets/uploads/1722149787_b96ee5ce616c6c885cbd.jpg]
in SYSTEMPATH\CodeIgniter.php on line 982.
 1 SYSTEMPATH\CodeIgniter.php(982): CodeIgniter\Exceptions\PageNotFoundException::forPageNotFound('Can\'t find a route for \'GET: assets/uploads/1722149787_b96ee5ce616c6c885cbd.jpg\'.')
 2 SYSTEMPATH\CodeIgniter.php(364): CodeIgniter\CodeIgniter->display404errors(Object(CodeIgniter\Exceptions\PageNotFoundException))
 3 SYSTEMPATH\Boot.php(312): CodeIgniter\CodeIgniter->run()
 4 SYSTEMPATH\Boot.php(67): CodeIgniter\Boot::runCodeIgniter(Object(CodeIgniter\CodeIgniter))
 5 FCPATH\index.php(56): CodeIgniter\Boot::bootWeb(Object(Config\Paths))
 6 SYSTEMPATH\Commands\Server\rewrite.php(49): require_once('D:\\xampp\\htdocs\\akcdhanusha\\public\\index.php')
CRITICAL - 2024-07-30 14:40:29 --> CodeIgniter\Exceptions\PageNotFoundException: Can't find a route for 'OPTIONS: assets/uploads/1722149581_46b46b5ae2d8aae3971a.jpg'.
[Method: OPTIONS, Route: assets/uploads/1722149581_46b46b5ae2d8aae3971a.jpg]
in SYSTEMPATH\CodeIgniter.php on line 982.
 1 SYSTEMPATH\CodeIgniter.php(982): CodeIgniter\Exceptions\PageNotFoundException::forPageNotFound('Can\'t find a route for \'OPTIONS: assets/uploads/1722149581_46b46b5ae2d8aae3971a.jpg\'.')
 2 SYSTEMPATH\CodeIgniter.php(364): CodeIgniter\CodeIgniter->display404errors(Object(CodeIgniter\Exceptions\PageNotFoundException))
 3 SYSTEMPATH\Boot.php(312): CodeIgniter\CodeIgniter->run()
 4 SYSTEMPATH\Boot.php(67): CodeIgniter\Boot::runCodeIgniter(Object(CodeIgniter\CodeIgniter))
 5 FCPATH\index.php(56): CodeIgniter\Boot::bootWeb(Object(Config\Paths))
 6 SYSTEMPATH\Commands\Server\rewrite.php(49): require_once('D:\\xampp\\htdocs\\akcdhanusha\\public\\index.php')
CRITICAL - 2024-07-30 14:40:29 --> CodeIgniter\Exceptions\PageNotFoundException: Can't find a route for 'GET: assets/uploads/1722149425_51330136deb27a16a44c.jpg'.
[Method: GET, Route: assets/uploads/1722149425_51330136deb27a16a44c.jpg]
in SYSTEMPATH\CodeIgniter.php on line 982.
 1 SYSTEMPATH\CodeIgniter.php(982): CodeIgniter\Exceptions\PageNotFoundException::forPageNotFound('Can\'t find a route for \'GET: assets/uploads/1722149425_51330136deb27a16a44c.jpg\'.')
 2 SYSTEMPATH\CodeIgniter.php(364): CodeIgniter\CodeIgniter->display404errors(Object(CodeIgniter\Exceptions\PageNotFoundException))
 3 SYSTEMPATH\Boot.php(312): CodeIgniter\CodeIgniter->run()
 4 SYSTEMPATH\Boot.php(67): CodeIgniter\Boot::runCodeIgniter(Object(CodeIgniter\CodeIgniter))
 5 FCPATH\index.php(56): CodeIgniter\Boot::bootWeb(Object(Config\Paths))
 6 SYSTEMPATH\Commands\Server\rewrite.php(49): require_once('D:\\xampp\\htdocs\\akcdhanusha\\public\\index.php')
CRITICAL - 2024-07-30 14:40:30 --> CodeIgniter\Exceptions\PageNotFoundException: Can't find a route for 'GET: assets/uploads/1722149581_46b46b5ae2d8aae3971a.jpg'.
[Method: GET, Route: assets/uploads/1722149581_46b46b5ae2d8aae3971a.jpg]
in SYSTEMPATH\CodeIgniter.php on line 982.
 1 SYSTEMPATH\CodeIgniter.php(982): CodeIgniter\Exceptions\PageNotFoundException::forPageNotFound('Can\'t find a route for \'GET: assets/uploads/1722149581_46b46b5ae2d8aae3971a.jpg\'.')
 2 SYSTEMPATH\CodeIgniter.php(364): CodeIgniter\CodeIgniter->display404errors(Object(CodeIgniter\Exceptions\PageNotFoundException))
 3 SYSTEMPATH\Boot.php(312): CodeIgniter\CodeIgniter->run()
 4 SYSTEMPATH\Boot.php(67): CodeIgniter\Boot::runCodeIgniter(Object(CodeIgniter\CodeIgniter))
 5 FCPATH\index.php(56): CodeIgniter\Boot::bootWeb(Object(Config\Paths))
 6 SYSTEMPATH\Commands\Server\rewrite.php(49): require_once('D:\\xampp\\htdocs\\akcdhanusha\\public\\index.php')
CRITICAL - 2024-07-30 14:40:30 --> CodeIgniter\Exceptions\PageNotFoundException: Can't find a route for 'GET: assets/uploads/1722149662_f87c7c039945e43ef96a.jpg'.
[Method: GET, Route: assets/uploads/1722149662_f87c7c039945e43ef96a.jpg]
in SYSTEMPATH\CodeIgniter.php on line 982.
 1 SYSTEMPATH\CodeIgniter.php(982): CodeIgniter\Exceptions\PageNotFoundException::forPageNotFound('Can\'t find a route for \'GET: assets/uploads/1722149662_f87c7c039945e43ef96a.jpg\'.')
 2 SYSTEMPATH\CodeIgniter.php(364): CodeIgniter\CodeIgniter->display404errors(Object(CodeIgniter\Exceptions\PageNotFoundException))
 3 SYSTEMPATH\Boot.php(312): CodeIgniter\CodeIgniter->run()
 4 SYSTEMPATH\Boot.php(67): CodeIgniter\Boot::runCodeIgniter(Object(CodeIgniter\CodeIgniter))
 5 FCPATH\index.php(56): CodeIgniter\Boot::bootWeb(Object(Config\Paths))
 6 SYSTEMPATH\Commands\Server\rewrite.php(49): require_once('D:\\xampp\\htdocs\\akcdhanusha\\public\\index.php')
CRITICAL - 2024-07-30 14:40:30 --> CodeIgniter\Exceptions\PageNotFoundException: Can't find a route for 'GET: assets/uploads/1722149874_f7a1e707879f45bed5f3.jpg'.
[Method: GET, Route: assets/uploads/1722149874_f7a1e707879f45bed5f3.jpg]
in SYSTEMPATH\CodeIgniter.php on line 982.
 1 SYSTEMPATH\CodeIgniter.php(982): CodeIgniter\Exceptions\PageNotFoundException::forPageNotFound('Can\'t find a route for \'GET: assets/uploads/1722149874_f7a1e707879f45bed5f3.jpg\'.')
 2 SYSTEMPATH\CodeIgniter.php(364): CodeIgniter\CodeIgniter->display404errors(Object(CodeIgniter\Exceptions\PageNotFoundException))
 3 SYSTEMPATH\Boot.php(312): CodeIgniter\CodeIgniter->run()
 4 SYSTEMPATH\Boot.php(67): CodeIgniter\Boot::runCodeIgniter(Object(CodeIgniter\CodeIgniter))
 5 FCPATH\index.php(56): CodeIgniter\Boot::bootWeb(Object(Config\Paths))
 6 SYSTEMPATH\Commands\Server\rewrite.php(49): require_once('D:\\xampp\\htdocs\\akcdhanusha\\public\\index.php')
CRITICAL - 2024-07-30 14:40:30 --> CodeIgniter\Exceptions\PageNotFoundException: Can't find a route for 'OPTIONS: assets/uploads/1722149662_f87c7c039945e43ef96a.jpg'.
[Method: OPTIONS, Route: assets/uploads/1722149662_f87c7c039945e43ef96a.jpg]
in SYSTEMPATH\CodeIgniter.php on line 982.
 1 SYSTEMPATH\CodeIgniter.php(982): CodeIgniter\Exceptions\PageNotFoundException::forPageNotFound('Can\'t find a route for \'OPTIONS: assets/uploads/1722149662_f87c7c039945e43ef96a.jpg\'.')
 2 SYSTEMPATH\CodeIgniter.php(364): CodeIgniter\CodeIgniter->display404errors(Object(CodeIgniter\Exceptions\PageNotFoundException))
 3 SYSTEMPATH\Boot.php(312): CodeIgniter\CodeIgniter->run()
 4 SYSTEMPATH\Boot.php(67): CodeIgniter\Boot::runCodeIgniter(Object(CodeIgniter\CodeIgniter))
 5 FCPATH\index.php(56): CodeIgniter\Boot::bootWeb(Object(Config\Paths))
 6 SYSTEMPATH\Commands\Server\rewrite.php(49): require_once('D:\\xampp\\htdocs\\akcdhanusha\\public\\index.php')
CRITICAL - 2024-07-30 14:40:30 --> CodeIgniter\Exceptions\PageNotFoundException: Can't find a route for 'OPTIONS: assets/uploads/1722149874_f7a1e707879f45bed5f3.jpg'.
[Method: OPTIONS, Route: assets/uploads/1722149874_f7a1e707879f45bed5f3.jpg]
in SYSTEMPATH\CodeIgniter.php on line 982.
 1 SYSTEMPATH\CodeIgniter.php(982): CodeIgniter\Exceptions\PageNotFoundException::forPageNotFound('Can\'t find a route for \'OPTIONS: assets/uploads/1722149874_f7a1e707879f45bed5f3.jpg\'.')
 2 SYSTEMPATH\CodeIgniter.php(364): CodeIgniter\CodeIgniter->display404errors(Object(CodeIgniter\Exceptions\PageNotFoundException))
 3 SYSTEMPATH\Boot.php(312): CodeIgniter\CodeIgniter->run()
 4 SYSTEMPATH\Boot.php(67): CodeIgniter\Boot::runCodeIgniter(Object(CodeIgniter\CodeIgniter))
 5 FCPATH\index.php(56): CodeIgniter\Boot::bootWeb(Object(Config\Paths))
 6 SYSTEMPATH\Commands\Server\rewrite.php(49): require_once('D:\\xampp\\htdocs\\akcdhanusha\\public\\index.php')
CRITICAL - 2024-07-30 14:40:30 --> CodeIgniter\Exceptions\PageNotFoundException: Can't find a route for 'OPTIONS: assets/uploads/1722150116_24de7a89baecd0485747.jpg'.
[Method: OPTIONS, Route: assets/uploads/1722150116_24de7a89baecd0485747.jpg]
in SYSTEMPATH\CodeIgniter.php on line 982.
 1 SYSTEMPATH\CodeIgniter.php(982): CodeIgniter\Exceptions\PageNotFoundException::forPageNotFound('Can\'t find a route for \'OPTIONS: assets/uploads/1722150116_24de7a89baecd0485747.jpg\'.')
 2 SYSTEMPATH\CodeIgniter.php(364): CodeIgniter\CodeIgniter->display404errors(Object(CodeIgniter\Exceptions\PageNotFoundException))
 3 SYSTEMPATH\Boot.php(312): CodeIgniter\CodeIgniter->run()
 4 SYSTEMPATH\Boot.php(67): CodeIgniter\Boot::runCodeIgniter(Object(CodeIgniter\CodeIgniter))
 5 FCPATH\index.php(56): CodeIgniter\Boot::bootWeb(Object(Config\Paths))
 6 SYSTEMPATH\Commands\Server\rewrite.php(49): require_once('D:\\xampp\\htdocs\\akcdhanusha\\public\\index.php')
CRITICAL - 2024-07-30 14:40:30 --> CodeIgniter\Exceptions\PageNotFoundException: Can't find a route for 'GET: assets/uploads/1722150116_24de7a89baecd0485747.jpg'.
[Method: GET, Route: assets/uploads/1722150116_24de7a89baecd0485747.jpg]
in SYSTEMPATH\CodeIgniter.php on line 982.
 1 SYSTEMPATH\CodeIgniter.php(982): CodeIgniter\Exceptions\PageNotFoundException::forPageNotFound('Can\'t find a route for \'GET: assets/uploads/1722150116_24de7a89baecd0485747.jpg\'.')
 2 SYSTEMPATH\CodeIgniter.php(364): CodeIgniter\CodeIgniter->display404errors(Object(CodeIgniter\Exceptions\PageNotFoundException))
 3 SYSTEMPATH\Boot.php(312): CodeIgniter\CodeIgniter->run()
 4 SYSTEMPATH\Boot.php(67): CodeIgniter\Boot::runCodeIgniter(Object(CodeIgniter\CodeIgniter))
 5 FCPATH\index.php(56): CodeIgniter\Boot::bootWeb(Object(Config\Paths))
 6 SYSTEMPATH\Commands\Server\rewrite.php(49): require_once('D:\\xampp\\htdocs\\akcdhanusha\\public\\index.php')
CRITICAL - 2024-07-30 14:40:46 --> CodeIgniter\Exceptions\PageNotFoundException: Can't find a route for 'GET: assets/uploads/1722149787_b96ee5ce616c6c885cbd.jpg'.
[Method: GET, Route: assets/uploads/1722149787_b96ee5ce616c6c885cbd.jpg]
in SYSTEMPATH\CodeIgniter.php on line 982.
 1 SYSTEMPATH\CodeIgniter.php(982): CodeIgniter\Exceptions\PageNotFoundException::forPageNotFound('Can\'t find a route for \'GET: assets/uploads/1722149787_b96ee5ce616c6c885cbd.jpg\'.')
 2 SYSTEMPATH\CodeIgniter.php(364): CodeIgniter\CodeIgniter->display404errors(Object(CodeIgniter\Exceptions\PageNotFoundException))
 3 SYSTEMPATH\Boot.php(312): CodeIgniter\CodeIgniter->run()
 4 SYSTEMPATH\Boot.php(67): CodeIgniter\Boot::runCodeIgniter(Object(CodeIgniter\CodeIgniter))
 5 FCPATH\index.php(56): CodeIgniter\Boot::bootWeb(Object(Config\Paths))
 6 SYSTEMPATH\Commands\Server\rewrite.php(49): require_once('D:\\xampp\\htdocs\\akcdhanusha\\public\\index.php')
CRITICAL - 2024-07-30 14:41:03 --> CodeIgniter\Exceptions\PageNotFoundException: Can't find a route for 'OPTIONS: assets/uploads/1722149787_b96ee5ce616c6c885cbd.jpg'.
[Method: OPTIONS, Route: assets/uploads/1722149787_b96ee5ce616c6c885cbd.jpg]
in SYSTEMPATH\CodeIgniter.php on line 982.
 1 SYSTEMPATH\CodeIgniter.php(982): CodeIgniter\Exceptions\PageNotFoundException::forPageNotFound('Can\'t find a route for \'OPTIONS: assets/uploads/1722149787_b96ee5ce616c6c885cbd.jpg\'.')
 2 SYSTEMPATH\CodeIgniter.php(364): CodeIgniter\CodeIgniter->display404errors(Object(CodeIgniter\Exceptions\PageNotFoundException))
 3 SYSTEMPATH\Boot.php(312): CodeIgniter\CodeIgniter->run()
 4 SYSTEMPATH\Boot.php(67): CodeIgniter\Boot::runCodeIgniter(Object(CodeIgniter\CodeIgniter))
 5 FCPATH\index.php(56): CodeIgniter\Boot::bootWeb(Object(Config\Paths))
 6 SYSTEMPATH\Commands\Server\rewrite.php(49): require_once('D:\\xampp\\htdocs\\akcdhanusha\\public\\index.php')
CRITICAL - 2024-07-30 14:41:03 --> CodeIgniter\Exceptions\PageNotFoundException: Can't find a route for 'OPTIONS: assets/uploads/1722149425_51330136deb27a16a44c.jpg'.
[Method: OPTIONS, Route: assets/uploads/1722149425_51330136deb27a16a44c.jpg]
in SYSTEMPATH\CodeIgniter.php on line 982.
 1 SYSTEMPATH\CodeIgniter.php(982): CodeIgniter\Exceptions\PageNotFoundException::forPageNotFound('Can\'t find a route for \'OPTIONS: assets/uploads/1722149425_51330136deb27a16a44c.jpg\'.')
 2 SYSTEMPATH\CodeIgniter.php(364): CodeIgniter\CodeIgniter->display404errors(Object(CodeIgniter\Exceptions\PageNotFoundException))
 3 SYSTEMPATH\Boot.php(312): CodeIgniter\CodeIgniter->run()
 4 SYSTEMPATH\Boot.php(67): CodeIgniter\Boot::runCodeIgniter(Object(CodeIgniter\CodeIgniter))
 5 FCPATH\index.php(56): CodeIgniter\Boot::bootWeb(Object(Config\Paths))
 6 SYSTEMPATH\Commands\Server\rewrite.php(49): require_once('D:\\xampp\\htdocs\\akcdhanusha\\public\\index.php')
CRITICAL - 2024-07-30 14:41:03 --> CodeIgniter\Exceptions\PageNotFoundException: Can't find a route for 'GET: assets/uploads/1722149787_b96ee5ce616c6c885cbd.jpg'.
[Method: GET, Route: assets/uploads/1722149787_b96ee5ce616c6c885cbd.jpg]
in SYSTEMPATH\CodeIgniter.php on line 982.
 1 SYSTEMPATH\CodeIgniter.php(982): CodeIgniter\Exceptions\PageNotFoundException::forPageNotFound('Can\'t find a route for \'GET: assets/uploads/1722149787_b96ee5ce616c6c885cbd.jpg\'.')
 2 SYSTEMPATH\CodeIgniter.php(364): CodeIgniter\CodeIgniter->display404errors(Object(CodeIgniter\Exceptions\PageNotFoundException))
 3 SYSTEMPATH\Boot.php(312): CodeIgniter\CodeIgniter->run()
 4 SYSTEMPATH\Boot.php(67): CodeIgniter\Boot::runCodeIgniter(Object(CodeIgniter\CodeIgniter))
 5 FCPATH\index.php(56): CodeIgniter\Boot::bootWeb(Object(Config\Paths))
 6 SYSTEMPATH\Commands\Server\rewrite.php(49): require_once('D:\\xampp\\htdocs\\akcdhanusha\\public\\index.php')
CRITICAL - 2024-07-30 14:41:03 --> CodeIgniter\Exceptions\PageNotFoundException: Can't find a route for 'GET: assets/uploads/1722149425_51330136deb27a16a44c.jpg'.
[Method: GET, Route: assets/uploads/1722149425_51330136deb27a16a44c.jpg]
in SYSTEMPATH\CodeIgniter.php on line 982.
 1 SYSTEMPATH\CodeIgniter.php(982): CodeIgniter\Exceptions\PageNotFoundException::forPageNotFound('Can\'t find a route for \'GET: assets/uploads/1722149425_51330136deb27a16a44c.jpg\'.')
 2 SYSTEMPATH\CodeIgniter.php(364): CodeIgniter\CodeIgniter->display404errors(Object(CodeIgniter\Exceptions\PageNotFoundException))
 3 SYSTEMPATH\Boot.php(312): CodeIgniter\CodeIgniter->run()
 4 SYSTEMPATH\Boot.php(67): CodeIgniter\Boot::runCodeIgniter(Object(CodeIgniter\CodeIgniter))
 5 FCPATH\index.php(56): CodeIgniter\Boot::bootWeb(Object(Config\Paths))
 6 SYSTEMPATH\Commands\Server\rewrite.php(49): require_once('D:\\xampp\\htdocs\\akcdhanusha\\public\\index.php')
CRITICAL - 2024-07-30 14:41:03 --> CodeIgniter\Exceptions\PageNotFoundException: Can't find a route for 'GET: assets/uploads/1722149581_46b46b5ae2d8aae3971a.jpg'.
[Method: GET, Route: assets/uploads/1722149581_46b46b5ae2d8aae3971a.jpg]
in SYSTEMPATH\CodeIgniter.php on line 982.
 1 SYSTEMPATH\CodeIgniter.php(982): CodeIgniter\Exceptions\PageNotFoundException::forPageNotFound('Can\'t find a route for \'GET: assets/uploads/1722149581_46b46b5ae2d8aae3971a.jpg\'.')
 2 SYSTEMPATH\CodeIgniter.php(364): CodeIgniter\CodeIgniter->display404errors(Object(CodeIgniter\Exceptions\PageNotFoundException))
 3 SYSTEMPATH\Boot.php(312): CodeIgniter\CodeIgniter->run()
 4 SYSTEMPATH\Boot.php(67): CodeIgniter\Boot::runCodeIgniter(Object(CodeIgniter\CodeIgniter))
 5 FCPATH\index.php(56): CodeIgniter\Boot::bootWeb(Object(Config\Paths))
 6 SYSTEMPATH\Commands\Server\rewrite.php(49): require_once('D:\\xampp\\htdocs\\akcdhanusha\\public\\index.php')
CRITICAL - 2024-07-30 14:41:03 --> CodeIgniter\Exceptions\PageNotFoundException: Can't find a route for 'GET: assets/uploads/1722149662_f87c7c039945e43ef96a.jpg'.
[Method: GET, Route: assets/uploads/1722149662_f87c7c039945e43ef96a.jpg]
in SYSTEMPATH\CodeIgniter.php on line 982.
 1 SYSTEMPATH\CodeIgniter.php(982): CodeIgniter\Exceptions\PageNotFoundException::forPageNotFound('Can\'t find a route for \'GET: assets/uploads/1722149662_f87c7c039945e43ef96a.jpg\'.')
 2 SYSTEMPATH\CodeIgniter.php(364): CodeIgniter\CodeIgniter->display404errors(Object(CodeIgniter\Exceptions\PageNotFoundException))
 3 SYSTEMPATH\Boot.php(312): CodeIgniter\CodeIgniter->run()
 4 SYSTEMPATH\Boot.php(67): CodeIgniter\Boot::runCodeIgniter(Object(CodeIgniter\CodeIgniter))
 5 FCPATH\index.php(56): CodeIgniter\Boot::bootWeb(Object(Config\Paths))
 6 SYSTEMPATH\Commands\Server\rewrite.php(49): require_once('D:\\xampp\\htdocs\\akcdhanusha\\public\\index.php')
CRITICAL - 2024-07-30 14:41:03 --> CodeIgniter\Exceptions\PageNotFoundException: Can't find a route for 'OPTIONS: assets/uploads/1722149581_46b46b5ae2d8aae3971a.jpg'.
[Method: OPTIONS, Route: assets/uploads/1722149581_46b46b5ae2d8aae3971a.jpg]
in SYSTEMPATH\CodeIgniter.php on line 982.
 1 SYSTEMPATH\CodeIgniter.php(982): CodeIgniter\Exceptions\PageNotFoundException::forPageNotFound('Can\'t find a route for \'OPTIONS: assets/uploads/1722149581_46b46b5ae2d8aae3971a.jpg\'.')
 2 SYSTEMPATH\CodeIgniter.php(364): CodeIgniter\CodeIgniter->display404errors(Object(CodeIgniter\Exceptions\PageNotFoundException))
 3 SYSTEMPATH\Boot.php(312): CodeIgniter\CodeIgniter->run()
 4 SYSTEMPATH\Boot.php(67): CodeIgniter\Boot::runCodeIgniter(Object(CodeIgniter\CodeIgniter))
 5 FCPATH\index.php(56): CodeIgniter\Boot::bootWeb(Object(Config\Paths))
 6 SYSTEMPATH\Commands\Server\rewrite.php(49): require_once('D:\\xampp\\htdocs\\akcdhanusha\\public\\index.php')
CRITICAL - 2024-07-30 14:41:03 --> CodeIgniter\Exceptions\PageNotFoundException: Can't find a route for 'OPTIONS: assets/uploads/1722149662_f87c7c039945e43ef96a.jpg'.
[Method: OPTIONS, Route: assets/uploads/1722149662_f87c7c039945e43ef96a.jpg]
in SYSTEMPATH\CodeIgniter.php on line 982.
 1 SYSTEMPATH\CodeIgniter.php(982): CodeIgniter\Exceptions\PageNotFoundException::forPageNotFound('Can\'t find a route for \'OPTIONS: assets/uploads/1722149662_f87c7c039945e43ef96a.jpg\'.')
 2 SYSTEMPATH\CodeIgniter.php(364): CodeIgniter\CodeIgniter->display404errors(Object(CodeIgniter\Exceptions\PageNotFoundException))
 3 SYSTEMPATH\Boot.php(312): CodeIgniter\CodeIgniter->run()
 4 SYSTEMPATH\Boot.php(67): CodeIgniter\Boot::runCodeIgniter(Object(CodeIgniter\CodeIgniter))
 5 FCPATH\index.php(56): CodeIgniter\Boot::bootWeb(Object(Config\Paths))
 6 SYSTEMPATH\Commands\Server\rewrite.php(49): require_once('D:\\xampp\\htdocs\\akcdhanusha\\public\\index.php')
CRITICAL - 2024-07-30 14:41:03 --> CodeIgniter\Exceptions\PageNotFoundException: Can't find a route for 'OPTIONS: assets/uploads/1722149874_f7a1e707879f45bed5f3.jpg'.
[Method: OPTIONS, Route: assets/uploads/1722149874_f7a1e707879f45bed5f3.jpg]
in SYSTEMPATH\CodeIgniter.php on line 982.
 1 SYSTEMPATH\CodeIgniter.php(982): CodeIgniter\Exceptions\PageNotFoundException::forPageNotFound('Can\'t find a route for \'OPTIONS: assets/uploads/1722149874_f7a1e707879f45bed5f3.jpg\'.')
 2 SYSTEMPATH\CodeIgniter.php(364): CodeIgniter\CodeIgniter->display404errors(Object(CodeIgniter\Exceptions\PageNotFoundException))
 3 SYSTEMPATH\Boot.php(312): CodeIgniter\CodeIgniter->run()
 4 SYSTEMPATH\Boot.php(67): CodeIgniter\Boot::runCodeIgniter(Object(CodeIgniter\CodeIgniter))
 5 FCPATH\index.php(56): CodeIgniter\Boot::bootWeb(Object(Config\Paths))
 6 SYSTEMPATH\Commands\Server\rewrite.php(49): require_once('D:\\xampp\\htdocs\\akcdhanusha\\public\\index.php')
CRITICAL - 2024-07-30 14:41:03 --> CodeIgniter\Exceptions\PageNotFoundException: Can't find a route for 'OPTIONS: assets/uploads/1722150116_24de7a89baecd0485747.jpg'.
[Method: OPTIONS, Route: assets/uploads/1722150116_24de7a89baecd0485747.jpg]
in SYSTEMPATH\CodeIgniter.php on line 982.
 1 SYSTEMPATH\CodeIgniter.php(982): CodeIgniter\Exceptions\PageNotFoundException::forPageNotFound('Can\'t find a route for \'OPTIONS: assets/uploads/1722150116_24de7a89baecd0485747.jpg\'.')
 2 SYSTEMPATH\CodeIgniter.php(364): CodeIgniter\CodeIgniter->display404errors(Object(CodeIgniter\Exceptions\PageNotFoundException))
 3 SYSTEMPATH\Boot.php(312): CodeIgniter\CodeIgniter->run()
 4 SYSTEMPATH\Boot.php(67): CodeIgniter\Boot::runCodeIgniter(Object(CodeIgniter\CodeIgniter))
 5 FCPATH\index.php(56): CodeIgniter\Boot::bootWeb(Object(Config\Paths))
 6 SYSTEMPATH\Commands\Server\rewrite.php(49): require_once('D:\\xampp\\htdocs\\akcdhanusha\\public\\index.php')
CRITICAL - 2024-07-30 14:41:04 --> CodeIgniter\Exceptions\PageNotFoundException: Can't find a route for 'GET: assets/uploads/1722149874_f7a1e707879f45bed5f3.jpg'.
[Method: GET, Route: assets/uploads/1722149874_f7a1e707879f45bed5f3.jpg]
in SYSTEMPATH\CodeIgniter.php on line 982.
 1 SYSTEMPATH\CodeIgniter.php(982): CodeIgniter\Exceptions\PageNotFoundException::forPageNotFound('Can\'t find a route for \'GET: assets/uploads/1722149874_f7a1e707879f45bed5f3.jpg\'.')
 2 SYSTEMPATH\CodeIgniter.php(364): CodeIgniter\CodeIgniter->display404errors(Object(CodeIgniter\Exceptions\PageNotFoundException))
 3 SYSTEMPATH\Boot.php(312): CodeIgniter\CodeIgniter->run()
 4 SYSTEMPATH\Boot.php(67): CodeIgniter\Boot::runCodeIgniter(Object(CodeIgniter\CodeIgniter))
 5 FCPATH\index.php(56): CodeIgniter\Boot::bootWeb(Object(Config\Paths))
 6 SYSTEMPATH\Commands\Server\rewrite.php(49): require_once('D:\\xampp\\htdocs\\akcdhanusha\\public\\index.php')
CRITICAL - 2024-07-30 14:41:04 --> CodeIgniter\Exceptions\PageNotFoundException: Can't find a route for 'GET: assets/uploads/1722150116_24de7a89baecd0485747.jpg'.
[Method: GET, Route: assets/uploads/1722150116_24de7a89baecd0485747.jpg]
in SYSTEMPATH\CodeIgniter.php on line 982.
 1 SYSTEMPATH\CodeIgniter.php(982): CodeIgniter\Exceptions\PageNotFoundException::forPageNotFound('Can\'t find a route for \'GET: assets/uploads/1722150116_24de7a89baecd0485747.jpg\'.')
 2 SYSTEMPATH\CodeIgniter.php(364): CodeIgniter\CodeIgniter->display404errors(Object(CodeIgniter\Exceptions\PageNotFoundException))
 3 SYSTEMPATH\Boot.php(312): CodeIgniter\CodeIgniter->run()
 4 SYSTEMPATH\Boot.php(67): CodeIgniter\Boot::runCodeIgniter(Object(CodeIgniter\CodeIgniter))
 5 FCPATH\index.php(56): CodeIgniter\Boot::bootWeb(Object(Config\Paths))
 6 SYSTEMPATH\Commands\Server\rewrite.php(49): require_once('D:\\xampp\\htdocs\\akcdhanusha\\public\\index.php')
INFO - 2024-07-30 15:06:54 --> Session: Class initialized using 'CodeIgniter\Session\Handlers\FileHandler' driver.
CRITICAL - 2024-07-30 15:06:55 --> CodeIgniter\Exceptions\PageNotFoundException: Can't find a route for 'GET: assets/frontend/webfonts/fa-solid-900.woff2'.
[Method: GET, Route: assets/frontend/webfonts/fa-solid-900.woff2]
in SYSTEMPATH\CodeIgniter.php on line 982.
 1 SYSTEMPATH\CodeIgniter.php(982): CodeIgniter\Exceptions\PageNotFoundException::forPageNotFound('Can\'t find a route for \'GET: assets/frontend/webfonts/fa-solid-900.woff2\'.')
 2 SYSTEMPATH\CodeIgniter.php(364): CodeIgniter\CodeIgniter->display404errors(Object(CodeIgniter\Exceptions\PageNotFoundException))
 3 SYSTEMPATH\Boot.php(312): CodeIgniter\CodeIgniter->run()
 4 SYSTEMPATH\Boot.php(67): CodeIgniter\Boot::runCodeIgniter(Object(CodeIgniter\CodeIgniter))
 5 FCPATH\index.php(56): CodeIgniter\Boot::bootWeb(Object(Config\Paths))
 6 SYSTEMPATH\Commands\Server\rewrite.php(49): require_once('D:\\xampp\\htdocs\\akcdhanusha\\public\\index.php')
CRITICAL - 2024-07-30 15:06:55 --> CodeIgniter\Exceptions\PageNotFoundException: Can't find a route for 'GET: assets/frontend/webfonts/fa-brands-400.woff2'.
[Method: GET, Route: assets/frontend/webfonts/fa-brands-400.woff2]
in SYSTEMPATH\CodeIgniter.php on line 982.
 1 SYSTEMPATH\CodeIgniter.php(982): CodeIgniter\Exceptions\PageNotFoundException::forPageNotFound('Can\'t find a route for \'GET: assets/frontend/webfonts/fa-brands-400.woff2\'.')
 2 SYSTEMPATH\CodeIgniter.php(364): CodeIgniter\CodeIgniter->display404errors(Object(CodeIgniter\Exceptions\PageNotFoundException))
 3 SYSTEMPATH\Boot.php(312): CodeIgniter\CodeIgniter->run()
 4 SYSTEMPATH\Boot.php(67): CodeIgniter\Boot::runCodeIgniter(Object(CodeIgniter\CodeIgniter))
 5 FCPATH\index.php(56): CodeIgniter\Boot::bootWeb(Object(Config\Paths))
 6 SYSTEMPATH\Commands\Server\rewrite.php(49): require_once('D:\\xampp\\htdocs\\akcdhanusha\\public\\index.php')
CRITICAL - 2024-07-30 15:06:55 --> CodeIgniter\Exceptions\PageNotFoundException: Can't find a route for 'GET: assets/frontend/webfonts/fa-regular-400.woff2'.
[Method: GET, Route: assets/frontend/webfonts/fa-regular-400.woff2]
in SYSTEMPATH\CodeIgniter.php on line 982.
 1 SYSTEMPATH\CodeIgniter.php(982): CodeIgniter\Exceptions\PageNotFoundException::forPageNotFound('Can\'t find a route for \'GET: assets/frontend/webfonts/fa-regular-400.woff2\'.')
 2 SYSTEMPATH\CodeIgniter.php(364): CodeIgniter\CodeIgniter->display404errors(Object(CodeIgniter\Exceptions\PageNotFoundException))
 3 SYSTEMPATH\Boot.php(312): CodeIgniter\CodeIgniter->run()
 4 SYSTEMPATH\Boot.php(67): CodeIgniter\Boot::runCodeIgniter(Object(CodeIgniter\CodeIgniter))
 5 FCPATH\index.php(56): CodeIgniter\Boot::bootWeb(Object(Config\Paths))
 6 SYSTEMPATH\Commands\Server\rewrite.php(49): require_once('D:\\xampp\\htdocs\\akcdhanusha\\public\\index.php')
CRITICAL - 2024-07-30 15:06:56 --> CodeIgniter\Exceptions\PageNotFoundException: Can't find a route for 'GET: assets/frontend/webfonts/fa-solid-900.woff'.
[Method: GET, Route: assets/frontend/webfonts/fa-solid-900.woff]
in SYSTEMPATH\CodeIgniter.php on line 982.
 1 SYSTEMPATH\CodeIgniter.php(982): CodeIgniter\Exceptions\PageNotFoundException::forPageNotFound('Can\'t find a route for \'GET: assets/frontend/webfonts/fa-solid-900.woff\'.')
 2 SYSTEMPATH\CodeIgniter.php(364): CodeIgniter\CodeIgniter->display404errors(Object(CodeIgniter\Exceptions\PageNotFoundException))
 3 SYSTEMPATH\Boot.php(312): CodeIgniter\CodeIgniter->run()
 4 SYSTEMPATH\Boot.php(67): CodeIgniter\Boot::runCodeIgniter(Object(CodeIgniter\CodeIgniter))
 5 FCPATH\index.php(56): CodeIgniter\Boot::bootWeb(Object(Config\Paths))
 6 SYSTEMPATH\Commands\Server\rewrite.php(49): require_once('D:\\xampp\\htdocs\\akcdhanusha\\public\\index.php')
CRITICAL - 2024-07-30 15:06:56 --> CodeIgniter\Exceptions\PageNotFoundException: Can't find a route for 'GET: assets/frontend/webfonts/fa-brands-400.woff'.
[Method: GET, Route: assets/frontend/webfonts/fa-brands-400.woff]
in SYSTEMPATH\CodeIgniter.php on line 982.
 1 SYSTEMPATH\CodeIgniter.php(982): CodeIgniter\Exceptions\PageNotFoundException::forPageNotFound('Can\'t find a route for \'GET: assets/frontend/webfonts/fa-brands-400.woff\'.')
 2 SYSTEMPATH\CodeIgniter.php(364): CodeIgniter\CodeIgniter->display404errors(Object(CodeIgniter\Exceptions\PageNotFoundException))
 3 SYSTEMPATH\Boot.php(312): CodeIgniter\CodeIgniter->run()
 4 SYSTEMPATH\Boot.php(67): CodeIgniter\Boot::runCodeIgniter(Object(CodeIgniter\CodeIgniter))
 5 FCPATH\index.php(56): CodeIgniter\Boot::bootWeb(Object(Config\Paths))
 6 SYSTEMPATH\Commands\Server\rewrite.php(49): require_once('D:\\xampp\\htdocs\\akcdhanusha\\public\\index.php')
CRITICAL - 2024-07-30 15:06:56 --> CodeIgniter\Exceptions\PageNotFoundException: Can't find a route for 'GET: assets/frontend/webfonts/fa-regular-400.woff'.
[Method: GET, Route: assets/frontend/webfonts/fa-regular-400.woff]
in SYSTEMPATH\CodeIgniter.php on line 982.
 1 SYSTEMPATH\CodeIgniter.php(982): CodeIgniter\Exceptions\PageNotFoundException::forPageNotFound('Can\'t find a route for \'GET: assets/frontend/webfonts/fa-regular-400.woff\'.')
 2 SYSTEMPATH\CodeIgniter.php(364): CodeIgniter\CodeIgniter->display404errors(Object(CodeIgniter\Exceptions\PageNotFoundException))
 3 SYSTEMPATH\Boot.php(312): CodeIgniter\CodeIgniter->run()
 4 SYSTEMPATH\Boot.php(67): CodeIgniter\Boot::runCodeIgniter(Object(CodeIgniter\CodeIgniter))
 5 FCPATH\index.php(56): CodeIgniter\Boot::bootWeb(Object(Config\Paths))
 6 SYSTEMPATH\Commands\Server\rewrite.php(49): require_once('D:\\xampp\\htdocs\\akcdhanusha\\public\\index.php')
CRITICAL - 2024-07-30 15:06:56 --> CodeIgniter\Exceptions\PageNotFoundException: Can't find a route for 'GET: assets/frontend/webfonts/fa-solid-900.ttf'.
[Method: GET, Route: assets/frontend/webfonts/fa-solid-900.ttf]
in SYSTEMPATH\CodeIgniter.php on line 982.
 1 SYSTEMPATH\CodeIgniter.php(982): CodeIgniter\Exceptions\PageNotFoundException::forPageNotFound('Can\'t find a route for \'GET: assets/frontend/webfonts/fa-solid-900.ttf\'.')
 2 SYSTEMPATH\CodeIgniter.php(364): CodeIgniter\CodeIgniter->display404errors(Object(CodeIgniter\Exceptions\PageNotFoundException))
 3 SYSTEMPATH\Boot.php(312): CodeIgniter\CodeIgniter->run()
 4 SYSTEMPATH\Boot.php(67): CodeIgniter\Boot::runCodeIgniter(Object(CodeIgniter\CodeIgniter))
 5 FCPATH\index.php(56): CodeIgniter\Boot::bootWeb(Object(Config\Paths))
 6 SYSTEMPATH\Commands\Server\rewrite.php(49): require_once('D:\\xampp\\htdocs\\akcdhanusha\\public\\index.php')
CRITICAL - 2024-07-30 15:06:56 --> CodeIgniter\Exceptions\PageNotFoundException: Can't find a route for 'GET: assets/frontend/webfonts/fa-brands-400.ttf'.
[Method: GET, Route: assets/frontend/webfonts/fa-brands-400.ttf]
in SYSTEMPATH\CodeIgniter.php on line 982.
 1 SYSTEMPATH\CodeIgniter.php(982): CodeIgniter\Exceptions\PageNotFoundException::forPageNotFound('Can\'t find a route for \'GET: assets/frontend/webfonts/fa-brands-400.ttf\'.')
 2 SYSTEMPATH\CodeIgniter.php(364): CodeIgniter\CodeIgniter->display404errors(Object(CodeIgniter\Exceptions\PageNotFoundException))
 3 SYSTEMPATH\Boot.php(312): CodeIgniter\CodeIgniter->run()
 4 SYSTEMPATH\Boot.php(67): CodeIgniter\Boot::runCodeIgniter(Object(CodeIgniter\CodeIgniter))
 5 FCPATH\index.php(56): CodeIgniter\Boot::bootWeb(Object(Config\Paths))
 6 SYSTEMPATH\Commands\Server\rewrite.php(49): require_once('D:\\xampp\\htdocs\\akcdhanusha\\public\\index.php')
CRITICAL - 2024-07-30 15:06:56 --> CodeIgniter\Exceptions\PageNotFoundException: Can't find a route for 'GET: assets/frontend/webfonts/fa-regular-400.ttf'.
[Method: GET, Route: assets/frontend/webfonts/fa-regular-400.ttf]
in SYSTEMPATH\CodeIgniter.php on line 982.
 1 SYSTEMPATH\CodeIgniter.php(982): CodeIgniter\Exceptions\PageNotFoundException::forPageNotFound('Can\'t find a route for \'GET: assets/frontend/webfonts/fa-regular-400.ttf\'.')
 2 SYSTEMPATH\CodeIgniter.php(364): CodeIgniter\CodeIgniter->display404errors(Object(CodeIgniter\Exceptions\PageNotFoundException))
 3 SYSTEMPATH\Boot.php(312): CodeIgniter\CodeIgniter->run()
 4 SYSTEMPATH\Boot.php(67): CodeIgniter\Boot::runCodeIgniter(Object(CodeIgniter\CodeIgniter))
 5 FCPATH\index.php(56): CodeIgniter\Boot::bootWeb(Object(Config\Paths))
 6 SYSTEMPATH\Commands\Server\rewrite.php(49): require_once('D:\\xampp\\htdocs\\akcdhanusha\\public\\index.php')
INFO - 2024-07-30 15:06:56 --> Session: Class initialized using 'CodeIgniter\Session\Handlers\FileHandler' driver.
INFO - 2024-07-30 15:11:04 --> Session: Class initialized using 'CodeIgniter\Session\Handlers\FileHandler' driver.
CRITICAL - 2024-07-30 15:11:05 --> CodeIgniter\Exceptions\PageNotFoundException: Can't find a route for 'GET: assets/frontend/webfonts/fa-brands-400.woff2'.
[Method: GET, Route: assets/frontend/webfonts/fa-brands-400.woff2]
in SYSTEMPATH\CodeIgniter.php on line 982.
 1 SYSTEMPATH\CodeIgniter.php(982): CodeIgniter\Exceptions\PageNotFoundException::forPageNotFound('Can\'t find a route for \'GET: assets/frontend/webfonts/fa-brands-400.woff2\'.')
 2 SYSTEMPATH\CodeIgniter.php(364): CodeIgniter\CodeIgniter->display404errors(Object(CodeIgniter\Exceptions\PageNotFoundException))
 3 SYSTEMPATH\Boot.php(312): CodeIgniter\CodeIgniter->run()
 4 SYSTEMPATH\Boot.php(67): CodeIgniter\Boot::runCodeIgniter(Object(CodeIgniter\CodeIgniter))
 5 FCPATH\index.php(56): CodeIgniter\Boot::bootWeb(Object(Config\Paths))
 6 SYSTEMPATH\Commands\Server\rewrite.php(49): require_once('D:\\xampp\\htdocs\\akcdhanusha\\public\\index.php')
CRITICAL - 2024-07-30 15:11:05 --> CodeIgniter\Exceptions\PageNotFoundException: Can't find a route for 'GET: assets/frontend/webfonts/fa-regular-400.woff2'.
[Method: GET, Route: assets/frontend/webfonts/fa-regular-400.woff2]
in SYSTEMPATH\CodeIgniter.php on line 982.
 1 SYSTEMPATH\CodeIgniter.php(982): CodeIgniter\Exceptions\PageNotFoundException::forPageNotFound('Can\'t find a route for \'GET: assets/frontend/webfonts/fa-regular-400.woff2\'.')
 2 SYSTEMPATH\CodeIgniter.php(364): CodeIgniter\CodeIgniter->display404errors(Object(CodeIgniter\Exceptions\PageNotFoundException))
 3 SYSTEMPATH\Boot.php(312): CodeIgniter\CodeIgniter->run()
 4 SYSTEMPATH\Boot.php(67): CodeIgniter\Boot::runCodeIgniter(Object(CodeIgniter\CodeIgniter))
 5 FCPATH\index.php(56): CodeIgniter\Boot::bootWeb(Object(Config\Paths))
 6 SYSTEMPATH\Commands\Server\rewrite.php(49): require_once('D:\\xampp\\htdocs\\akcdhanusha\\public\\index.php')
CRITICAL - 2024-07-30 15:11:05 --> CodeIgniter\Exceptions\PageNotFoundException: Can't find a route for 'GET: assets/frontend/webfonts/fa-solid-900.woff2'.
[Method: GET, Route: assets/frontend/webfonts/fa-solid-900.woff2]
in SYSTEMPATH\CodeIgniter.php on line 982.
 1 SYSTEMPATH\CodeIgniter.php(982): CodeIgniter\Exceptions\PageNotFoundException::forPageNotFound('Can\'t find a route for \'GET: assets/frontend/webfonts/fa-solid-900.woff2\'.')
 2 SYSTEMPATH\CodeIgniter.php(364): CodeIgniter\CodeIgniter->display404errors(Object(CodeIgniter\Exceptions\PageNotFoundException))
 3 SYSTEMPATH\Boot.php(312): CodeIgniter\CodeIgniter->run()
 4 SYSTEMPATH\Boot.php(67): CodeIgniter\Boot::runCodeIgniter(Object(CodeIgniter\CodeIgniter))
 5 FCPATH\index.php(56): CodeIgniter\Boot::bootWeb(Object(Config\Paths))
 6 SYSTEMPATH\Commands\Server\rewrite.php(49): require_once('D:\\xampp\\htdocs\\akcdhanusha\\public\\index.php')
CRITICAL - 2024-07-30 15:11:06 --> CodeIgniter\Exceptions\PageNotFoundException: Can't find a route for 'GET: assets/frontend/webfonts/fa-brands-400.woff'.
[Method: GET, Route: assets/frontend/webfonts/fa-brands-400.woff]
in SYSTEMPATH\CodeIgniter.php on line 982.
 1 SYSTEMPATH\CodeIgniter.php(982): CodeIgniter\Exceptions\PageNotFoundException::forPageNotFound('Can\'t find a route for \'GET: assets/frontend/webfonts/fa-brands-400.woff\'.')
 2 SYSTEMPATH\CodeIgniter.php(364): CodeIgniter\CodeIgniter->display404errors(Object(CodeIgniter\Exceptions\PageNotFoundException))
 3 SYSTEMPATH\Boot.php(312): CodeIgniter\CodeIgniter->run()
 4 SYSTEMPATH\Boot.php(67): CodeIgniter\Boot::runCodeIgniter(Object(CodeIgniter\CodeIgniter))
 5 FCPATH\index.php(56): CodeIgniter\Boot::bootWeb(Object(Config\Paths))
 6 SYSTEMPATH\Commands\Server\rewrite.php(49): require_once('D:\\xampp\\htdocs\\akcdhanusha\\public\\index.php')
CRITICAL - 2024-07-30 15:11:06 --> CodeIgniter\Exceptions\PageNotFoundException: Can't find a route for 'GET: assets/frontend/webfonts/fa-regular-400.woff'.
[Method: GET, Route: assets/frontend/webfonts/fa-regular-400.woff]
in SYSTEMPATH\CodeIgniter.php on line 982.
 1 SYSTEMPATH\CodeIgniter.php(982): CodeIgniter\Exceptions\PageNotFoundException::forPageNotFound('Can\'t find a route for \'GET: assets/frontend/webfonts/fa-regular-400.woff\'.')
 2 SYSTEMPATH\CodeIgniter.php(364): CodeIgniter\CodeIgniter->display404errors(Object(CodeIgniter\Exceptions\PageNotFoundException))
 3 SYSTEMPATH\Boot.php(312): CodeIgniter\CodeIgniter->run()
 4 SYSTEMPATH\Boot.php(67): CodeIgniter\Boot::runCodeIgniter(Object(CodeIgniter\CodeIgniter))
 5 FCPATH\index.php(56): CodeIgniter\Boot::bootWeb(Object(Config\Paths))
 6 SYSTEMPATH\Commands\Server\rewrite.php(49): require_once('D:\\xampp\\htdocs\\akcdhanusha\\public\\index.php')
CRITICAL - 2024-07-30 15:11:06 --> CodeIgniter\Exceptions\PageNotFoundException: Can't find a route for 'GET: assets/frontend/webfonts/fa-solid-900.woff'.
[Method: GET, Route: assets/frontend/webfonts/fa-solid-900.woff]
in SYSTEMPATH\CodeIgniter.php on line 982.
 1 SYSTEMPATH\CodeIgniter.php(982): CodeIgniter\Exceptions\PageNotFoundException::forPageNotFound('Can\'t find a route for \'GET: assets/frontend/webfonts/fa-solid-900.woff\'.')
 2 SYSTEMPATH\CodeIgniter.php(364): CodeIgniter\CodeIgniter->display404errors(Object(CodeIgniter\Exceptions\PageNotFoundException))
 3 SYSTEMPATH\Boot.php(312): CodeIgniter\CodeIgniter->run()
 4 SYSTEMPATH\Boot.php(67): CodeIgniter\Boot::runCodeIgniter(Object(CodeIgniter\CodeIgniter))
 5 FCPATH\index.php(56): CodeIgniter\Boot::bootWeb(Object(Config\Paths))
 6 SYSTEMPATH\Commands\Server\rewrite.php(49): require_once('D:\\xampp\\htdocs\\akcdhanusha\\public\\index.php')
CRITICAL - 2024-07-30 15:11:06 --> CodeIgniter\Exceptions\PageNotFoundException: Can't find a route for 'GET: ws'.
[Method: GET, Route: ws]
in SYSTEMPATH\CodeIgniter.php on line 982.
 1 SYSTEMPATH\CodeIgniter.php(982): CodeIgniter\Exceptions\PageNotFoundException::forPageNotFound('Can\'t find a route for \'GET: ws\'.')
 2 SYSTEMPATH\CodeIgniter.php(364): CodeIgniter\CodeIgniter->display404errors(Object(CodeIgniter\Exceptions\PageNotFoundException))
 3 SYSTEMPATH\Boot.php(312): CodeIgniter\CodeIgniter->run()
 4 SYSTEMPATH\Boot.php(67): CodeIgniter\Boot::runCodeIgniter(Object(CodeIgniter\CodeIgniter))
 5 FCPATH\index.php(56): CodeIgniter\Boot::bootWeb(Object(Config\Paths))
 6 SYSTEMPATH\Commands\Server\rewrite.php(49): require_once('D:\\xampp\\htdocs\\akcdhanusha\\public\\index.php')
CRITICAL - 2024-07-30 15:11:06 --> CodeIgniter\Exceptions\PageNotFoundException: Can't find a route for 'GET: assets/frontend/webfonts/fa-brands-400.ttf'.
[Method: GET, Route: assets/frontend/webfonts/fa-brands-400.ttf]
in SYSTEMPATH\CodeIgniter.php on line 982.
 1 SYSTEMPATH\CodeIgniter.php(982): CodeIgniter\Exceptions\PageNotFoundException::forPageNotFound('Can\'t find a route for \'GET: assets/frontend/webfonts/fa-brands-400.ttf\'.')
 2 SYSTEMPATH\CodeIgniter.php(364): CodeIgniter\CodeIgniter->display404errors(Object(CodeIgniter\Exceptions\PageNotFoundException))
 3 SYSTEMPATH\Boot.php(312): CodeIgniter\CodeIgniter->run()
 4 SYSTEMPATH\Boot.php(67): CodeIgniter\Boot::runCodeIgniter(Object(CodeIgniter\CodeIgniter))
 5 FCPATH\index.php(56): CodeIgniter\Boot::bootWeb(Object(Config\Paths))
 6 SYSTEMPATH\Commands\Server\rewrite.php(49): require_once('D:\\xampp\\htdocs\\akcdhanusha\\public\\index.php')
CRITICAL - 2024-07-30 15:11:06 --> CodeIgniter\Exceptions\PageNotFoundException: Can't find a route for 'GET: assets/frontend/webfonts/fa-solid-900.ttf'.
[Method: GET, Route: assets/frontend/webfonts/fa-solid-900.ttf]
in SYSTEMPATH\CodeIgniter.php on line 982.
 1 SYSTEMPATH\CodeIgniter.php(982): CodeIgniter\Exceptions\PageNotFoundException::forPageNotFound('Can\'t find a route for \'GET: assets/frontend/webfonts/fa-solid-900.ttf\'.')
 2 SYSTEMPATH\CodeIgniter.php(364): CodeIgniter\CodeIgniter->display404errors(Object(CodeIgniter\Exceptions\PageNotFoundException))
 3 SYSTEMPATH\Boot.php(312): CodeIgniter\CodeIgniter->run()
 4 SYSTEMPATH\Boot.php(67): CodeIgniter\Boot::runCodeIgniter(Object(CodeIgniter\CodeIgniter))
 5 FCPATH\index.php(56): CodeIgniter\Boot::bootWeb(Object(Config\Paths))
 6 SYSTEMPATH\Commands\Server\rewrite.php(49): require_once('D:\\xampp\\htdocs\\akcdhanusha\\public\\index.php')
CRITICAL - 2024-07-30 15:11:06 --> CodeIgniter\Exceptions\PageNotFoundException: Can't find a route for 'GET: assets/frontend/webfonts/fa-regular-400.ttf'.
[Method: GET, Route: assets/frontend/webfonts/fa-regular-400.ttf]
in SYSTEMPATH\CodeIgniter.php on line 982.
 1 SYSTEMPATH\CodeIgniter.php(982): CodeIgniter\Exceptions\PageNotFoundException::forPageNotFound('Can\'t find a route for \'GET: assets/frontend/webfonts/fa-regular-400.ttf\'.')
 2 SYSTEMPATH\CodeIgniter.php(364): CodeIgniter\CodeIgniter->display404errors(Object(CodeIgniter\Exceptions\PageNotFoundException))
 3 SYSTEMPATH\Boot.php(312): CodeIgniter\CodeIgniter->run()
 4 SYSTEMPATH\Boot.php(67): CodeIgniter\Boot::runCodeIgniter(Object(CodeIgniter\CodeIgniter))
 5 FCPATH\index.php(56): CodeIgniter\Boot::bootWeb(Object(Config\Paths))
 6 SYSTEMPATH\Commands\Server\rewrite.php(49): require_once('D:\\xampp\\htdocs\\akcdhanusha\\public\\index.php')
INFO - 2024-07-30 16:08:22 --> Session: Class initialized using 'CodeIgniter\Session\Handlers\FileHandler' driver.
INFO - 2024-07-30 16:08:22 --> Session: Class initialized using 'CodeIgniter\Session\Handlers\FileHandler' driver.
CRITICAL - 2024-07-30 16:08:23 --> CodeIgniter\Exceptions\PageNotFoundException: Can't find a route for 'GET: dashboard/ws'.
[Method: GET, Route: dashboard/ws]
in SYSTEMPATH\CodeIgniter.php on line 982.
 1 SYSTEMPATH\CodeIgniter.php(982): CodeIgniter\Exceptions\PageNotFoundException::forPageNotFound('Can\'t find a route for \'GET: dashboard/ws\'.')
 2 SYSTEMPATH\CodeIgniter.php(364): CodeIgniter\CodeIgniter->display404errors(Object(CodeIgniter\Exceptions\PageNotFoundException))
 3 SYSTEMPATH\Boot.php(312): CodeIgniter\CodeIgniter->run()
 4 SYSTEMPATH\Boot.php(67): CodeIgniter\Boot::runCodeIgniter(Object(CodeIgniter\CodeIgniter))
 5 FCPATH\index.php(56): CodeIgniter\Boot::bootWeb(Object(Config\Paths))
 6 SYSTEMPATH\Commands\Server\rewrite.php(49): require_once('D:\\xampp\\htdocs\\akcdhanusha\\public\\index.php')
INFO - 2024-07-30 16:08:25 --> Session: Class initialized using 'CodeIgniter\Session\Handlers\FileHandler' driver.
CRITICAL - 2024-07-30 16:08:26 --> CodeIgniter\Exceptions\PageNotFoundException: Can't find a route for 'GET: navigation/ws'.
[Method: GET, Route: navigation/ws]
in SYSTEMPATH\CodeIgniter.php on line 982.
 1 SYSTEMPATH\CodeIgniter.php(982): CodeIgniter\Exceptions\PageNotFoundException::forPageNotFound('Can\'t find a route for \'GET: navigation/ws\'.')
 2 SYSTEMPATH\CodeIgniter.php(364): CodeIgniter\CodeIgniter->display404errors(Object(CodeIgniter\Exceptions\PageNotFoundException))
 3 SYSTEMPATH\Boot.php(312): CodeIgniter\CodeIgniter->run()
 4 SYSTEMPATH\Boot.php(67): CodeIgniter\Boot::runCodeIgniter(Object(CodeIgniter\CodeIgniter))
 5 FCPATH\index.php(56): CodeIgniter\Boot::bootWeb(Object(Config\Paths))
 6 SYSTEMPATH\Commands\Server\rewrite.php(49): require_once('D:\\xampp\\htdocs\\akcdhanusha\\public\\index.php')
INFO - 2024-07-30 16:09:40 --> Session: Class initialized using 'CodeIgniter\Session\Handlers\FileHandler' driver.
CRITICAL - 2024-07-30 16:09:41 --> CodeIgniter\Exceptions\PageNotFoundException: Can't find a route for 'GET: navigation/ws'.
[Method: GET, Route: navigation/ws]
in SYSTEMPATH\CodeIgniter.php on line 982.
 1 SYSTEMPATH\CodeIgniter.php(982): CodeIgniter\Exceptions\PageNotFoundException::forPageNotFound('Can\'t find a route for \'GET: navigation/ws\'.')
 2 SYSTEMPATH\CodeIgniter.php(364): CodeIgniter\CodeIgniter->display404errors(Object(CodeIgniter\Exceptions\PageNotFoundException))
 3 SYSTEMPATH\Boot.php(312): CodeIgniter\CodeIgniter->run()
 4 SYSTEMPATH\Boot.php(67): CodeIgniter\Boot::runCodeIgniter(Object(CodeIgniter\CodeIgniter))
 5 FCPATH\index.php(56): CodeIgniter\Boot::bootWeb(Object(Config\Paths))
 6 SYSTEMPATH\Commands\Server\rewrite.php(49): require_once('D:\\xampp\\htdocs\\akcdhanusha\\public\\index.php')
