INFO - 2024-06-24 17:09:41 --> Session: Class initialized using 'CodeIgniter\Session\Handlers\FileHandler' driver.
CRITICAL - 2024-06-24 17:09:44 --> CodeIgniter\Exceptions\PageNotFoundException: Can't find a route for 'GET: assets/frontend/webfonts/fa-brands-400.woff2'.
[Method: GET, Route: assets/frontend/webfonts/fa-brands-400.woff2]
in SYSTEMPATH\CodeIgniter.php on line 982.
 1 SYSTEMPATH\CodeIgniter.php(982): CodeIgniter\Exceptions\PageNotFoundException::forPageNotFound('Can\'t find a route for \'GET: assets/frontend/webfonts/fa-brands-400.woff2\'.')
 2 SYSTEMPATH\CodeIgniter.php(364): CodeIgniter\CodeIgniter->display404errors(Object(CodeIgniter\Exceptions\PageNotFoundException))
 3 SYSTEMPATH\Boot.php(312): CodeIgniter\CodeIgniter->run()
 4 SYSTEMPATH\Boot.php(67): CodeIgniter\Boot::runCodeIgniter(Object(CodeIgniter\CodeIgniter))
 5 FCPATH\index.php(56): CodeIgniter\Boot::bootWeb(Object(Config\Paths))
 6 SYSTEMPATH\Commands\Server\rewrite.php(49): require_once('D:\\xampp\\htdocs\\akcdhanusha\\public\\index.php')
CRITICAL - 2024-06-24 17:09:45 --> CodeIgniter\Exceptions\PageNotFoundException: Can't find a route for 'GET: assets/frontend/webfonts/fa-solid-900.woff2'.
[Method: GET, Route: assets/frontend/webfonts/fa-solid-900.woff2]
in SYSTEMPATH\CodeIgniter.php on line 982.
 1 SYSTEMPATH\CodeIgniter.php(982): CodeIgniter\Exceptions\PageNotFoundException::forPageNotFound('Can\'t find a route for \'GET: assets/frontend/webfonts/fa-solid-900.woff2\'.')
 2 SYSTEMPATH\CodeIgniter.php(364): CodeIgniter\CodeIgniter->display404errors(Object(CodeIgniter\Exceptions\PageNotFoundException))
 3 SYSTEMPATH\Boot.php(312): CodeIgniter\CodeIgniter->run()
 4 SYSTEMPATH\Boot.php(67): CodeIgniter\Boot::runCodeIgniter(Object(CodeIgniter\CodeIgniter))
 5 FCPATH\index.php(56): CodeIgniter\Boot::bootWeb(Object(Config\Paths))
 6 SYSTEMPATH\Commands\Server\rewrite.php(49): require_once('D:\\xampp\\htdocs\\akcdhanusha\\public\\index.php')
CRITICAL - 2024-06-24 17:09:45 --> CodeIgniter\Exceptions\PageNotFoundException: Can't find a route for 'GET: assets/frontend/webfonts/fa-regular-400.woff2'.
[Method: GET, Route: assets/frontend/webfonts/fa-regular-400.woff2]
in SYSTEMPATH\CodeIgniter.php on line 982.
 1 SYSTEMPATH\CodeIgniter.php(982): CodeIgniter\Exceptions\PageNotFoundException::forPageNotFound('Can\'t find a route for \'GET: assets/frontend/webfonts/fa-regular-400.woff2\'.')
 2 SYSTEMPATH\CodeIgniter.php(364): CodeIgniter\CodeIgniter->display404errors(Object(CodeIgniter\Exceptions\PageNotFoundException))
 3 SYSTEMPATH\Boot.php(312): CodeIgniter\CodeIgniter->run()
 4 SYSTEMPATH\Boot.php(67): CodeIgniter\Boot::runCodeIgniter(Object(CodeIgniter\CodeIgniter))
 5 FCPATH\index.php(56): CodeIgniter\Boot::bootWeb(Object(Config\Paths))
 6 SYSTEMPATH\Commands\Server\rewrite.php(49): require_once('D:\\xampp\\htdocs\\akcdhanusha\\public\\index.php')
CRITICAL - 2024-06-24 17:09:46 --> CodeIgniter\Exceptions\PageNotFoundException: Can't find a route for 'GET: assets/frontend/webfonts/fa-brands-400.woff'.
[Method: GET, Route: assets/frontend/webfonts/fa-brands-400.woff]
in SYSTEMPATH\CodeIgniter.php on line 982.
 1 SYSTEMPATH\CodeIgniter.php(982): CodeIgniter\Exceptions\PageNotFoundException::forPageNotFound('Can\'t find a route for \'GET: assets/frontend/webfonts/fa-brands-400.woff\'.')
 2 SYSTEMPATH\CodeIgniter.php(364): CodeIgniter\CodeIgniter->display404errors(Object(CodeIgniter\Exceptions\PageNotFoundException))
 3 SYSTEMPATH\Boot.php(312): CodeIgniter\CodeIgniter->run()
 4 SYSTEMPATH\Boot.php(67): CodeIgniter\Boot::runCodeIgniter(Object(CodeIgniter\CodeIgniter))
 5 FCPATH\index.php(56): CodeIgniter\Boot::bootWeb(Object(Config\Paths))
 6 SYSTEMPATH\Commands\Server\rewrite.php(49): require_once('D:\\xampp\\htdocs\\akcdhanusha\\public\\index.php')
CRITICAL - 2024-06-24 17:09:46 --> CodeIgniter\Exceptions\PageNotFoundException: Can't find a route for 'GET: assets/frontend/webfonts/fa-solid-900.woff'.
[Method: GET, Route: assets/frontend/webfonts/fa-solid-900.woff]
in SYSTEMPATH\CodeIgniter.php on line 982.
 1 SYSTEMPATH\CodeIgniter.php(982): CodeIgniter\Exceptions\PageNotFoundException::forPageNotFound('Can\'t find a route for \'GET: assets/frontend/webfonts/fa-solid-900.woff\'.')
 2 SYSTEMPATH\CodeIgniter.php(364): CodeIgniter\CodeIgniter->display404errors(Object(CodeIgniter\Exceptions\PageNotFoundException))
 3 SYSTEMPATH\Boot.php(312): CodeIgniter\CodeIgniter->run()
 4 SYSTEMPATH\Boot.php(67): CodeIgniter\Boot::runCodeIgniter(Object(CodeIgniter\CodeIgniter))
 5 FCPATH\index.php(56): CodeIgniter\Boot::bootWeb(Object(Config\Paths))
 6 SYSTEMPATH\Commands\Server\rewrite.php(49): require_once('D:\\xampp\\htdocs\\akcdhanusha\\public\\index.php')
CRITICAL - 2024-06-24 17:09:46 --> CodeIgniter\Exceptions\PageNotFoundException: Can't find a route for 'GET: assets/frontend/webfonts/fa-regular-400.woff'.
[Method: GET, Route: assets/frontend/webfonts/fa-regular-400.woff]
in SYSTEMPATH\CodeIgniter.php on line 982.
 1 SYSTEMPATH\CodeIgniter.php(982): CodeIgniter\Exceptions\PageNotFoundException::forPageNotFound('Can\'t find a route for \'GET: assets/frontend/webfonts/fa-regular-400.woff\'.')
 2 SYSTEMPATH\CodeIgniter.php(364): CodeIgniter\CodeIgniter->display404errors(Object(CodeIgniter\Exceptions\PageNotFoundException))
 3 SYSTEMPATH\Boot.php(312): CodeIgniter\CodeIgniter->run()
 4 SYSTEMPATH\Boot.php(67): CodeIgniter\Boot::runCodeIgniter(Object(CodeIgniter\CodeIgniter))
 5 FCPATH\index.php(56): CodeIgniter\Boot::bootWeb(Object(Config\Paths))
 6 SYSTEMPATH\Commands\Server\rewrite.php(49): require_once('D:\\xampp\\htdocs\\akcdhanusha\\public\\index.php')
INFO - 2024-06-24 17:09:46 --> Session: Class initialized using 'CodeIgniter\Session\Handlers\FileHandler' driver.
CRITICAL - 2024-06-24 17:09:46 --> CodeIgniter\Exceptions\PageNotFoundException: Can't find a route for 'GET: assets/uploads/header/'.
[Method: GET, Route: assets/uploads/header/]
in SYSTEMPATH\CodeIgniter.php on line 982.
 1 SYSTEMPATH\CodeIgniter.php(982): CodeIgniter\Exceptions\PageNotFoundException::forPageNotFound('Can\'t find a route for \'GET: assets/uploads/header/\'.')
 2 SYSTEMPATH\CodeIgniter.php(364): CodeIgniter\CodeIgniter->display404errors(Object(CodeIgniter\Exceptions\PageNotFoundException))
 3 SYSTEMPATH\Boot.php(312): CodeIgniter\CodeIgniter->run()
 4 SYSTEMPATH\Boot.php(67): CodeIgniter\Boot::runCodeIgniter(Object(CodeIgniter\CodeIgniter))
 5 FCPATH\index.php(56): CodeIgniter\Boot::bootWeb(Object(Config\Paths))
 6 SYSTEMPATH\Commands\Server\rewrite.php(49): require_once('D:\\xampp\\htdocs\\akcdhanusha\\public\\index.php')
INFO - 2024-06-24 17:09:47 --> Session: Class initialized using 'CodeIgniter\Session\Handlers\FileHandler' driver.
CRITICAL - 2024-06-24 17:09:47 --> CodeIgniter\Exceptions\PageNotFoundException: Can't find a route for 'GET: assets/frontend/webfonts/fa-brands-400.ttf'.
[Method: GET, Route: assets/frontend/webfonts/fa-brands-400.ttf]
in SYSTEMPATH\CodeIgniter.php on line 982.
 1 SYSTEMPATH\CodeIgniter.php(982): CodeIgniter\Exceptions\PageNotFoundException::forPageNotFound('Can\'t find a route for \'GET: assets/frontend/webfonts/fa-brands-400.ttf\'.')
 2 SYSTEMPATH\CodeIgniter.php(364): CodeIgniter\CodeIgniter->display404errors(Object(CodeIgniter\Exceptions\PageNotFoundException))
 3 SYSTEMPATH\Boot.php(312): CodeIgniter\CodeIgniter->run()
 4 SYSTEMPATH\Boot.php(67): CodeIgniter\Boot::runCodeIgniter(Object(CodeIgniter\CodeIgniter))
 5 FCPATH\index.php(56): CodeIgniter\Boot::bootWeb(Object(Config\Paths))
 6 SYSTEMPATH\Commands\Server\rewrite.php(49): require_once('D:\\xampp\\htdocs\\akcdhanusha\\public\\index.php')
CRITICAL - 2024-06-24 17:09:47 --> CodeIgniter\Exceptions\PageNotFoundException: Can't find a route for 'GET: ws'.
[Method: GET, Route: ws]
in SYSTEMPATH\CodeIgniter.php on line 982.
 1 SYSTEMPATH\CodeIgniter.php(982): CodeIgniter\Exceptions\PageNotFoundException::forPageNotFound('Can\'t find a route for \'GET: ws\'.')
 2 SYSTEMPATH\CodeIgniter.php(364): CodeIgniter\CodeIgniter->display404errors(Object(CodeIgniter\Exceptions\PageNotFoundException))
 3 SYSTEMPATH\Boot.php(312): CodeIgniter\CodeIgniter->run()
 4 SYSTEMPATH\Boot.php(67): CodeIgniter\Boot::runCodeIgniter(Object(CodeIgniter\CodeIgniter))
 5 FCPATH\index.php(56): CodeIgniter\Boot::bootWeb(Object(Config\Paths))
 6 SYSTEMPATH\Commands\Server\rewrite.php(49): require_once('D:\\xampp\\htdocs\\akcdhanusha\\public\\index.php')
CRITICAL - 2024-06-24 17:09:47 --> CodeIgniter\Exceptions\PageNotFoundException: Can't find a route for 'GET: assets/frontend/webfonts/fa-solid-900.ttf'.
[Method: GET, Route: assets/frontend/webfonts/fa-solid-900.ttf]
in SYSTEMPATH\CodeIgniter.php on line 982.
 1 SYSTEMPATH\CodeIgniter.php(982): CodeIgniter\Exceptions\PageNotFoundException::forPageNotFound('Can\'t find a route for \'GET: assets/frontend/webfonts/fa-solid-900.ttf\'.')
 2 SYSTEMPATH\CodeIgniter.php(364): CodeIgniter\CodeIgniter->display404errors(Object(CodeIgniter\Exceptions\PageNotFoundException))
 3 SYSTEMPATH\Boot.php(312): CodeIgniter\CodeIgniter->run()
 4 SYSTEMPATH\Boot.php(67): CodeIgniter\Boot::runCodeIgniter(Object(CodeIgniter\CodeIgniter))
 5 FCPATH\index.php(56): CodeIgniter\Boot::bootWeb(Object(Config\Paths))
 6 SYSTEMPATH\Commands\Server\rewrite.php(49): require_once('D:\\xampp\\htdocs\\akcdhanusha\\public\\index.php')
CRITICAL - 2024-06-24 17:09:47 --> CodeIgniter\Exceptions\PageNotFoundException: Can't find a route for 'GET: assets/frontend/webfonts/fa-regular-400.ttf'.
[Method: GET, Route: assets/frontend/webfonts/fa-regular-400.ttf]
in SYSTEMPATH\CodeIgniter.php on line 982.
 1 SYSTEMPATH\CodeIgniter.php(982): CodeIgniter\Exceptions\PageNotFoundException::forPageNotFound('Can\'t find a route for \'GET: assets/frontend/webfonts/fa-regular-400.ttf\'.')
 2 SYSTEMPATH\CodeIgniter.php(364): CodeIgniter\CodeIgniter->display404errors(Object(CodeIgniter\Exceptions\PageNotFoundException))
 3 SYSTEMPATH\Boot.php(312): CodeIgniter\CodeIgniter->run()
 4 SYSTEMPATH\Boot.php(67): CodeIgniter\Boot::runCodeIgniter(Object(CodeIgniter\CodeIgniter))
 5 FCPATH\index.php(56): CodeIgniter\Boot::bootWeb(Object(Config\Paths))
 6 SYSTEMPATH\Commands\Server\rewrite.php(49): require_once('D:\\xampp\\htdocs\\akcdhanusha\\public\\index.php')
INFO - 2024-06-24 17:09:47 --> Session: Class initialized using 'CodeIgniter\Session\Handlers\FileHandler' driver.
INFO - 2024-06-24 17:09:48 --> Session: Class initialized using 'CodeIgniter\Session\Handlers\FileHandler' driver.
INFO - 2024-06-24 17:09:49 --> Session: Class initialized using 'CodeIgniter\Session\Handlers\FileHandler' driver.
INFO - 2024-06-24 17:09:52 --> Session: Class initialized using 'CodeIgniter\Session\Handlers\FileHandler' driver.
INFO - 2024-06-24 17:09:52 --> Session: Class initialized using 'CodeIgniter\Session\Handlers\FileHandler' driver.
INFO - 2024-06-24 17:09:53 --> Session: Class initialized using 'CodeIgniter\Session\Handlers\FileHandler' driver.
INFO - 2024-06-24 17:09:53 --> Session: Class initialized using 'CodeIgniter\Session\Handlers\FileHandler' driver.
INFO - 2024-06-24 17:09:54 --> Session: Class initialized using 'CodeIgniter\Session\Handlers\FileHandler' driver.
INFO - 2024-06-24 17:09:55 --> Session: Class initialized using 'CodeIgniter\Session\Handlers\FileHandler' driver.
INFO - 2024-06-24 17:09:58 --> Session: Class initialized using 'CodeIgniter\Session\Handlers\FileHandler' driver.
INFO - 2024-06-24 17:09:59 --> Session: Class initialized using 'CodeIgniter\Session\Handlers\FileHandler' driver.
INFO - 2024-06-24 17:09:59 --> Session: Class initialized using 'CodeIgniter\Session\Handlers\FileHandler' driver.
INFO - 2024-06-24 17:10:00 --> Session: Class initialized using 'CodeIgniter\Session\Handlers\FileHandler' driver.
INFO - 2024-06-24 17:10:01 --> Session: Class initialized using 'CodeIgniter\Session\Handlers\FileHandler' driver.
INFO - 2024-06-24 17:10:02 --> Session: Class initialized using 'CodeIgniter\Session\Handlers\FileHandler' driver.
INFO - 2024-06-24 17:10:03 --> Session: Class initialized using 'CodeIgniter\Session\Handlers\FileHandler' driver.
INFO - 2024-06-24 17:10:06 --> Session: Class initialized using 'CodeIgniter\Session\Handlers\FileHandler' driver.
INFO - 2024-06-24 17:10:07 --> Session: Class initialized using 'CodeIgniter\Session\Handlers\FileHandler' driver.
INFO - 2024-06-24 17:10:07 --> Session: Class initialized using 'CodeIgniter\Session\Handlers\FileHandler' driver.
INFO - 2024-06-24 17:10:08 --> Session: Class initialized using 'CodeIgniter\Session\Handlers\FileHandler' driver.
INFO - 2024-06-24 17:10:08 --> Session: Class initialized using 'CodeIgniter\Session\Handlers\FileHandler' driver.
INFO - 2024-06-24 17:10:11 --> Session: Class initialized using 'CodeIgniter\Session\Handlers\FileHandler' driver.
INFO - 2024-06-24 17:10:12 --> Session: Class initialized using 'CodeIgniter\Session\Handlers\FileHandler' driver.
INFO - 2024-06-24 17:10:12 --> Session: Class initialized using 'CodeIgniter\Session\Handlers\FileHandler' driver.
INFO - 2024-06-24 17:10:13 --> Session: Class initialized using 'CodeIgniter\Session\Handlers\FileHandler' driver.
INFO - 2024-06-24 17:10:13 --> Session: Class initialized using 'CodeIgniter\Session\Handlers\FileHandler' driver.
INFO - 2024-06-24 17:10:14 --> Session: Class initialized using 'CodeIgniter\Session\Handlers\FileHandler' driver.
INFO - 2024-06-24 17:10:17 --> Session: Class initialized using 'CodeIgniter\Session\Handlers\FileHandler' driver.
INFO - 2024-06-24 17:10:18 --> Session: Class initialized using 'CodeIgniter\Session\Handlers\FileHandler' driver.
INFO - 2024-06-24 17:10:18 --> Session: Class initialized using 'CodeIgniter\Session\Handlers\FileHandler' driver.
INFO - 2024-06-24 17:10:19 --> Session: Class initialized using 'CodeIgniter\Session\Handlers\FileHandler' driver.
INFO - 2024-06-24 17:10:19 --> Session: Class initialized using 'CodeIgniter\Session\Handlers\FileHandler' driver.
INFO - 2024-06-24 17:10:22 --> Session: Class initialized using 'CodeIgniter\Session\Handlers\FileHandler' driver.
INFO - 2024-06-24 17:10:23 --> Session: Class initialized using 'CodeIgniter\Session\Handlers\FileHandler' driver.
INFO - 2024-06-24 17:10:23 --> Session: Class initialized using 'CodeIgniter\Session\Handlers\FileHandler' driver.
INFO - 2024-06-24 17:10:24 --> Session: Class initialized using 'CodeIgniter\Session\Handlers\FileHandler' driver.
INFO - 2024-06-24 17:10:24 --> Session: Class initialized using 'CodeIgniter\Session\Handlers\FileHandler' driver.
INFO - 2024-06-24 17:10:25 --> Session: Class initialized using 'CodeIgniter\Session\Handlers\FileHandler' driver.
INFO - 2024-06-24 17:10:28 --> Session: Class initialized using 'CodeIgniter\Session\Handlers\FileHandler' driver.
INFO - 2024-06-24 17:10:29 --> Session: Class initialized using 'CodeIgniter\Session\Handlers\FileHandler' driver.
INFO - 2024-06-24 17:10:29 --> Session: Class initialized using 'CodeIgniter\Session\Handlers\FileHandler' driver.
INFO - 2024-06-24 17:10:30 --> Session: Class initialized using 'CodeIgniter\Session\Handlers\FileHandler' driver.
INFO - 2024-06-24 17:10:30 --> Session: Class initialized using 'CodeIgniter\Session\Handlers\FileHandler' driver.
INFO - 2024-06-24 17:10:31 --> Session: Class initialized using 'CodeIgniter\Session\Handlers\FileHandler' driver.
INFO - 2024-06-24 17:10:34 --> Session: Class initialized using 'CodeIgniter\Session\Handlers\FileHandler' driver.
INFO - 2024-06-24 17:10:35 --> Session: Class initialized using 'CodeIgniter\Session\Handlers\FileHandler' driver.
INFO - 2024-06-24 17:10:35 --> Session: Class initialized using 'CodeIgniter\Session\Handlers\FileHandler' driver.
INFO - 2024-06-24 17:10:36 --> Session: Class initialized using 'CodeIgniter\Session\Handlers\FileHandler' driver.
INFO - 2024-06-24 17:10:36 --> Session: Class initialized using 'CodeIgniter\Session\Handlers\FileHandler' driver.
INFO - 2024-06-24 17:10:37 --> Session: Class initialized using 'CodeIgniter\Session\Handlers\FileHandler' driver.
INFO - 2024-06-24 17:10:38 --> Session: Class initialized using 'CodeIgniter\Session\Handlers\FileHandler' driver.
INFO - 2024-06-24 17:10:39 --> Session: Class initialized using 'CodeIgniter\Session\Handlers\FileHandler' driver.
INFO - 2024-06-24 17:10:42 --> Session: Class initialized using 'CodeIgniter\Session\Handlers\FileHandler' driver.
INFO - 2024-06-24 17:10:43 --> Session: Class initialized using 'CodeIgniter\Session\Handlers\FileHandler' driver.
INFO - 2024-06-24 17:10:43 --> Session: Class initialized using 'CodeIgniter\Session\Handlers\FileHandler' driver.
INFO - 2024-06-24 17:10:44 --> Session: Class initialized using 'CodeIgniter\Session\Handlers\FileHandler' driver.
INFO - 2024-06-24 17:10:44 --> Session: Class initialized using 'CodeIgniter\Session\Handlers\FileHandler' driver.
INFO - 2024-06-24 17:10:45 --> Session: Class initialized using 'CodeIgniter\Session\Handlers\FileHandler' driver.
INFO - 2024-06-24 17:10:46 --> Session: Class initialized using 'CodeIgniter\Session\Handlers\FileHandler' driver.
INFO - 2024-06-24 17:10:48 --> Session: Class initialized using 'CodeIgniter\Session\Handlers\FileHandler' driver.
INFO - 2024-06-24 17:10:49 --> Session: Class initialized using 'CodeIgniter\Session\Handlers\FileHandler' driver.
INFO - 2024-06-24 17:10:50 --> Session: Class initialized using 'CodeIgniter\Session\Handlers\FileHandler' driver.
INFO - 2024-06-24 17:10:51 --> Session: Class initialized using 'CodeIgniter\Session\Handlers\FileHandler' driver.
INFO - 2024-06-24 17:10:54 --> Session: Class initialized using 'CodeIgniter\Session\Handlers\FileHandler' driver.
INFO - 2024-06-24 17:10:55 --> Session: Class initialized using 'CodeIgniter\Session\Handlers\FileHandler' driver.
INFO - 2024-06-24 17:10:55 --> Session: Class initialized using 'CodeIgniter\Session\Handlers\FileHandler' driver.
INFO - 2024-06-24 17:10:56 --> Session: Class initialized using 'CodeIgniter\Session\Handlers\FileHandler' driver.
INFO - 2024-06-24 17:10:56 --> Session: Class initialized using 'CodeIgniter\Session\Handlers\FileHandler' driver.
INFO - 2024-06-24 17:10:57 --> Session: Class initialized using 'CodeIgniter\Session\Handlers\FileHandler' driver.
INFO - 2024-06-24 17:10:58 --> Session: Class initialized using 'CodeIgniter\Session\Handlers\FileHandler' driver.
INFO - 2024-06-24 17:10:59 --> Session: Class initialized using 'CodeIgniter\Session\Handlers\FileHandler' driver.
INFO - 2024-06-24 17:10:59 --> Session: Class initialized using 'CodeIgniter\Session\Handlers\FileHandler' driver.
CRITICAL - 2024-06-24 17:11:00 --> CodeIgniter\Exceptions\PageNotFoundException: Can't find a route for 'GET: assets/frontend/image/'.
[Method: GET, Route: assets/frontend/image/]
in SYSTEMPATH\CodeIgniter.php on line 982.
 1 SYSTEMPATH\CodeIgniter.php(982): CodeIgniter\Exceptions\PageNotFoundException::forPageNotFound('Can\'t find a route for \'GET: assets/frontend/image/\'.')
 2 SYSTEMPATH\CodeIgniter.php(364): CodeIgniter\CodeIgniter->display404errors(Object(CodeIgniter\Exceptions\PageNotFoundException))
 3 SYSTEMPATH\Boot.php(312): CodeIgniter\CodeIgniter->run()
 4 SYSTEMPATH\Boot.php(67): CodeIgniter\Boot::runCodeIgniter(Object(CodeIgniter\CodeIgniter))
 5 FCPATH\index.php(56): CodeIgniter\Boot::bootWeb(Object(Config\Paths))
 6 SYSTEMPATH\Commands\Server\rewrite.php(49): require_once('D:\\xampp\\htdocs\\akcdhanusha\\public\\index.php')
INFO - 2024-06-24 17:11:02 --> Session: Class initialized using 'CodeIgniter\Session\Handlers\FileHandler' driver.
CRITICAL - 2024-06-24 17:11:02 --> CodeIgniter\Exceptions\PageNotFoundException: Can't find a route for 'GET: assets/frontend/image/'.
[Method: GET, Route: assets/frontend/image/]
in SYSTEMPATH\CodeIgniter.php on line 982.
 1 SYSTEMPATH\CodeIgniter.php(982): CodeIgniter\Exceptions\PageNotFoundException::forPageNotFound('Can\'t find a route for \'GET: assets/frontend/image/\'.')
 2 SYSTEMPATH\CodeIgniter.php(364): CodeIgniter\CodeIgniter->display404errors(Object(CodeIgniter\Exceptions\PageNotFoundException))
 3 SYSTEMPATH\Boot.php(312): CodeIgniter\CodeIgniter->run()
 4 SYSTEMPATH\Boot.php(67): CodeIgniter\Boot::runCodeIgniter(Object(CodeIgniter\CodeIgniter))
 5 FCPATH\index.php(56): CodeIgniter\Boot::bootWeb(Object(Config\Paths))
 6 SYSTEMPATH\Commands\Server\rewrite.php(49): require_once('D:\\xampp\\htdocs\\akcdhanusha\\public\\index.php')
CRITICAL - 2024-06-24 17:11:03 --> CodeIgniter\Exceptions\PageNotFoundException: Can't find a route for 'GET: admin/login/ws'.
[Method: GET, Route: admin/login/ws]
in SYSTEMPATH\CodeIgniter.php on line 982.
 1 SYSTEMPATH\CodeIgniter.php(982): CodeIgniter\Exceptions\PageNotFoundException::forPageNotFound('Can\'t find a route for \'GET: admin/login/ws\'.')
 2 SYSTEMPATH\CodeIgniter.php(364): CodeIgniter\CodeIgniter->display404errors(Object(CodeIgniter\Exceptions\PageNotFoundException))
 3 SYSTEMPATH\Boot.php(312): CodeIgniter\CodeIgniter->run()
 4 SYSTEMPATH\Boot.php(67): CodeIgniter\Boot::runCodeIgniter(Object(CodeIgniter\CodeIgniter))
 5 FCPATH\index.php(56): CodeIgniter\Boot::bootWeb(Object(Config\Paths))
 6 SYSTEMPATH\Commands\Server\rewrite.php(49): require_once('D:\\xampp\\htdocs\\akcdhanusha\\public\\index.php')
CRITICAL - 2024-06-24 17:11:03 --> CodeIgniter\Exceptions\PageNotFoundException: Can't find a route for 'GET: admin/login/ws'.
[Method: GET, Route: admin/login/ws]
in SYSTEMPATH\CodeIgniter.php on line 982.
 1 SYSTEMPATH\CodeIgniter.php(982): CodeIgniter\Exceptions\PageNotFoundException::forPageNotFound('Can\'t find a route for \'GET: admin/login/ws\'.')
 2 SYSTEMPATH\CodeIgniter.php(364): CodeIgniter\CodeIgniter->display404errors(Object(CodeIgniter\Exceptions\PageNotFoundException))
 3 SYSTEMPATH\Boot.php(312): CodeIgniter\CodeIgniter->run()
 4 SYSTEMPATH\Boot.php(67): CodeIgniter\Boot::runCodeIgniter(Object(CodeIgniter\CodeIgniter))
 5 FCPATH\index.php(56): CodeIgniter\Boot::bootWeb(Object(Config\Paths))
 6 SYSTEMPATH\Commands\Server\rewrite.php(49): require_once('D:\\xampp\\htdocs\\akcdhanusha\\public\\index.php')
INFO - 2024-06-24 17:12:18 --> Session: Class initialized using 'CodeIgniter\Session\Handlers\FileHandler' driver.
INFO - 2024-06-24 17:12:19 --> Session: Class initialized using 'CodeIgniter\Session\Handlers\FileHandler' driver.
CRITICAL - 2024-06-24 17:12:23 --> CodeIgniter\Exceptions\PageNotFoundException: Can't find a route for 'GET: dashboard/ws'.
[Method: GET, Route: dashboard/ws]
in SYSTEMPATH\CodeIgniter.php on line 982.
 1 SYSTEMPATH\CodeIgniter.php(982): CodeIgniter\Exceptions\PageNotFoundException::forPageNotFound('Can\'t find a route for \'GET: dashboard/ws\'.')
 2 SYSTEMPATH\CodeIgniter.php(364): CodeIgniter\CodeIgniter->display404errors(Object(CodeIgniter\Exceptions\PageNotFoundException))
 3 SYSTEMPATH\Boot.php(312): CodeIgniter\CodeIgniter->run()
 4 SYSTEMPATH\Boot.php(67): CodeIgniter\Boot::runCodeIgniter(Object(CodeIgniter\CodeIgniter))
 5 FCPATH\index.php(56): CodeIgniter\Boot::bootWeb(Object(Config\Paths))
 6 SYSTEMPATH\Commands\Server\rewrite.php(49): require_once('D:\\xampp\\htdocs\\akcdhanusha\\public\\index.php')
INFO - 2024-06-24 17:12:23 --> Session: Class initialized using 'CodeIgniter\Session\Handlers\FileHandler' driver.
CRITICAL - 2024-06-24 17:12:24 --> CodeIgniter\Exceptions\PageNotFoundException: Can't find a route for 'GET: popup-setup/ws'.
[Method: GET, Route: popup-setup/ws]
in SYSTEMPATH\CodeIgniter.php on line 982.
 1 SYSTEMPATH\CodeIgniter.php(982): CodeIgniter\Exceptions\PageNotFoundException::forPageNotFound('Can\'t find a route for \'GET: popup-setup/ws\'.')
 2 SYSTEMPATH\CodeIgniter.php(364): CodeIgniter\CodeIgniter->display404errors(Object(CodeIgniter\Exceptions\PageNotFoundException))
 3 SYSTEMPATH\Boot.php(312): CodeIgniter\CodeIgniter->run()
 4 SYSTEMPATH\Boot.php(67): CodeIgniter\Boot::runCodeIgniter(Object(CodeIgniter\CodeIgniter))
 5 FCPATH\index.php(56): CodeIgniter\Boot::bootWeb(Object(Config\Paths))
 6 SYSTEMPATH\Commands\Server\rewrite.php(49): require_once('D:\\xampp\\htdocs\\akcdhanusha\\public\\index.php')
CRITICAL - 2024-06-24 17:12:25 --> CodeIgniter\Exceptions\PageNotFoundException: Can't find a route for 'GET: assets/uploads/header/'.
[Method: GET, Route: assets/uploads/header/]
in SYSTEMPATH\CodeIgniter.php on line 982.
 1 SYSTEMPATH\CodeIgniter.php(982): CodeIgniter\Exceptions\PageNotFoundException::forPageNotFound('Can\'t find a route for \'GET: assets/uploads/header/\'.')
 2 SYSTEMPATH\CodeIgniter.php(364): CodeIgniter\CodeIgniter->display404errors(Object(CodeIgniter\Exceptions\PageNotFoundException))
 3 SYSTEMPATH\Boot.php(312): CodeIgniter\CodeIgniter->run()
 4 SYSTEMPATH\Boot.php(67): CodeIgniter\Boot::runCodeIgniter(Object(CodeIgniter\CodeIgniter))
 5 FCPATH\index.php(56): CodeIgniter\Boot::bootWeb(Object(Config\Paths))
 6 SYSTEMPATH\Commands\Server\rewrite.php(49): require_once('D:\\xampp\\htdocs\\akcdhanusha\\public\\index.php')
