INFO - 2024-06-25 13:54:01 --> Session: Class initialized using 'CodeIgniter\Session\Handlers\FileHandler' driver.
CRITICAL - 2024-06-25 13:54:04 --> CodeIgniter\Exceptions\PageNotFoundException: Can't find a route for 'GET: assets/frontend/webfonts/fa-brands-400.woff2'.
[Method: GET, Route: assets/frontend/webfonts/fa-brands-400.woff2]
in SYSTEMPATH\CodeIgniter.php on line 982.
 1 SYSTEMPATH\CodeIgniter.php(982): CodeIgniter\Exceptions\PageNotFoundException::forPageNotFound('Can\'t find a route for \'GET: assets/frontend/webfonts/fa-brands-400.woff2\'.')
 2 SYSTEMPATH\CodeIgniter.php(364): CodeIgniter\CodeIgniter->display404errors(Object(CodeIgniter\Exceptions\PageNotFoundException))
 3 SYSTEMPATH\Boot.php(312): CodeIgniter\CodeIgniter->run()
 4 SYSTEMPATH\Boot.php(67): CodeIgniter\Boot::runCodeIgniter(Object(CodeIgniter\CodeIgniter))
 5 FCPATH\index.php(56): CodeIgniter\Boot::bootWeb(Object(Config\Paths))
 6 SYSTEMPATH\Commands\Server\rewrite.php(49): require_once('D:\\xampp\\htdocs\\akcdhanusha\\public\\index.php')
CRITICAL - 2024-06-25 13:54:05 --> CodeIgniter\Exceptions\PageNotFoundException: Can't find a route for 'GET: assets/frontend/webfonts/fa-solid-900.woff2'.
[Method: GET, Route: assets/frontend/webfonts/fa-solid-900.woff2]
in SYSTEMPATH\CodeIgniter.php on line 982.
 1 SYSTEMPATH\CodeIgniter.php(982): CodeIgniter\Exceptions\PageNotFoundException::forPageNotFound('Can\'t find a route for \'GET: assets/frontend/webfonts/fa-solid-900.woff2\'.')
 2 SYSTEMPATH\CodeIgniter.php(364): CodeIgniter\CodeIgniter->display404errors(Object(CodeIgniter\Exceptions\PageNotFoundException))
 3 SYSTEMPATH\Boot.php(312): CodeIgniter\CodeIgniter->run()
 4 SYSTEMPATH\Boot.php(67): CodeIgniter\Boot::runCodeIgniter(Object(CodeIgniter\CodeIgniter))
 5 FCPATH\index.php(56): CodeIgniter\Boot::bootWeb(Object(Config\Paths))
 6 SYSTEMPATH\Commands\Server\rewrite.php(49): require_once('D:\\xampp\\htdocs\\akcdhanusha\\public\\index.php')
CRITICAL - 2024-06-25 13:54:05 --> CodeIgniter\Exceptions\PageNotFoundException: Can't find a route for 'GET: assets/frontend/webfonts/fa-regular-400.woff2'.
[Method: GET, Route: assets/frontend/webfonts/fa-regular-400.woff2]
in SYSTEMPATH\CodeIgniter.php on line 982.
 1 SYSTEMPATH\CodeIgniter.php(982): CodeIgniter\Exceptions\PageNotFoundException::forPageNotFound('Can\'t find a route for \'GET: assets/frontend/webfonts/fa-regular-400.woff2\'.')
 2 SYSTEMPATH\CodeIgniter.php(364): CodeIgniter\CodeIgniter->display404errors(Object(CodeIgniter\Exceptions\PageNotFoundException))
 3 SYSTEMPATH\Boot.php(312): CodeIgniter\CodeIgniter->run()
 4 SYSTEMPATH\Boot.php(67): CodeIgniter\Boot::runCodeIgniter(Object(CodeIgniter\CodeIgniter))
 5 FCPATH\index.php(56): CodeIgniter\Boot::bootWeb(Object(Config\Paths))
 6 SYSTEMPATH\Commands\Server\rewrite.php(49): require_once('D:\\xampp\\htdocs\\akcdhanusha\\public\\index.php')
CRITICAL - 2024-06-25 13:54:06 --> CodeIgniter\Exceptions\PageNotFoundException: Can't find a route for 'GET: assets/frontend/webfonts/fa-brands-400.woff'.
[Method: GET, Route: assets/frontend/webfonts/fa-brands-400.woff]
in SYSTEMPATH\CodeIgniter.php on line 982.
 1 SYSTEMPATH\CodeIgniter.php(982): CodeIgniter\Exceptions\PageNotFoundException::forPageNotFound('Can\'t find a route for \'GET: assets/frontend/webfonts/fa-brands-400.woff\'.')
 2 SYSTEMPATH\CodeIgniter.php(364): CodeIgniter\CodeIgniter->display404errors(Object(CodeIgniter\Exceptions\PageNotFoundException))
 3 SYSTEMPATH\Boot.php(312): CodeIgniter\CodeIgniter->run()
 4 SYSTEMPATH\Boot.php(67): CodeIgniter\Boot::runCodeIgniter(Object(CodeIgniter\CodeIgniter))
 5 FCPATH\index.php(56): CodeIgniter\Boot::bootWeb(Object(Config\Paths))
 6 SYSTEMPATH\Commands\Server\rewrite.php(49): require_once('D:\\xampp\\htdocs\\akcdhanusha\\public\\index.php')
CRITICAL - 2024-06-25 13:54:06 --> CodeIgniter\Exceptions\PageNotFoundException: Can't find a route for 'GET: assets/frontend/webfonts/fa-solid-900.woff'.
[Method: GET, Route: assets/frontend/webfonts/fa-solid-900.woff]
in SYSTEMPATH\CodeIgniter.php on line 982.
 1 SYSTEMPATH\CodeIgniter.php(982): CodeIgniter\Exceptions\PageNotFoundException::forPageNotFound('Can\'t find a route for \'GET: assets/frontend/webfonts/fa-solid-900.woff\'.')
 2 SYSTEMPATH\CodeIgniter.php(364): CodeIgniter\CodeIgniter->display404errors(Object(CodeIgniter\Exceptions\PageNotFoundException))
 3 SYSTEMPATH\Boot.php(312): CodeIgniter\CodeIgniter->run()
 4 SYSTEMPATH\Boot.php(67): CodeIgniter\Boot::runCodeIgniter(Object(CodeIgniter\CodeIgniter))
 5 FCPATH\index.php(56): CodeIgniter\Boot::bootWeb(Object(Config\Paths))
 6 SYSTEMPATH\Commands\Server\rewrite.php(49): require_once('D:\\xampp\\htdocs\\akcdhanusha\\public\\index.php')
CRITICAL - 2024-06-25 13:54:06 --> CodeIgniter\Exceptions\PageNotFoundException: Can't find a route for 'GET: assets/frontend/webfonts/fa-regular-400.woff'.
[Method: GET, Route: assets/frontend/webfonts/fa-regular-400.woff]
in SYSTEMPATH\CodeIgniter.php on line 982.
 1 SYSTEMPATH\CodeIgniter.php(982): CodeIgniter\Exceptions\PageNotFoundException::forPageNotFound('Can\'t find a route for \'GET: assets/frontend/webfonts/fa-regular-400.woff\'.')
 2 SYSTEMPATH\CodeIgniter.php(364): CodeIgniter\CodeIgniter->display404errors(Object(CodeIgniter\Exceptions\PageNotFoundException))
 3 SYSTEMPATH\Boot.php(312): CodeIgniter\CodeIgniter->run()
 4 SYSTEMPATH\Boot.php(67): CodeIgniter\Boot::runCodeIgniter(Object(CodeIgniter\CodeIgniter))
 5 FCPATH\index.php(56): CodeIgniter\Boot::bootWeb(Object(Config\Paths))
 6 SYSTEMPATH\Commands\Server\rewrite.php(49): require_once('D:\\xampp\\htdocs\\akcdhanusha\\public\\index.php')
INFO - 2024-06-25 13:54:06 --> Session: Class initialized using 'CodeIgniter\Session\Handlers\FileHandler' driver.
CRITICAL - 2024-06-25 13:54:07 --> CodeIgniter\Exceptions\PageNotFoundException: Can't find a route for 'GET: ws'.
[Method: GET, Route: ws]
in SYSTEMPATH\CodeIgniter.php on line 982.
 1 SYSTEMPATH\CodeIgniter.php(982): CodeIgniter\Exceptions\PageNotFoundException::forPageNotFound('Can\'t find a route for \'GET: ws\'.')
 2 SYSTEMPATH\CodeIgniter.php(364): CodeIgniter\CodeIgniter->display404errors(Object(CodeIgniter\Exceptions\PageNotFoundException))
 3 SYSTEMPATH\Boot.php(312): CodeIgniter\CodeIgniter->run()
 4 SYSTEMPATH\Boot.php(67): CodeIgniter\Boot::runCodeIgniter(Object(CodeIgniter\CodeIgniter))
 5 FCPATH\index.php(56): CodeIgniter\Boot::bootWeb(Object(Config\Paths))
 6 SYSTEMPATH\Commands\Server\rewrite.php(49): require_once('D:\\xampp\\htdocs\\akcdhanusha\\public\\index.php')
CRITICAL - 2024-06-25 13:54:07 --> CodeIgniter\Exceptions\PageNotFoundException: Can't find a route for 'GET: assets/frontend/webfonts/fa-brands-400.ttf'.
[Method: GET, Route: assets/frontend/webfonts/fa-brands-400.ttf]
in SYSTEMPATH\CodeIgniter.php on line 982.
 1 SYSTEMPATH\CodeIgniter.php(982): CodeIgniter\Exceptions\PageNotFoundException::forPageNotFound('Can\'t find a route for \'GET: assets/frontend/webfonts/fa-brands-400.ttf\'.')
 2 SYSTEMPATH\CodeIgniter.php(364): CodeIgniter\CodeIgniter->display404errors(Object(CodeIgniter\Exceptions\PageNotFoundException))
 3 SYSTEMPATH\Boot.php(312): CodeIgniter\CodeIgniter->run()
 4 SYSTEMPATH\Boot.php(67): CodeIgniter\Boot::runCodeIgniter(Object(CodeIgniter\CodeIgniter))
 5 FCPATH\index.php(56): CodeIgniter\Boot::bootWeb(Object(Config\Paths))
 6 SYSTEMPATH\Commands\Server\rewrite.php(49): require_once('D:\\xampp\\htdocs\\akcdhanusha\\public\\index.php')
CRITICAL - 2024-06-25 13:54:07 --> CodeIgniter\Exceptions\PageNotFoundException: Can't find a route for 'GET: assets/frontend/webfonts/fa-solid-900.ttf'.
[Method: GET, Route: assets/frontend/webfonts/fa-solid-900.ttf]
in SYSTEMPATH\CodeIgniter.php on line 982.
 1 SYSTEMPATH\CodeIgniter.php(982): CodeIgniter\Exceptions\PageNotFoundException::forPageNotFound('Can\'t find a route for \'GET: assets/frontend/webfonts/fa-solid-900.ttf\'.')
 2 SYSTEMPATH\CodeIgniter.php(364): CodeIgniter\CodeIgniter->display404errors(Object(CodeIgniter\Exceptions\PageNotFoundException))
 3 SYSTEMPATH\Boot.php(312): CodeIgniter\CodeIgniter->run()
 4 SYSTEMPATH\Boot.php(67): CodeIgniter\Boot::runCodeIgniter(Object(CodeIgniter\CodeIgniter))
 5 FCPATH\index.php(56): CodeIgniter\Boot::bootWeb(Object(Config\Paths))
 6 SYSTEMPATH\Commands\Server\rewrite.php(49): require_once('D:\\xampp\\htdocs\\akcdhanusha\\public\\index.php')
CRITICAL - 2024-06-25 13:54:07 --> CodeIgniter\Exceptions\PageNotFoundException: Can't find a route for 'GET: assets/frontend/webfonts/fa-regular-400.ttf'.
[Method: GET, Route: assets/frontend/webfonts/fa-regular-400.ttf]
in SYSTEMPATH\CodeIgniter.php on line 982.
 1 SYSTEMPATH\CodeIgniter.php(982): CodeIgniter\Exceptions\PageNotFoundException::forPageNotFound('Can\'t find a route for \'GET: assets/frontend/webfonts/fa-regular-400.ttf\'.')
 2 SYSTEMPATH\CodeIgniter.php(364): CodeIgniter\CodeIgniter->display404errors(Object(CodeIgniter\Exceptions\PageNotFoundException))
 3 SYSTEMPATH\Boot.php(312): CodeIgniter\CodeIgniter->run()
 4 SYSTEMPATH\Boot.php(67): CodeIgniter\Boot::runCodeIgniter(Object(CodeIgniter\CodeIgniter))
 5 FCPATH\index.php(56): CodeIgniter\Boot::bootWeb(Object(Config\Paths))
 6 SYSTEMPATH\Commands\Server\rewrite.php(49): require_once('D:\\xampp\\htdocs\\akcdhanusha\\public\\index.php')
INFO - 2024-06-25 13:54:07 --> Session: Class initialized using 'CodeIgniter\Session\Handlers\FileHandler' driver.
CRITICAL - 2024-06-25 13:54:07 --> CodeIgniter\Exceptions\PageNotFoundException: Can't find a route for 'GET: assets/uploads/header/'.
[Method: GET, Route: assets/uploads/header/]
in SYSTEMPATH\CodeIgniter.php on line 982.
 1 SYSTEMPATH\CodeIgniter.php(982): CodeIgniter\Exceptions\PageNotFoundException::forPageNotFound('Can\'t find a route for \'GET: assets/uploads/header/\'.')
 2 SYSTEMPATH\CodeIgniter.php(364): CodeIgniter\CodeIgniter->display404errors(Object(CodeIgniter\Exceptions\PageNotFoundException))
 3 SYSTEMPATH\Boot.php(312): CodeIgniter\CodeIgniter->run()
 4 SYSTEMPATH\Boot.php(67): CodeIgniter\Boot::runCodeIgniter(Object(CodeIgniter\CodeIgniter))
 5 FCPATH\index.php(56): CodeIgniter\Boot::bootWeb(Object(Config\Paths))
 6 SYSTEMPATH\Commands\Server\rewrite.php(49): require_once('D:\\xampp\\htdocs\\akcdhanusha\\public\\index.php')
INFO - 2024-06-25 13:54:08 --> Session: Class initialized using 'CodeIgniter\Session\Handlers\FileHandler' driver.
INFO - 2024-06-25 13:54:09 --> Session: Class initialized using 'CodeIgniter\Session\Handlers\FileHandler' driver.
INFO - 2024-06-25 13:54:10 --> Session: Class initialized using 'CodeIgniter\Session\Handlers\FileHandler' driver.
INFO - 2024-06-25 13:54:11 --> Session: Class initialized using 'CodeIgniter\Session\Handlers\FileHandler' driver.
INFO - 2024-06-25 13:54:12 --> Session: Class initialized using 'CodeIgniter\Session\Handlers\FileHandler' driver.
INFO - 2024-06-25 13:54:13 --> Session: Class initialized using 'CodeIgniter\Session\Handlers\FileHandler' driver.
INFO - 2024-06-25 13:54:14 --> Session: Class initialized using 'CodeIgniter\Session\Handlers\FileHandler' driver.
INFO - 2024-06-25 13:54:15 --> Session: Class initialized using 'CodeIgniter\Session\Handlers\FileHandler' driver.
INFO - 2024-06-25 13:54:16 --> Session: Class initialized using 'CodeIgniter\Session\Handlers\FileHandler' driver.
INFO - 2024-06-25 13:54:17 --> Session: Class initialized using 'CodeIgniter\Session\Handlers\FileHandler' driver.
INFO - 2024-06-25 13:54:18 --> Session: Class initialized using 'CodeIgniter\Session\Handlers\FileHandler' driver.
INFO - 2024-06-25 13:54:19 --> Session: Class initialized using 'CodeIgniter\Session\Handlers\FileHandler' driver.
INFO - 2024-06-25 13:54:20 --> Session: Class initialized using 'CodeIgniter\Session\Handlers\FileHandler' driver.
INFO - 2024-06-25 13:54:21 --> Session: Class initialized using 'CodeIgniter\Session\Handlers\FileHandler' driver.
INFO - 2024-06-25 13:54:22 --> Session: Class initialized using 'CodeIgniter\Session\Handlers\FileHandler' driver.
INFO - 2024-06-25 13:54:23 --> Session: Class initialized using 'CodeIgniter\Session\Handlers\FileHandler' driver.
INFO - 2024-06-25 13:54:25 --> Session: Class initialized using 'CodeIgniter\Session\Handlers\FileHandler' driver.
INFO - 2024-06-25 13:54:25 --> Session: Class initialized using 'CodeIgniter\Session\Handlers\FileHandler' driver.
INFO - 2024-06-25 13:54:27 --> Session: Class initialized using 'CodeIgniter\Session\Handlers\FileHandler' driver.
INFO - 2024-06-25 13:54:28 --> Session: Class initialized using 'CodeIgniter\Session\Handlers\FileHandler' driver.
INFO - 2024-06-25 13:54:29 --> Session: Class initialized using 'CodeIgniter\Session\Handlers\FileHandler' driver.
INFO - 2024-06-25 13:54:30 --> Session: Class initialized using 'CodeIgniter\Session\Handlers\FileHandler' driver.
INFO - 2024-06-25 13:54:31 --> Session: Class initialized using 'CodeIgniter\Session\Handlers\FileHandler' driver.
INFO - 2024-06-25 13:54:32 --> Session: Class initialized using 'CodeIgniter\Session\Handlers\FileHandler' driver.
INFO - 2024-06-25 13:54:33 --> Session: Class initialized using 'CodeIgniter\Session\Handlers\FileHandler' driver.
INFO - 2024-06-25 13:54:34 --> Session: Class initialized using 'CodeIgniter\Session\Handlers\FileHandler' driver.
INFO - 2024-06-25 13:54:35 --> Session: Class initialized using 'CodeIgniter\Session\Handlers\FileHandler' driver.
INFO - 2024-06-25 13:54:36 --> Session: Class initialized using 'CodeIgniter\Session\Handlers\FileHandler' driver.
INFO - 2024-06-25 13:54:39 --> Session: Class initialized using 'CodeIgniter\Session\Handlers\FileHandler' driver.
INFO - 2024-06-25 13:54:40 --> Session: Class initialized using 'CodeIgniter\Session\Handlers\FileHandler' driver.
INFO - 2024-06-25 13:54:40 --> Session: Class initialized using 'CodeIgniter\Session\Handlers\FileHandler' driver.
INFO - 2024-06-25 13:54:41 --> Session: Class initialized using 'CodeIgniter\Session\Handlers\FileHandler' driver.
INFO - 2024-06-25 13:54:41 --> Session: Class initialized using 'CodeIgniter\Session\Handlers\FileHandler' driver.
INFO - 2024-06-25 13:54:43 --> Session: Class initialized using 'CodeIgniter\Session\Handlers\FileHandler' driver.
INFO - 2024-06-25 13:54:44 --> Session: Class initialized using 'CodeIgniter\Session\Handlers\FileHandler' driver.
INFO - 2024-06-25 13:54:45 --> Session: Class initialized using 'CodeIgniter\Session\Handlers\FileHandler' driver.
INFO - 2024-06-25 13:54:46 --> Session: Class initialized using 'CodeIgniter\Session\Handlers\FileHandler' driver.
INFO - 2024-06-25 13:54:47 --> Session: Class initialized using 'CodeIgniter\Session\Handlers\FileHandler' driver.
INFO - 2024-06-25 13:54:48 --> Session: Class initialized using 'CodeIgniter\Session\Handlers\FileHandler' driver.
INFO - 2024-06-25 13:54:49 --> Session: Class initialized using 'CodeIgniter\Session\Handlers\FileHandler' driver.
INFO - 2024-06-25 13:54:50 --> Session: Class initialized using 'CodeIgniter\Session\Handlers\FileHandler' driver.
INFO - 2024-06-25 13:54:51 --> Session: Class initialized using 'CodeIgniter\Session\Handlers\FileHandler' driver.
INFO - 2024-06-25 13:54:52 --> Session: Class initialized using 'CodeIgniter\Session\Handlers\FileHandler' driver.
INFO - 2024-06-25 13:54:53 --> Session: Class initialized using 'CodeIgniter\Session\Handlers\FileHandler' driver.
INFO - 2024-06-25 13:54:54 --> Session: Class initialized using 'CodeIgniter\Session\Handlers\FileHandler' driver.
INFO - 2024-06-25 13:54:55 --> Session: Class initialized using 'CodeIgniter\Session\Handlers\FileHandler' driver.
INFO - 2024-06-25 13:54:56 --> Session: Class initialized using 'CodeIgniter\Session\Handlers\FileHandler' driver.
INFO - 2024-06-25 13:54:57 --> Session: Class initialized using 'CodeIgniter\Session\Handlers\FileHandler' driver.
INFO - 2024-06-25 13:54:58 --> Session: Class initialized using 'CodeIgniter\Session\Handlers\FileHandler' driver.
INFO - 2024-06-25 13:54:59 --> Session: Class initialized using 'CodeIgniter\Session\Handlers\FileHandler' driver.
INFO - 2024-06-25 13:55:00 --> Session: Class initialized using 'CodeIgniter\Session\Handlers\FileHandler' driver.
INFO - 2024-06-25 13:55:01 --> Session: Class initialized using 'CodeIgniter\Session\Handlers\FileHandler' driver.
INFO - 2024-06-25 13:55:02 --> Session: Class initialized using 'CodeIgniter\Session\Handlers\FileHandler' driver.
INFO - 2024-06-25 13:55:03 --> Session: Class initialized using 'CodeIgniter\Session\Handlers\FileHandler' driver.
INFO - 2024-06-25 13:55:04 --> Session: Class initialized using 'CodeIgniter\Session\Handlers\FileHandler' driver.
INFO - 2024-06-25 13:55:05 --> Session: Class initialized using 'CodeIgniter\Session\Handlers\FileHandler' driver.
INFO - 2024-06-25 13:55:06 --> Session: Class initialized using 'CodeIgniter\Session\Handlers\FileHandler' driver.
INFO - 2024-06-25 13:55:07 --> Session: Class initialized using 'CodeIgniter\Session\Handlers\FileHandler' driver.
INFO - 2024-06-25 13:55:08 --> Session: Class initialized using 'CodeIgniter\Session\Handlers\FileHandler' driver.
INFO - 2024-06-25 13:55:09 --> Session: Class initialized using 'CodeIgniter\Session\Handlers\FileHandler' driver.
INFO - 2024-06-25 13:55:10 --> Session: Class initialized using 'CodeIgniter\Session\Handlers\FileHandler' driver.
INFO - 2024-06-25 13:55:11 --> Session: Class initialized using 'CodeIgniter\Session\Handlers\FileHandler' driver.
INFO - 2024-06-25 13:55:12 --> Session: Class initialized using 'CodeIgniter\Session\Handlers\FileHandler' driver.
INFO - 2024-06-25 13:55:13 --> Session: Class initialized using 'CodeIgniter\Session\Handlers\FileHandler' driver.
INFO - 2024-06-25 13:55:14 --> Session: Class initialized using 'CodeIgniter\Session\Handlers\FileHandler' driver.
INFO - 2024-06-25 13:55:15 --> Session: Class initialized using 'CodeIgniter\Session\Handlers\FileHandler' driver.
INFO - 2024-06-25 13:55:16 --> Session: Class initialized using 'CodeIgniter\Session\Handlers\FileHandler' driver.
INFO - 2024-06-25 13:55:17 --> Session: Class initialized using 'CodeIgniter\Session\Handlers\FileHandler' driver.
INFO - 2024-06-25 13:55:18 --> Session: Class initialized using 'CodeIgniter\Session\Handlers\FileHandler' driver.
INFO - 2024-06-25 13:55:19 --> Session: Class initialized using 'CodeIgniter\Session\Handlers\FileHandler' driver.
INFO - 2024-06-25 13:55:20 --> Session: Class initialized using 'CodeIgniter\Session\Handlers\FileHandler' driver.
INFO - 2024-06-25 13:55:21 --> Session: Class initialized using 'CodeIgniter\Session\Handlers\FileHandler' driver.
INFO - 2024-06-25 13:55:22 --> Session: Class initialized using 'CodeIgniter\Session\Handlers\FileHandler' driver.
INFO - 2024-06-25 13:55:23 --> Session: Class initialized using 'CodeIgniter\Session\Handlers\FileHandler' driver.
INFO - 2024-06-25 13:55:24 --> Session: Class initialized using 'CodeIgniter\Session\Handlers\FileHandler' driver.
INFO - 2024-06-25 13:55:25 --> Session: Class initialized using 'CodeIgniter\Session\Handlers\FileHandler' driver.
INFO - 2024-06-25 13:55:26 --> Session: Class initialized using 'CodeIgniter\Session\Handlers\FileHandler' driver.
INFO - 2024-06-25 13:55:27 --> Session: Class initialized using 'CodeIgniter\Session\Handlers\FileHandler' driver.
INFO - 2024-06-25 13:55:28 --> Session: Class initialized using 'CodeIgniter\Session\Handlers\FileHandler' driver.
INFO - 2024-06-25 13:55:29 --> Session: Class initialized using 'CodeIgniter\Session\Handlers\FileHandler' driver.
INFO - 2024-06-25 13:55:30 --> Session: Class initialized using 'CodeIgniter\Session\Handlers\FileHandler' driver.
INFO - 2024-06-25 13:55:31 --> Session: Class initialized using 'CodeIgniter\Session\Handlers\FileHandler' driver.
INFO - 2024-06-25 13:55:31 --> Session: Class initialized using 'CodeIgniter\Session\Handlers\FileHandler' driver.
CRITICAL - 2024-06-25 13:55:32 --> CodeIgniter\Exceptions\PageNotFoundException: Can't find a route for 'GET: assets/frontend/webfonts/fa-brands-400.woff2'.
[Method: GET, Route: assets/frontend/webfonts/fa-brands-400.woff2]
in SYSTEMPATH\CodeIgniter.php on line 982.
 1 SYSTEMPATH\CodeIgniter.php(982): CodeIgniter\Exceptions\PageNotFoundException::forPageNotFound('Can\'t find a route for \'GET: assets/frontend/webfonts/fa-brands-400.woff2\'.')
 2 SYSTEMPATH\CodeIgniter.php(364): CodeIgniter\CodeIgniter->display404errors(Object(CodeIgniter\Exceptions\PageNotFoundException))
 3 SYSTEMPATH\Boot.php(312): CodeIgniter\CodeIgniter->run()
 4 SYSTEMPATH\Boot.php(67): CodeIgniter\Boot::runCodeIgniter(Object(CodeIgniter\CodeIgniter))
 5 FCPATH\index.php(56): CodeIgniter\Boot::bootWeb(Object(Config\Paths))
 6 SYSTEMPATH\Commands\Server\rewrite.php(49): require_once('D:\\xampp\\htdocs\\akcdhanusha\\public\\index.php')
CRITICAL - 2024-06-25 13:55:33 --> CodeIgniter\Exceptions\PageNotFoundException: Can't find a route for 'GET: assets/frontend/webfonts/fa-solid-900.woff2'.
[Method: GET, Route: assets/frontend/webfonts/fa-solid-900.woff2]
in SYSTEMPATH\CodeIgniter.php on line 982.
 1 SYSTEMPATH\CodeIgniter.php(982): CodeIgniter\Exceptions\PageNotFoundException::forPageNotFound('Can\'t find a route for \'GET: assets/frontend/webfonts/fa-solid-900.woff2\'.')
 2 SYSTEMPATH\CodeIgniter.php(364): CodeIgniter\CodeIgniter->display404errors(Object(CodeIgniter\Exceptions\PageNotFoundException))
 3 SYSTEMPATH\Boot.php(312): CodeIgniter\CodeIgniter->run()
 4 SYSTEMPATH\Boot.php(67): CodeIgniter\Boot::runCodeIgniter(Object(CodeIgniter\CodeIgniter))
 5 FCPATH\index.php(56): CodeIgniter\Boot::bootWeb(Object(Config\Paths))
 6 SYSTEMPATH\Commands\Server\rewrite.php(49): require_once('D:\\xampp\\htdocs\\akcdhanusha\\public\\index.php')
CRITICAL - 2024-06-25 13:55:33 --> CodeIgniter\Exceptions\PageNotFoundException: Can't find a route for 'GET: assets/frontend/webfonts/fa-regular-400.woff2'.
[Method: GET, Route: assets/frontend/webfonts/fa-regular-400.woff2]
in SYSTEMPATH\CodeIgniter.php on line 982.
 1 SYSTEMPATH\CodeIgniter.php(982): CodeIgniter\Exceptions\PageNotFoundException::forPageNotFound('Can\'t find a route for \'GET: assets/frontend/webfonts/fa-regular-400.woff2\'.')
 2 SYSTEMPATH\CodeIgniter.php(364): CodeIgniter\CodeIgniter->display404errors(Object(CodeIgniter\Exceptions\PageNotFoundException))
 3 SYSTEMPATH\Boot.php(312): CodeIgniter\CodeIgniter->run()
 4 SYSTEMPATH\Boot.php(67): CodeIgniter\Boot::runCodeIgniter(Object(CodeIgniter\CodeIgniter))
 5 FCPATH\index.php(56): CodeIgniter\Boot::bootWeb(Object(Config\Paths))
 6 SYSTEMPATH\Commands\Server\rewrite.php(49): require_once('D:\\xampp\\htdocs\\akcdhanusha\\public\\index.php')
CRITICAL - 2024-06-25 13:55:33 --> CodeIgniter\Exceptions\PageNotFoundException: Can't find a route for 'GET: assets/frontend/webfonts/fa-brands-400.woff'.
[Method: GET, Route: assets/frontend/webfonts/fa-brands-400.woff]
in SYSTEMPATH\CodeIgniter.php on line 982.
 1 SYSTEMPATH\CodeIgniter.php(982): CodeIgniter\Exceptions\PageNotFoundException::forPageNotFound('Can\'t find a route for \'GET: assets/frontend/webfonts/fa-brands-400.woff\'.')
 2 SYSTEMPATH\CodeIgniter.php(364): CodeIgniter\CodeIgniter->display404errors(Object(CodeIgniter\Exceptions\PageNotFoundException))
 3 SYSTEMPATH\Boot.php(312): CodeIgniter\CodeIgniter->run()
 4 SYSTEMPATH\Boot.php(67): CodeIgniter\Boot::runCodeIgniter(Object(CodeIgniter\CodeIgniter))
 5 FCPATH\index.php(56): CodeIgniter\Boot::bootWeb(Object(Config\Paths))
 6 SYSTEMPATH\Commands\Server\rewrite.php(49): require_once('D:\\xampp\\htdocs\\akcdhanusha\\public\\index.php')
CRITICAL - 2024-06-25 13:55:33 --> CodeIgniter\Exceptions\PageNotFoundException: Can't find a route for 'GET: assets/frontend/webfonts/fa-solid-900.woff'.
[Method: GET, Route: assets/frontend/webfonts/fa-solid-900.woff]
in SYSTEMPATH\CodeIgniter.php on line 982.
 1 SYSTEMPATH\CodeIgniter.php(982): CodeIgniter\Exceptions\PageNotFoundException::forPageNotFound('Can\'t find a route for \'GET: assets/frontend/webfonts/fa-solid-900.woff\'.')
 2 SYSTEMPATH\CodeIgniter.php(364): CodeIgniter\CodeIgniter->display404errors(Object(CodeIgniter\Exceptions\PageNotFoundException))
 3 SYSTEMPATH\Boot.php(312): CodeIgniter\CodeIgniter->run()
 4 SYSTEMPATH\Boot.php(67): CodeIgniter\Boot::runCodeIgniter(Object(CodeIgniter\CodeIgniter))
 5 FCPATH\index.php(56): CodeIgniter\Boot::bootWeb(Object(Config\Paths))
 6 SYSTEMPATH\Commands\Server\rewrite.php(49): require_once('D:\\xampp\\htdocs\\akcdhanusha\\public\\index.php')
CRITICAL - 2024-06-25 13:55:33 --> CodeIgniter\Exceptions\PageNotFoundException: Can't find a route for 'GET: assets/frontend/webfonts/fa-regular-400.woff'.
[Method: GET, Route: assets/frontend/webfonts/fa-regular-400.woff]
in SYSTEMPATH\CodeIgniter.php on line 982.
 1 SYSTEMPATH\CodeIgniter.php(982): CodeIgniter\Exceptions\PageNotFoundException::forPageNotFound('Can\'t find a route for \'GET: assets/frontend/webfonts/fa-regular-400.woff\'.')
 2 SYSTEMPATH\CodeIgniter.php(364): CodeIgniter\CodeIgniter->display404errors(Object(CodeIgniter\Exceptions\PageNotFoundException))
 3 SYSTEMPATH\Boot.php(312): CodeIgniter\CodeIgniter->run()
 4 SYSTEMPATH\Boot.php(67): CodeIgniter\Boot::runCodeIgniter(Object(CodeIgniter\CodeIgniter))
 5 FCPATH\index.php(56): CodeIgniter\Boot::bootWeb(Object(Config\Paths))
 6 SYSTEMPATH\Commands\Server\rewrite.php(49): require_once('D:\\xampp\\htdocs\\akcdhanusha\\public\\index.php')
CRITICAL - 2024-06-25 13:55:33 --> CodeIgniter\Exceptions\PageNotFoundException: Can't find a route for 'GET: assets/frontend/webfonts/fa-brands-400.ttf'.
[Method: GET, Route: assets/frontend/webfonts/fa-brands-400.ttf]
in SYSTEMPATH\CodeIgniter.php on line 982.
 1 SYSTEMPATH\CodeIgniter.php(982): CodeIgniter\Exceptions\PageNotFoundException::forPageNotFound('Can\'t find a route for \'GET: assets/frontend/webfonts/fa-brands-400.ttf\'.')
 2 SYSTEMPATH\CodeIgniter.php(364): CodeIgniter\CodeIgniter->display404errors(Object(CodeIgniter\Exceptions\PageNotFoundException))
 3 SYSTEMPATH\Boot.php(312): CodeIgniter\CodeIgniter->run()
 4 SYSTEMPATH\Boot.php(67): CodeIgniter\Boot::runCodeIgniter(Object(CodeIgniter\CodeIgniter))
 5 FCPATH\index.php(56): CodeIgniter\Boot::bootWeb(Object(Config\Paths))
 6 SYSTEMPATH\Commands\Server\rewrite.php(49): require_once('D:\\xampp\\htdocs\\akcdhanusha\\public\\index.php')
CRITICAL - 2024-06-25 13:55:33 --> CodeIgniter\Exceptions\PageNotFoundException: Can't find a route for 'GET: ws'.
[Method: GET, Route: ws]
in SYSTEMPATH\CodeIgniter.php on line 982.
 1 SYSTEMPATH\CodeIgniter.php(982): CodeIgniter\Exceptions\PageNotFoundException::forPageNotFound('Can\'t find a route for \'GET: ws\'.')
 2 SYSTEMPATH\CodeIgniter.php(364): CodeIgniter\CodeIgniter->display404errors(Object(CodeIgniter\Exceptions\PageNotFoundException))
 3 SYSTEMPATH\Boot.php(312): CodeIgniter\CodeIgniter->run()
 4 SYSTEMPATH\Boot.php(67): CodeIgniter\Boot::runCodeIgniter(Object(CodeIgniter\CodeIgniter))
 5 FCPATH\index.php(56): CodeIgniter\Boot::bootWeb(Object(Config\Paths))
 6 SYSTEMPATH\Commands\Server\rewrite.php(49): require_once('D:\\xampp\\htdocs\\akcdhanusha\\public\\index.php')
CRITICAL - 2024-06-25 13:55:34 --> CodeIgniter\Exceptions\PageNotFoundException: Can't find a route for 'GET: assets/frontend/webfonts/fa-solid-900.ttf'.
[Method: GET, Route: assets/frontend/webfonts/fa-solid-900.ttf]
in SYSTEMPATH\CodeIgniter.php on line 982.
 1 SYSTEMPATH\CodeIgniter.php(982): CodeIgniter\Exceptions\PageNotFoundException::forPageNotFound('Can\'t find a route for \'GET: assets/frontend/webfonts/fa-solid-900.ttf\'.')
 2 SYSTEMPATH\CodeIgniter.php(364): CodeIgniter\CodeIgniter->display404errors(Object(CodeIgniter\Exceptions\PageNotFoundException))
 3 SYSTEMPATH\Boot.php(312): CodeIgniter\CodeIgniter->run()
 4 SYSTEMPATH\Boot.php(67): CodeIgniter\Boot::runCodeIgniter(Object(CodeIgniter\CodeIgniter))
 5 FCPATH\index.php(56): CodeIgniter\Boot::bootWeb(Object(Config\Paths))
 6 SYSTEMPATH\Commands\Server\rewrite.php(49): require_once('D:\\xampp\\htdocs\\akcdhanusha\\public\\index.php')
CRITICAL - 2024-06-25 13:55:34 --> CodeIgniter\Exceptions\PageNotFoundException: Can't find a route for 'GET: assets/frontend/webfonts/fa-regular-400.ttf'.
[Method: GET, Route: assets/frontend/webfonts/fa-regular-400.ttf]
in SYSTEMPATH\CodeIgniter.php on line 982.
 1 SYSTEMPATH\CodeIgniter.php(982): CodeIgniter\Exceptions\PageNotFoundException::forPageNotFound('Can\'t find a route for \'GET: assets/frontend/webfonts/fa-regular-400.ttf\'.')
 2 SYSTEMPATH\CodeIgniter.php(364): CodeIgniter\CodeIgniter->display404errors(Object(CodeIgniter\Exceptions\PageNotFoundException))
 3 SYSTEMPATH\Boot.php(312): CodeIgniter\CodeIgniter->run()
 4 SYSTEMPATH\Boot.php(67): CodeIgniter\Boot::runCodeIgniter(Object(CodeIgniter\CodeIgniter))
 5 FCPATH\index.php(56): CodeIgniter\Boot::bootWeb(Object(Config\Paths))
 6 SYSTEMPATH\Commands\Server\rewrite.php(49): require_once('D:\\xampp\\htdocs\\akcdhanusha\\public\\index.php')
INFO - 2024-06-25 13:55:34 --> Session: Class initialized using 'CodeIgniter\Session\Handlers\FileHandler' driver.
CRITICAL - 2024-06-25 13:55:34 --> CodeIgniter\Exceptions\PageNotFoundException: Can't find a route for 'GET: assets/uploads/header/'.
[Method: GET, Route: assets/uploads/header/]
in SYSTEMPATH\CodeIgniter.php on line 982.
 1 SYSTEMPATH\CodeIgniter.php(982): CodeIgniter\Exceptions\PageNotFoundException::forPageNotFound('Can\'t find a route for \'GET: assets/uploads/header/\'.')
 2 SYSTEMPATH\CodeIgniter.php(364): CodeIgniter\CodeIgniter->display404errors(Object(CodeIgniter\Exceptions\PageNotFoundException))
 3 SYSTEMPATH\Boot.php(312): CodeIgniter\CodeIgniter->run()
 4 SYSTEMPATH\Boot.php(67): CodeIgniter\Boot::runCodeIgniter(Object(CodeIgniter\CodeIgniter))
 5 FCPATH\index.php(56): CodeIgniter\Boot::bootWeb(Object(Config\Paths))
 6 SYSTEMPATH\Commands\Server\rewrite.php(49): require_once('D:\\xampp\\htdocs\\akcdhanusha\\public\\index.php')
INFO - 2024-06-25 13:55:34 --> Session: Class initialized using 'CodeIgniter\Session\Handlers\FileHandler' driver.
INFO - 2024-06-25 13:55:35 --> Session: Class initialized using 'CodeIgniter\Session\Handlers\FileHandler' driver.
INFO - 2024-06-25 13:55:36 --> Session: Class initialized using 'CodeIgniter\Session\Handlers\FileHandler' driver.
INFO - 2024-06-25 13:55:37 --> Session: Class initialized using 'CodeIgniter\Session\Handlers\FileHandler' driver.
INFO - 2024-06-25 13:55:39 --> Session: Class initialized using 'CodeIgniter\Session\Handlers\FileHandler' driver.
INFO - 2024-06-25 13:55:42 --> Session: Class initialized using 'CodeIgniter\Session\Handlers\FileHandler' driver.
INFO - 2024-06-25 13:55:42 --> Session: Class initialized using 'CodeIgniter\Session\Handlers\FileHandler' driver.
INFO - 2024-06-25 13:55:43 --> Session: Class initialized using 'CodeIgniter\Session\Handlers\FileHandler' driver.
INFO - 2024-06-25 13:55:43 --> Session: Class initialized using 'CodeIgniter\Session\Handlers\FileHandler' driver.
INFO - 2024-06-25 13:55:44 --> Session: Class initialized using 'CodeIgniter\Session\Handlers\FileHandler' driver.
INFO - 2024-06-25 13:55:45 --> Session: Class initialized using 'CodeIgniter\Session\Handlers\FileHandler' driver.
INFO - 2024-06-25 13:55:48 --> Session: Class initialized using 'CodeIgniter\Session\Handlers\FileHandler' driver.
INFO - 2024-06-25 13:55:48 --> Session: Class initialized using 'CodeIgniter\Session\Handlers\FileHandler' driver.
INFO - 2024-06-25 13:55:49 --> Session: Class initialized using 'CodeIgniter\Session\Handlers\FileHandler' driver.
INFO - 2024-06-25 13:55:50 --> Session: Class initialized using 'CodeIgniter\Session\Handlers\FileHandler' driver.
INFO - 2024-06-25 13:55:51 --> Session: Class initialized using 'CodeIgniter\Session\Handlers\FileHandler' driver.
INFO - 2024-06-25 13:55:52 --> Session: Class initialized using 'CodeIgniter\Session\Handlers\FileHandler' driver.
INFO - 2024-06-25 13:55:56 --> Session: Class initialized using 'CodeIgniter\Session\Handlers\FileHandler' driver.
INFO - 2024-06-25 13:55:56 --> Session: Class initialized using 'CodeIgniter\Session\Handlers\FileHandler' driver.
INFO - 2024-06-25 13:55:56 --> Session: Class initialized using 'CodeIgniter\Session\Handlers\FileHandler' driver.
CRITICAL - 2024-06-25 13:55:57 --> CodeIgniter\Exceptions\PageNotFoundException: Can't find a route for 'GET: assets/frontend/webfonts/fa-brands-400.woff2'.
[Method: GET, Route: assets/frontend/webfonts/fa-brands-400.woff2]
in SYSTEMPATH\CodeIgniter.php on line 982.
 1 SYSTEMPATH\CodeIgniter.php(982): CodeIgniter\Exceptions\PageNotFoundException::forPageNotFound('Can\'t find a route for \'GET: assets/frontend/webfonts/fa-brands-400.woff2\'.')
 2 SYSTEMPATH\CodeIgniter.php(364): CodeIgniter\CodeIgniter->display404errors(Object(CodeIgniter\Exceptions\PageNotFoundException))
 3 SYSTEMPATH\Boot.php(312): CodeIgniter\CodeIgniter->run()
 4 SYSTEMPATH\Boot.php(67): CodeIgniter\Boot::runCodeIgniter(Object(CodeIgniter\CodeIgniter))
 5 FCPATH\index.php(56): CodeIgniter\Boot::bootWeb(Object(Config\Paths))
 6 SYSTEMPATH\Commands\Server\rewrite.php(49): require_once('D:\\xampp\\htdocs\\akcdhanusha\\public\\index.php')
CRITICAL - 2024-06-25 13:55:57 --> CodeIgniter\Exceptions\PageNotFoundException: Can't find a route for 'GET: assets/frontend/webfonts/fa-regular-400.woff2'.
[Method: GET, Route: assets/frontend/webfonts/fa-regular-400.woff2]
in SYSTEMPATH\CodeIgniter.php on line 982.
 1 SYSTEMPATH\CodeIgniter.php(982): CodeIgniter\Exceptions\PageNotFoundException::forPageNotFound('Can\'t find a route for \'GET: assets/frontend/webfonts/fa-regular-400.woff2\'.')
 2 SYSTEMPATH\CodeIgniter.php(364): CodeIgniter\CodeIgniter->display404errors(Object(CodeIgniter\Exceptions\PageNotFoundException))
 3 SYSTEMPATH\Boot.php(312): CodeIgniter\CodeIgniter->run()
 4 SYSTEMPATH\Boot.php(67): CodeIgniter\Boot::runCodeIgniter(Object(CodeIgniter\CodeIgniter))
 5 FCPATH\index.php(56): CodeIgniter\Boot::bootWeb(Object(Config\Paths))
 6 SYSTEMPATH\Commands\Server\rewrite.php(49): require_once('D:\\xampp\\htdocs\\akcdhanusha\\public\\index.php')
CRITICAL - 2024-06-25 13:55:57 --> CodeIgniter\Exceptions\PageNotFoundException: Can't find a route for 'GET: assets/frontend/webfonts/fa-solid-900.woff2'.
[Method: GET, Route: assets/frontend/webfonts/fa-solid-900.woff2]
in SYSTEMPATH\CodeIgniter.php on line 982.
 1 SYSTEMPATH\CodeIgniter.php(982): CodeIgniter\Exceptions\PageNotFoundException::forPageNotFound('Can\'t find a route for \'GET: assets/frontend/webfonts/fa-solid-900.woff2\'.')
 2 SYSTEMPATH\CodeIgniter.php(364): CodeIgniter\CodeIgniter->display404errors(Object(CodeIgniter\Exceptions\PageNotFoundException))
 3 SYSTEMPATH\Boot.php(312): CodeIgniter\CodeIgniter->run()
 4 SYSTEMPATH\Boot.php(67): CodeIgniter\Boot::runCodeIgniter(Object(CodeIgniter\CodeIgniter))
 5 FCPATH\index.php(56): CodeIgniter\Boot::bootWeb(Object(Config\Paths))
 6 SYSTEMPATH\Commands\Server\rewrite.php(49): require_once('D:\\xampp\\htdocs\\akcdhanusha\\public\\index.php')
CRITICAL - 2024-06-25 13:55:57 --> CodeIgniter\Exceptions\PageNotFoundException: Can't find a route for 'GET: assets/frontend/webfonts/fa-brands-400.woff'.
[Method: GET, Route: assets/frontend/webfonts/fa-brands-400.woff]
in SYSTEMPATH\CodeIgniter.php on line 982.
 1 SYSTEMPATH\CodeIgniter.php(982): CodeIgniter\Exceptions\PageNotFoundException::forPageNotFound('Can\'t find a route for \'GET: assets/frontend/webfonts/fa-brands-400.woff\'.')
 2 SYSTEMPATH\CodeIgniter.php(364): CodeIgniter\CodeIgniter->display404errors(Object(CodeIgniter\Exceptions\PageNotFoundException))
 3 SYSTEMPATH\Boot.php(312): CodeIgniter\CodeIgniter->run()
 4 SYSTEMPATH\Boot.php(67): CodeIgniter\Boot::runCodeIgniter(Object(CodeIgniter\CodeIgniter))
 5 FCPATH\index.php(56): CodeIgniter\Boot::bootWeb(Object(Config\Paths))
 6 SYSTEMPATH\Commands\Server\rewrite.php(49): require_once('D:\\xampp\\htdocs\\akcdhanusha\\public\\index.php')
CRITICAL - 2024-06-25 13:55:57 --> CodeIgniter\Exceptions\PageNotFoundException: Can't find a route for 'GET: assets/frontend/webfonts/fa-regular-400.woff'.
[Method: GET, Route: assets/frontend/webfonts/fa-regular-400.woff]
in SYSTEMPATH\CodeIgniter.php on line 982.
 1 SYSTEMPATH\CodeIgniter.php(982): CodeIgniter\Exceptions\PageNotFoundException::forPageNotFound('Can\'t find a route for \'GET: assets/frontend/webfonts/fa-regular-400.woff\'.')
 2 SYSTEMPATH\CodeIgniter.php(364): CodeIgniter\CodeIgniter->display404errors(Object(CodeIgniter\Exceptions\PageNotFoundException))
 3 SYSTEMPATH\Boot.php(312): CodeIgniter\CodeIgniter->run()
 4 SYSTEMPATH\Boot.php(67): CodeIgniter\Boot::runCodeIgniter(Object(CodeIgniter\CodeIgniter))
 5 FCPATH\index.php(56): CodeIgniter\Boot::bootWeb(Object(Config\Paths))
 6 SYSTEMPATH\Commands\Server\rewrite.php(49): require_once('D:\\xampp\\htdocs\\akcdhanusha\\public\\index.php')
CRITICAL - 2024-06-25 13:55:58 --> CodeIgniter\Exceptions\PageNotFoundException: Can't find a route for 'GET: assets/frontend/webfonts/fa-solid-900.woff'.
[Method: GET, Route: assets/frontend/webfonts/fa-solid-900.woff]
in SYSTEMPATH\CodeIgniter.php on line 982.
 1 SYSTEMPATH\CodeIgniter.php(982): CodeIgniter\Exceptions\PageNotFoundException::forPageNotFound('Can\'t find a route for \'GET: assets/frontend/webfonts/fa-solid-900.woff\'.')
 2 SYSTEMPATH\CodeIgniter.php(364): CodeIgniter\CodeIgniter->display404errors(Object(CodeIgniter\Exceptions\PageNotFoundException))
 3 SYSTEMPATH\Boot.php(312): CodeIgniter\CodeIgniter->run()
 4 SYSTEMPATH\Boot.php(67): CodeIgniter\Boot::runCodeIgniter(Object(CodeIgniter\CodeIgniter))
 5 FCPATH\index.php(56): CodeIgniter\Boot::bootWeb(Object(Config\Paths))
 6 SYSTEMPATH\Commands\Server\rewrite.php(49): require_once('D:\\xampp\\htdocs\\akcdhanusha\\public\\index.php')
CRITICAL - 2024-06-25 13:55:58 --> CodeIgniter\Exceptions\PageNotFoundException: Can't find a route for 'GET: assets/frontend/webfonts/fa-brands-400.ttf'.
[Method: GET, Route: assets/frontend/webfonts/fa-brands-400.ttf]
in SYSTEMPATH\CodeIgniter.php on line 982.
 1 SYSTEMPATH\CodeIgniter.php(982): CodeIgniter\Exceptions\PageNotFoundException::forPageNotFound('Can\'t find a route for \'GET: assets/frontend/webfonts/fa-brands-400.ttf\'.')
 2 SYSTEMPATH\CodeIgniter.php(364): CodeIgniter\CodeIgniter->display404errors(Object(CodeIgniter\Exceptions\PageNotFoundException))
 3 SYSTEMPATH\Boot.php(312): CodeIgniter\CodeIgniter->run()
 4 SYSTEMPATH\Boot.php(67): CodeIgniter\Boot::runCodeIgniter(Object(CodeIgniter\CodeIgniter))
 5 FCPATH\index.php(56): CodeIgniter\Boot::bootWeb(Object(Config\Paths))
 6 SYSTEMPATH\Commands\Server\rewrite.php(49): require_once('D:\\xampp\\htdocs\\akcdhanusha\\public\\index.php')
CRITICAL - 2024-06-25 13:55:58 --> CodeIgniter\Exceptions\PageNotFoundException: Can't find a route for 'GET: assets/frontend/webfonts/fa-regular-400.ttf'.
[Method: GET, Route: assets/frontend/webfonts/fa-regular-400.ttf]
in SYSTEMPATH\CodeIgniter.php on line 982.
 1 SYSTEMPATH\CodeIgniter.php(982): CodeIgniter\Exceptions\PageNotFoundException::forPageNotFound('Can\'t find a route for \'GET: assets/frontend/webfonts/fa-regular-400.ttf\'.')
 2 SYSTEMPATH\CodeIgniter.php(364): CodeIgniter\CodeIgniter->display404errors(Object(CodeIgniter\Exceptions\PageNotFoundException))
 3 SYSTEMPATH\Boot.php(312): CodeIgniter\CodeIgniter->run()
 4 SYSTEMPATH\Boot.php(67): CodeIgniter\Boot::runCodeIgniter(Object(CodeIgniter\CodeIgniter))
 5 FCPATH\index.php(56): CodeIgniter\Boot::bootWeb(Object(Config\Paths))
 6 SYSTEMPATH\Commands\Server\rewrite.php(49): require_once('D:\\xampp\\htdocs\\akcdhanusha\\public\\index.php')
INFO - 2024-06-25 13:55:58 --> Session: Class initialized using 'CodeIgniter\Session\Handlers\FileHandler' driver.
CRITICAL - 2024-06-25 13:55:58 --> CodeIgniter\Exceptions\PageNotFoundException: Can't find a route for 'GET: assets/frontend/webfonts/fa-solid-900.ttf'.
[Method: GET, Route: assets/frontend/webfonts/fa-solid-900.ttf]
in SYSTEMPATH\CodeIgniter.php on line 982.
 1 SYSTEMPATH\CodeIgniter.php(982): CodeIgniter\Exceptions\PageNotFoundException::forPageNotFound('Can\'t find a route for \'GET: assets/frontend/webfonts/fa-solid-900.ttf\'.')
 2 SYSTEMPATH\CodeIgniter.php(364): CodeIgniter\CodeIgniter->display404errors(Object(CodeIgniter\Exceptions\PageNotFoundException))
 3 SYSTEMPATH\Boot.php(312): CodeIgniter\CodeIgniter->run()
 4 SYSTEMPATH\Boot.php(67): CodeIgniter\Boot::runCodeIgniter(Object(CodeIgniter\CodeIgniter))
 5 FCPATH\index.php(56): CodeIgniter\Boot::bootWeb(Object(Config\Paths))
 6 SYSTEMPATH\Commands\Server\rewrite.php(49): require_once('D:\\xampp\\htdocs\\akcdhanusha\\public\\index.php')
CRITICAL - 2024-06-25 13:55:58 --> CodeIgniter\Exceptions\PageNotFoundException: Can't find a route for 'GET: ws'.
[Method: GET, Route: ws]
in SYSTEMPATH\CodeIgniter.php on line 982.
 1 SYSTEMPATH\CodeIgniter.php(982): CodeIgniter\Exceptions\PageNotFoundException::forPageNotFound('Can\'t find a route for \'GET: ws\'.')
 2 SYSTEMPATH\CodeIgniter.php(364): CodeIgniter\CodeIgniter->display404errors(Object(CodeIgniter\Exceptions\PageNotFoundException))
 3 SYSTEMPATH\Boot.php(312): CodeIgniter\CodeIgniter->run()
 4 SYSTEMPATH\Boot.php(67): CodeIgniter\Boot::runCodeIgniter(Object(CodeIgniter\CodeIgniter))
 5 FCPATH\index.php(56): CodeIgniter\Boot::bootWeb(Object(Config\Paths))
 6 SYSTEMPATH\Commands\Server\rewrite.php(49): require_once('D:\\xampp\\htdocs\\akcdhanusha\\public\\index.php')
CRITICAL - 2024-06-25 13:55:58 --> CodeIgniter\Exceptions\PageNotFoundException: Can't find a route for 'GET: assets/uploads/header/'.
[Method: GET, Route: assets/uploads/header/]
in SYSTEMPATH\CodeIgniter.php on line 982.
 1 SYSTEMPATH\CodeIgniter.php(982): CodeIgniter\Exceptions\PageNotFoundException::forPageNotFound('Can\'t find a route for \'GET: assets/uploads/header/\'.')
 2 SYSTEMPATH\CodeIgniter.php(364): CodeIgniter\CodeIgniter->display404errors(Object(CodeIgniter\Exceptions\PageNotFoundException))
 3 SYSTEMPATH\Boot.php(312): CodeIgniter\CodeIgniter->run()
 4 SYSTEMPATH\Boot.php(67): CodeIgniter\Boot::runCodeIgniter(Object(CodeIgniter\CodeIgniter))
 5 FCPATH\index.php(56): CodeIgniter\Boot::bootWeb(Object(Config\Paths))
 6 SYSTEMPATH\Commands\Server\rewrite.php(49): require_once('D:\\xampp\\htdocs\\akcdhanusha\\public\\index.php')
INFO - 2024-06-25 13:55:59 --> Session: Class initialized using 'CodeIgniter\Session\Handlers\FileHandler' driver.
INFO - 2024-06-25 13:56:02 --> Session: Class initialized using 'CodeIgniter\Session\Handlers\FileHandler' driver.
INFO - 2024-06-25 13:56:02 --> Session: Class initialized using 'CodeIgniter\Session\Handlers\FileHandler' driver.
INFO - 2024-06-25 13:56:03 --> Session: Class initialized using 'CodeIgniter\Session\Handlers\FileHandler' driver.
INFO - 2024-06-25 13:56:03 --> Session: Class initialized using 'CodeIgniter\Session\Handlers\FileHandler' driver.
INFO - 2024-06-25 13:56:04 --> Session: Class initialized using 'CodeIgniter\Session\Handlers\FileHandler' driver.
INFO - 2024-06-25 13:56:04 --> Session: Class initialized using 'CodeIgniter\Session\Handlers\FileHandler' driver.
CRITICAL - 2024-06-25 13:56:05 --> CodeIgniter\Exceptions\PageNotFoundException: Can't find a route for 'GET: assets/frontend/webfonts/fa-brands-400.woff2'.
[Method: GET, Route: assets/frontend/webfonts/fa-brands-400.woff2]
in SYSTEMPATH\CodeIgniter.php on line 982.
 1 SYSTEMPATH\CodeIgniter.php(982): CodeIgniter\Exceptions\PageNotFoundException::forPageNotFound('Can\'t find a route for \'GET: assets/frontend/webfonts/fa-brands-400.woff2\'.')
 2 SYSTEMPATH\CodeIgniter.php(364): CodeIgniter\CodeIgniter->display404errors(Object(CodeIgniter\Exceptions\PageNotFoundException))
 3 SYSTEMPATH\Boot.php(312): CodeIgniter\CodeIgniter->run()
 4 SYSTEMPATH\Boot.php(67): CodeIgniter\Boot::runCodeIgniter(Object(CodeIgniter\CodeIgniter))
 5 FCPATH\index.php(56): CodeIgniter\Boot::bootWeb(Object(Config\Paths))
 6 SYSTEMPATH\Commands\Server\rewrite.php(49): require_once('D:\\xampp\\htdocs\\akcdhanusha\\public\\index.php')
CRITICAL - 2024-06-25 13:56:05 --> CodeIgniter\Exceptions\PageNotFoundException: Can't find a route for 'GET: assets/frontend/webfonts/fa-regular-400.woff2'.
[Method: GET, Route: assets/frontend/webfonts/fa-regular-400.woff2]
in SYSTEMPATH\CodeIgniter.php on line 982.
 1 SYSTEMPATH\CodeIgniter.php(982): CodeIgniter\Exceptions\PageNotFoundException::forPageNotFound('Can\'t find a route for \'GET: assets/frontend/webfonts/fa-regular-400.woff2\'.')
 2 SYSTEMPATH\CodeIgniter.php(364): CodeIgniter\CodeIgniter->display404errors(Object(CodeIgniter\Exceptions\PageNotFoundException))
 3 SYSTEMPATH\Boot.php(312): CodeIgniter\CodeIgniter->run()
 4 SYSTEMPATH\Boot.php(67): CodeIgniter\Boot::runCodeIgniter(Object(CodeIgniter\CodeIgniter))
 5 FCPATH\index.php(56): CodeIgniter\Boot::bootWeb(Object(Config\Paths))
 6 SYSTEMPATH\Commands\Server\rewrite.php(49): require_once('D:\\xampp\\htdocs\\akcdhanusha\\public\\index.php')
CRITICAL - 2024-06-25 13:56:05 --> CodeIgniter\Exceptions\PageNotFoundException: Can't find a route for 'GET: assets/frontend/webfonts/fa-solid-900.woff2'.
[Method: GET, Route: assets/frontend/webfonts/fa-solid-900.woff2]
in SYSTEMPATH\CodeIgniter.php on line 982.
 1 SYSTEMPATH\CodeIgniter.php(982): CodeIgniter\Exceptions\PageNotFoundException::forPageNotFound('Can\'t find a route for \'GET: assets/frontend/webfonts/fa-solid-900.woff2\'.')
 2 SYSTEMPATH\CodeIgniter.php(364): CodeIgniter\CodeIgniter->display404errors(Object(CodeIgniter\Exceptions\PageNotFoundException))
 3 SYSTEMPATH\Boot.php(312): CodeIgniter\CodeIgniter->run()
 4 SYSTEMPATH\Boot.php(67): CodeIgniter\Boot::runCodeIgniter(Object(CodeIgniter\CodeIgniter))
 5 FCPATH\index.php(56): CodeIgniter\Boot::bootWeb(Object(Config\Paths))
 6 SYSTEMPATH\Commands\Server\rewrite.php(49): require_once('D:\\xampp\\htdocs\\akcdhanusha\\public\\index.php')
CRITICAL - 2024-06-25 13:56:05 --> CodeIgniter\Exceptions\PageNotFoundException: Can't find a route for 'GET: assets/frontend/webfonts/fa-brands-400.woff'.
[Method: GET, Route: assets/frontend/webfonts/fa-brands-400.woff]
in SYSTEMPATH\CodeIgniter.php on line 982.
 1 SYSTEMPATH\CodeIgniter.php(982): CodeIgniter\Exceptions\PageNotFoundException::forPageNotFound('Can\'t find a route for \'GET: assets/frontend/webfonts/fa-brands-400.woff\'.')
 2 SYSTEMPATH\CodeIgniter.php(364): CodeIgniter\CodeIgniter->display404errors(Object(CodeIgniter\Exceptions\PageNotFoundException))
 3 SYSTEMPATH\Boot.php(312): CodeIgniter\CodeIgniter->run()
 4 SYSTEMPATH\Boot.php(67): CodeIgniter\Boot::runCodeIgniter(Object(CodeIgniter\CodeIgniter))
 5 FCPATH\index.php(56): CodeIgniter\Boot::bootWeb(Object(Config\Paths))
 6 SYSTEMPATH\Commands\Server\rewrite.php(49): require_once('D:\\xampp\\htdocs\\akcdhanusha\\public\\index.php')
CRITICAL - 2024-06-25 13:56:05 --> CodeIgniter\Exceptions\PageNotFoundException: Can't find a route for 'GET: assets/frontend/webfonts/fa-regular-400.woff'.
[Method: GET, Route: assets/frontend/webfonts/fa-regular-400.woff]
in SYSTEMPATH\CodeIgniter.php on line 982.
 1 SYSTEMPATH\CodeIgniter.php(982): CodeIgniter\Exceptions\PageNotFoundException::forPageNotFound('Can\'t find a route for \'GET: assets/frontend/webfonts/fa-regular-400.woff\'.')
 2 SYSTEMPATH\CodeIgniter.php(364): CodeIgniter\CodeIgniter->display404errors(Object(CodeIgniter\Exceptions\PageNotFoundException))
 3 SYSTEMPATH\Boot.php(312): CodeIgniter\CodeIgniter->run()
 4 SYSTEMPATH\Boot.php(67): CodeIgniter\Boot::runCodeIgniter(Object(CodeIgniter\CodeIgniter))
 5 FCPATH\index.php(56): CodeIgniter\Boot::bootWeb(Object(Config\Paths))
 6 SYSTEMPATH\Commands\Server\rewrite.php(49): require_once('D:\\xampp\\htdocs\\akcdhanusha\\public\\index.php')
CRITICAL - 2024-06-25 13:56:05 --> CodeIgniter\Exceptions\PageNotFoundException: Can't find a route for 'GET: assets/frontend/webfonts/fa-solid-900.woff'.
[Method: GET, Route: assets/frontend/webfonts/fa-solid-900.woff]
in SYSTEMPATH\CodeIgniter.php on line 982.
 1 SYSTEMPATH\CodeIgniter.php(982): CodeIgniter\Exceptions\PageNotFoundException::forPageNotFound('Can\'t find a route for \'GET: assets/frontend/webfonts/fa-solid-900.woff\'.')
 2 SYSTEMPATH\CodeIgniter.php(364): CodeIgniter\CodeIgniter->display404errors(Object(CodeIgniter\Exceptions\PageNotFoundException))
 3 SYSTEMPATH\Boot.php(312): CodeIgniter\CodeIgniter->run()
 4 SYSTEMPATH\Boot.php(67): CodeIgniter\Boot::runCodeIgniter(Object(CodeIgniter\CodeIgniter))
 5 FCPATH\index.php(56): CodeIgniter\Boot::bootWeb(Object(Config\Paths))
 6 SYSTEMPATH\Commands\Server\rewrite.php(49): require_once('D:\\xampp\\htdocs\\akcdhanusha\\public\\index.php')
CRITICAL - 2024-06-25 13:56:06 --> CodeIgniter\Exceptions\PageNotFoundException: Can't find a route for 'GET: assets/frontend/webfonts/fa-brands-400.ttf'.
[Method: GET, Route: assets/frontend/webfonts/fa-brands-400.ttf]
in SYSTEMPATH\CodeIgniter.php on line 982.
 1 SYSTEMPATH\CodeIgniter.php(982): CodeIgniter\Exceptions\PageNotFoundException::forPageNotFound('Can\'t find a route for \'GET: assets/frontend/webfonts/fa-brands-400.ttf\'.')
 2 SYSTEMPATH\CodeIgniter.php(364): CodeIgniter\CodeIgniter->display404errors(Object(CodeIgniter\Exceptions\PageNotFoundException))
 3 SYSTEMPATH\Boot.php(312): CodeIgniter\CodeIgniter->run()
 4 SYSTEMPATH\Boot.php(67): CodeIgniter\Boot::runCodeIgniter(Object(CodeIgniter\CodeIgniter))
 5 FCPATH\index.php(56): CodeIgniter\Boot::bootWeb(Object(Config\Paths))
 6 SYSTEMPATH\Commands\Server\rewrite.php(49): require_once('D:\\xampp\\htdocs\\akcdhanusha\\public\\index.php')
CRITICAL - 2024-06-25 13:56:06 --> CodeIgniter\Exceptions\PageNotFoundException: Can't find a route for 'GET: assets/frontend/webfonts/fa-regular-400.ttf'.
[Method: GET, Route: assets/frontend/webfonts/fa-regular-400.ttf]
in SYSTEMPATH\CodeIgniter.php on line 982.
 1 SYSTEMPATH\CodeIgniter.php(982): CodeIgniter\Exceptions\PageNotFoundException::forPageNotFound('Can\'t find a route for \'GET: assets/frontend/webfonts/fa-regular-400.ttf\'.')
 2 SYSTEMPATH\CodeIgniter.php(364): CodeIgniter\CodeIgniter->display404errors(Object(CodeIgniter\Exceptions\PageNotFoundException))
 3 SYSTEMPATH\Boot.php(312): CodeIgniter\CodeIgniter->run()
 4 SYSTEMPATH\Boot.php(67): CodeIgniter\Boot::runCodeIgniter(Object(CodeIgniter\CodeIgniter))
 5 FCPATH\index.php(56): CodeIgniter\Boot::bootWeb(Object(Config\Paths))
 6 SYSTEMPATH\Commands\Server\rewrite.php(49): require_once('D:\\xampp\\htdocs\\akcdhanusha\\public\\index.php')
CRITICAL - 2024-06-25 13:56:06 --> CodeIgniter\Exceptions\PageNotFoundException: Can't find a route for 'GET: assets/frontend/webfonts/fa-solid-900.ttf'.
[Method: GET, Route: assets/frontend/webfonts/fa-solid-900.ttf]
in SYSTEMPATH\CodeIgniter.php on line 982.
 1 SYSTEMPATH\CodeIgniter.php(982): CodeIgniter\Exceptions\PageNotFoundException::forPageNotFound('Can\'t find a route for \'GET: assets/frontend/webfonts/fa-solid-900.ttf\'.')
 2 SYSTEMPATH\CodeIgniter.php(364): CodeIgniter\CodeIgniter->display404errors(Object(CodeIgniter\Exceptions\PageNotFoundException))
 3 SYSTEMPATH\Boot.php(312): CodeIgniter\CodeIgniter->run()
 4 SYSTEMPATH\Boot.php(67): CodeIgniter\Boot::runCodeIgniter(Object(CodeIgniter\CodeIgniter))
 5 FCPATH\index.php(56): CodeIgniter\Boot::bootWeb(Object(Config\Paths))
 6 SYSTEMPATH\Commands\Server\rewrite.php(49): require_once('D:\\xampp\\htdocs\\akcdhanusha\\public\\index.php')
INFO - 2024-06-25 13:56:06 --> Session: Class initialized using 'CodeIgniter\Session\Handlers\FileHandler' driver.
CRITICAL - 2024-06-25 13:56:06 --> CodeIgniter\Exceptions\PageNotFoundException: Can't find a route for 'GET: ws'.
[Method: GET, Route: ws]
in SYSTEMPATH\CodeIgniter.php on line 982.
 1 SYSTEMPATH\CodeIgniter.php(982): CodeIgniter\Exceptions\PageNotFoundException::forPageNotFound('Can\'t find a route for \'GET: ws\'.')
 2 SYSTEMPATH\CodeIgniter.php(364): CodeIgniter\CodeIgniter->display404errors(Object(CodeIgniter\Exceptions\PageNotFoundException))
 3 SYSTEMPATH\Boot.php(312): CodeIgniter\CodeIgniter->run()
 4 SYSTEMPATH\Boot.php(67): CodeIgniter\Boot::runCodeIgniter(Object(CodeIgniter\CodeIgniter))
 5 FCPATH\index.php(56): CodeIgniter\Boot::bootWeb(Object(Config\Paths))
 6 SYSTEMPATH\Commands\Server\rewrite.php(49): require_once('D:\\xampp\\htdocs\\akcdhanusha\\public\\index.php')
CRITICAL - 2024-06-25 13:56:06 --> CodeIgniter\Exceptions\PageNotFoundException: Can't find a route for 'GET: assets/uploads/header/'.
[Method: GET, Route: assets/uploads/header/]
in SYSTEMPATH\CodeIgniter.php on line 982.
 1 SYSTEMPATH\CodeIgniter.php(982): CodeIgniter\Exceptions\PageNotFoundException::forPageNotFound('Can\'t find a route for \'GET: assets/uploads/header/\'.')
 2 SYSTEMPATH\CodeIgniter.php(364): CodeIgniter\CodeIgniter->display404errors(Object(CodeIgniter\Exceptions\PageNotFoundException))
 3 SYSTEMPATH\Boot.php(312): CodeIgniter\CodeIgniter->run()
 4 SYSTEMPATH\Boot.php(67): CodeIgniter\Boot::runCodeIgniter(Object(CodeIgniter\CodeIgniter))
 5 FCPATH\index.php(56): CodeIgniter\Boot::bootWeb(Object(Config\Paths))
 6 SYSTEMPATH\Commands\Server\rewrite.php(49): require_once('D:\\xampp\\htdocs\\akcdhanusha\\public\\index.php')
INFO - 2024-06-25 13:56:07 --> Session: Class initialized using 'CodeIgniter\Session\Handlers\FileHandler' driver.
INFO - 2024-06-25 13:56:08 --> Session: Class initialized using 'CodeIgniter\Session\Handlers\FileHandler' driver.
INFO - 2024-06-25 13:56:09 --> Session: Class initialized using 'CodeIgniter\Session\Handlers\FileHandler' driver.
INFO - 2024-06-25 13:56:10 --> Session: Class initialized using 'CodeIgniter\Session\Handlers\FileHandler' driver.
INFO - 2024-06-25 13:56:11 --> Session: Class initialized using 'CodeIgniter\Session\Handlers\FileHandler' driver.
INFO - 2024-06-25 13:56:12 --> Session: Class initialized using 'CodeIgniter\Session\Handlers\FileHandler' driver.
INFO - 2024-06-25 13:56:13 --> Session: Class initialized using 'CodeIgniter\Session\Handlers\FileHandler' driver.
INFO - 2024-06-25 13:56:14 --> Session: Class initialized using 'CodeIgniter\Session\Handlers\FileHandler' driver.
INFO - 2024-06-25 13:56:15 --> Session: Class initialized using 'CodeIgniter\Session\Handlers\FileHandler' driver.
INFO - 2024-06-25 13:56:16 --> Session: Class initialized using 'CodeIgniter\Session\Handlers\FileHandler' driver.
INFO - 2024-06-25 13:56:17 --> Session: Class initialized using 'CodeIgniter\Session\Handlers\FileHandler' driver.
INFO - 2024-06-25 13:56:18 --> Session: Class initialized using 'CodeIgniter\Session\Handlers\FileHandler' driver.
INFO - 2024-06-25 13:56:19 --> Session: Class initialized using 'CodeIgniter\Session\Handlers\FileHandler' driver.
CRITICAL - 2024-06-25 13:56:20 --> CodeIgniter\Exceptions\PageNotFoundException: Can't find a route for 'GET: assets/frontend/webfonts/fa-brands-400.woff2'.
[Method: GET, Route: assets/frontend/webfonts/fa-brands-400.woff2]
in SYSTEMPATH\CodeIgniter.php on line 982.
 1 SYSTEMPATH\CodeIgniter.php(982): CodeIgniter\Exceptions\PageNotFoundException::forPageNotFound('Can\'t find a route for \'GET: assets/frontend/webfonts/fa-brands-400.woff2\'.')
 2 SYSTEMPATH\CodeIgniter.php(364): CodeIgniter\CodeIgniter->display404errors(Object(CodeIgniter\Exceptions\PageNotFoundException))
 3 SYSTEMPATH\Boot.php(312): CodeIgniter\CodeIgniter->run()
 4 SYSTEMPATH\Boot.php(67): CodeIgniter\Boot::runCodeIgniter(Object(CodeIgniter\CodeIgniter))
 5 FCPATH\index.php(56): CodeIgniter\Boot::bootWeb(Object(Config\Paths))
 6 SYSTEMPATH\Commands\Server\rewrite.php(49): require_once('D:\\xampp\\htdocs\\akcdhanusha\\public\\index.php')
CRITICAL - 2024-06-25 13:56:20 --> CodeIgniter\Exceptions\PageNotFoundException: Can't find a route for 'GET: assets/frontend/webfonts/fa-solid-900.woff2'.
[Method: GET, Route: assets/frontend/webfonts/fa-solid-900.woff2]
in SYSTEMPATH\CodeIgniter.php on line 982.
 1 SYSTEMPATH\CodeIgniter.php(982): CodeIgniter\Exceptions\PageNotFoundException::forPageNotFound('Can\'t find a route for \'GET: assets/frontend/webfonts/fa-solid-900.woff2\'.')
 2 SYSTEMPATH\CodeIgniter.php(364): CodeIgniter\CodeIgniter->display404errors(Object(CodeIgniter\Exceptions\PageNotFoundException))
 3 SYSTEMPATH\Boot.php(312): CodeIgniter\CodeIgniter->run()
 4 SYSTEMPATH\Boot.php(67): CodeIgniter\Boot::runCodeIgniter(Object(CodeIgniter\CodeIgniter))
 5 FCPATH\index.php(56): CodeIgniter\Boot::bootWeb(Object(Config\Paths))
 6 SYSTEMPATH\Commands\Server\rewrite.php(49): require_once('D:\\xampp\\htdocs\\akcdhanusha\\public\\index.php')
CRITICAL - 2024-06-25 13:56:20 --> CodeIgniter\Exceptions\PageNotFoundException: Can't find a route for 'GET: assets/frontend/webfonts/fa-regular-400.woff2'.
[Method: GET, Route: assets/frontend/webfonts/fa-regular-400.woff2]
in SYSTEMPATH\CodeIgniter.php on line 982.
 1 SYSTEMPATH\CodeIgniter.php(982): CodeIgniter\Exceptions\PageNotFoundException::forPageNotFound('Can\'t find a route for \'GET: assets/frontend/webfonts/fa-regular-400.woff2\'.')
 2 SYSTEMPATH\CodeIgniter.php(364): CodeIgniter\CodeIgniter->display404errors(Object(CodeIgniter\Exceptions\PageNotFoundException))
 3 SYSTEMPATH\Boot.php(312): CodeIgniter\CodeIgniter->run()
 4 SYSTEMPATH\Boot.php(67): CodeIgniter\Boot::runCodeIgniter(Object(CodeIgniter\CodeIgniter))
 5 FCPATH\index.php(56): CodeIgniter\Boot::bootWeb(Object(Config\Paths))
 6 SYSTEMPATH\Commands\Server\rewrite.php(49): require_once('D:\\xampp\\htdocs\\akcdhanusha\\public\\index.php')
CRITICAL - 2024-06-25 13:56:20 --> CodeIgniter\Exceptions\PageNotFoundException: Can't find a route for 'GET: assets/frontend/webfonts/fa-brands-400.woff'.
[Method: GET, Route: assets/frontend/webfonts/fa-brands-400.woff]
in SYSTEMPATH\CodeIgniter.php on line 982.
 1 SYSTEMPATH\CodeIgniter.php(982): CodeIgniter\Exceptions\PageNotFoundException::forPageNotFound('Can\'t find a route for \'GET: assets/frontend/webfonts/fa-brands-400.woff\'.')
 2 SYSTEMPATH\CodeIgniter.php(364): CodeIgniter\CodeIgniter->display404errors(Object(CodeIgniter\Exceptions\PageNotFoundException))
 3 SYSTEMPATH\Boot.php(312): CodeIgniter\CodeIgniter->run()
 4 SYSTEMPATH\Boot.php(67): CodeIgniter\Boot::runCodeIgniter(Object(CodeIgniter\CodeIgniter))
 5 FCPATH\index.php(56): CodeIgniter\Boot::bootWeb(Object(Config\Paths))
 6 SYSTEMPATH\Commands\Server\rewrite.php(49): require_once('D:\\xampp\\htdocs\\akcdhanusha\\public\\index.php')
CRITICAL - 2024-06-25 13:56:21 --> CodeIgniter\Exceptions\PageNotFoundException: Can't find a route for 'GET: assets/frontend/webfonts/fa-solid-900.woff'.
[Method: GET, Route: assets/frontend/webfonts/fa-solid-900.woff]
in SYSTEMPATH\CodeIgniter.php on line 982.
 1 SYSTEMPATH\CodeIgniter.php(982): CodeIgniter\Exceptions\PageNotFoundException::forPageNotFound('Can\'t find a route for \'GET: assets/frontend/webfonts/fa-solid-900.woff\'.')
 2 SYSTEMPATH\CodeIgniter.php(364): CodeIgniter\CodeIgniter->display404errors(Object(CodeIgniter\Exceptions\PageNotFoundException))
 3 SYSTEMPATH\Boot.php(312): CodeIgniter\CodeIgniter->run()
 4 SYSTEMPATH\Boot.php(67): CodeIgniter\Boot::runCodeIgniter(Object(CodeIgniter\CodeIgniter))
 5 FCPATH\index.php(56): CodeIgniter\Boot::bootWeb(Object(Config\Paths))
 6 SYSTEMPATH\Commands\Server\rewrite.php(49): require_once('D:\\xampp\\htdocs\\akcdhanusha\\public\\index.php')
CRITICAL - 2024-06-25 13:56:21 --> CodeIgniter\Exceptions\PageNotFoundException: Can't find a route for 'GET: assets/frontend/webfonts/fa-brands-400.ttf'.
[Method: GET, Route: assets/frontend/webfonts/fa-brands-400.ttf]
in SYSTEMPATH\CodeIgniter.php on line 982.
 1 SYSTEMPATH\CodeIgniter.php(982): CodeIgniter\Exceptions\PageNotFoundException::forPageNotFound('Can\'t find a route for \'GET: assets/frontend/webfonts/fa-brands-400.ttf\'.')
 2 SYSTEMPATH\CodeIgniter.php(364): CodeIgniter\CodeIgniter->display404errors(Object(CodeIgniter\Exceptions\PageNotFoundException))
 3 SYSTEMPATH\Boot.php(312): CodeIgniter\CodeIgniter->run()
 4 SYSTEMPATH\Boot.php(67): CodeIgniter\Boot::runCodeIgniter(Object(CodeIgniter\CodeIgniter))
 5 FCPATH\index.php(56): CodeIgniter\Boot::bootWeb(Object(Config\Paths))
 6 SYSTEMPATH\Commands\Server\rewrite.php(49): require_once('D:\\xampp\\htdocs\\akcdhanusha\\public\\index.php')
CRITICAL - 2024-06-25 13:56:21 --> CodeIgniter\Exceptions\PageNotFoundException: Can't find a route for 'GET: assets/frontend/webfonts/fa-regular-400.woff'.
[Method: GET, Route: assets/frontend/webfonts/fa-regular-400.woff]
in SYSTEMPATH\CodeIgniter.php on line 982.
 1 SYSTEMPATH\CodeIgniter.php(982): CodeIgniter\Exceptions\PageNotFoundException::forPageNotFound('Can\'t find a route for \'GET: assets/frontend/webfonts/fa-regular-400.woff\'.')
 2 SYSTEMPATH\CodeIgniter.php(364): CodeIgniter\CodeIgniter->display404errors(Object(CodeIgniter\Exceptions\PageNotFoundException))
 3 SYSTEMPATH\Boot.php(312): CodeIgniter\CodeIgniter->run()
 4 SYSTEMPATH\Boot.php(67): CodeIgniter\Boot::runCodeIgniter(Object(CodeIgniter\CodeIgniter))
 5 FCPATH\index.php(56): CodeIgniter\Boot::bootWeb(Object(Config\Paths))
 6 SYSTEMPATH\Commands\Server\rewrite.php(49): require_once('D:\\xampp\\htdocs\\akcdhanusha\\public\\index.php')
INFO - 2024-06-25 13:56:21 --> Session: Class initialized using 'CodeIgniter\Session\Handlers\FileHandler' driver.
CRITICAL - 2024-06-25 13:56:22 --> CodeIgniter\Exceptions\PageNotFoundException: Can't find a route for 'GET: assets/frontend/webfonts/fa-solid-900.ttf'.
[Method: GET, Route: assets/frontend/webfonts/fa-solid-900.ttf]
in SYSTEMPATH\CodeIgniter.php on line 982.
 1 SYSTEMPATH\CodeIgniter.php(982): CodeIgniter\Exceptions\PageNotFoundException::forPageNotFound('Can\'t find a route for \'GET: assets/frontend/webfonts/fa-solid-900.ttf\'.')
 2 SYSTEMPATH\CodeIgniter.php(364): CodeIgniter\CodeIgniter->display404errors(Object(CodeIgniter\Exceptions\PageNotFoundException))
 3 SYSTEMPATH\Boot.php(312): CodeIgniter\CodeIgniter->run()
 4 SYSTEMPATH\Boot.php(67): CodeIgniter\Boot::runCodeIgniter(Object(CodeIgniter\CodeIgniter))
 5 FCPATH\index.php(56): CodeIgniter\Boot::bootWeb(Object(Config\Paths))
 6 SYSTEMPATH\Commands\Server\rewrite.php(49): require_once('D:\\xampp\\htdocs\\akcdhanusha\\public\\index.php')
CRITICAL - 2024-06-25 13:56:22 --> CodeIgniter\Exceptions\PageNotFoundException: Can't find a route for 'GET: assets/frontend/webfonts/fa-regular-400.ttf'.
[Method: GET, Route: assets/frontend/webfonts/fa-regular-400.ttf]
in SYSTEMPATH\CodeIgniter.php on line 982.
 1 SYSTEMPATH\CodeIgniter.php(982): CodeIgniter\Exceptions\PageNotFoundException::forPageNotFound('Can\'t find a route for \'GET: assets/frontend/webfonts/fa-regular-400.ttf\'.')
 2 SYSTEMPATH\CodeIgniter.php(364): CodeIgniter\CodeIgniter->display404errors(Object(CodeIgniter\Exceptions\PageNotFoundException))
 3 SYSTEMPATH\Boot.php(312): CodeIgniter\CodeIgniter->run()
 4 SYSTEMPATH\Boot.php(67): CodeIgniter\Boot::runCodeIgniter(Object(CodeIgniter\CodeIgniter))
 5 FCPATH\index.php(56): CodeIgniter\Boot::bootWeb(Object(Config\Paths))
 6 SYSTEMPATH\Commands\Server\rewrite.php(49): require_once('D:\\xampp\\htdocs\\akcdhanusha\\public\\index.php')
INFO - 2024-06-25 13:56:22 --> Session: Class initialized using 'CodeIgniter\Session\Handlers\FileHandler' driver.
INFO - 2024-06-25 13:56:22 --> Session: Class initialized using 'CodeIgniter\Session\Handlers\FileHandler' driver.
INFO - 2024-06-25 13:56:23 --> Session: Class initialized using 'CodeIgniter\Session\Handlers\FileHandler' driver.
INFO - 2024-06-25 13:56:24 --> Session: Class initialized using 'CodeIgniter\Session\Handlers\FileHandler' driver.
INFO - 2024-06-25 13:56:25 --> Session: Class initialized using 'CodeIgniter\Session\Handlers\FileHandler' driver.
INFO - 2024-06-25 13:56:28 --> Session: Class initialized using 'CodeIgniter\Session\Handlers\FileHandler' driver.
INFO - 2024-06-25 13:56:28 --> Session: Class initialized using 'CodeIgniter\Session\Handlers\FileHandler' driver.
INFO - 2024-06-25 13:56:29 --> Session: Class initialized using 'CodeIgniter\Session\Handlers\FileHandler' driver.
INFO - 2024-06-25 13:56:29 --> Session: Class initialized using 'CodeIgniter\Session\Handlers\FileHandler' driver.
INFO - 2024-06-25 13:56:29 --> Session: Class initialized using 'CodeIgniter\Session\Handlers\FileHandler' driver.
INFO - 2024-06-25 13:56:30 --> Session: Class initialized using 'CodeIgniter\Session\Handlers\FileHandler' driver.
INFO - 2024-06-25 13:56:31 --> Session: Class initialized using 'CodeIgniter\Session\Handlers\FileHandler' driver.
INFO - 2024-06-25 13:56:32 --> Session: Class initialized using 'CodeIgniter\Session\Handlers\FileHandler' driver.
INFO - 2024-06-25 13:56:34 --> Session: Class initialized using 'CodeIgniter\Session\Handlers\FileHandler' driver.
INFO - 2024-06-25 13:56:34 --> Session: Class initialized using 'CodeIgniter\Session\Handlers\FileHandler' driver.
INFO - 2024-06-25 13:56:36 --> Session: Class initialized using 'CodeIgniter\Session\Handlers\FileHandler' driver.
INFO - 2024-06-25 13:56:37 --> Session: Class initialized using 'CodeIgniter\Session\Handlers\FileHandler' driver.
INFO - 2024-06-25 13:56:37 --> Session: Class initialized using 'CodeIgniter\Session\Handlers\FileHandler' driver.
INFO - 2024-06-25 13:56:38 --> Session: Class initialized using 'CodeIgniter\Session\Handlers\FileHandler' driver.
INFO - 2024-06-25 13:56:40 --> Session: Class initialized using 'CodeIgniter\Session\Handlers\FileHandler' driver.
INFO - 2024-06-25 13:56:41 --> Session: Class initialized using 'CodeIgniter\Session\Handlers\FileHandler' driver.
INFO - 2024-06-25 13:56:42 --> Session: Class initialized using 'CodeIgniter\Session\Handlers\FileHandler' driver.
INFO - 2024-06-25 13:56:43 --> Session: Class initialized using 'CodeIgniter\Session\Handlers\FileHandler' driver.
INFO - 2024-06-25 13:56:44 --> Session: Class initialized using 'CodeIgniter\Session\Handlers\FileHandler' driver.
INFO - 2024-06-25 13:56:45 --> Session: Class initialized using 'CodeIgniter\Session\Handlers\FileHandler' driver.
INFO - 2024-06-25 13:56:46 --> Session: Class initialized using 'CodeIgniter\Session\Handlers\FileHandler' driver.
INFO - 2024-06-25 13:56:47 --> Session: Class initialized using 'CodeIgniter\Session\Handlers\FileHandler' driver.
INFO - 2024-06-25 13:56:48 --> Session: Class initialized using 'CodeIgniter\Session\Handlers\FileHandler' driver.
INFO - 2024-06-25 13:56:49 --> Session: Class initialized using 'CodeIgniter\Session\Handlers\FileHandler' driver.
INFO - 2024-06-25 13:56:50 --> Session: Class initialized using 'CodeIgniter\Session\Handlers\FileHandler' driver.
INFO - 2024-06-25 13:56:51 --> Session: Class initialized using 'CodeIgniter\Session\Handlers\FileHandler' driver.
INFO - 2024-06-25 13:56:52 --> Session: Class initialized using 'CodeIgniter\Session\Handlers\FileHandler' driver.
INFO - 2024-06-25 13:56:53 --> Session: Class initialized using 'CodeIgniter\Session\Handlers\FileHandler' driver.
INFO - 2024-06-25 13:56:54 --> Session: Class initialized using 'CodeIgniter\Session\Handlers\FileHandler' driver.
INFO - 2024-06-25 13:56:55 --> Session: Class initialized using 'CodeIgniter\Session\Handlers\FileHandler' driver.
INFO - 2024-06-25 13:56:56 --> Session: Class initialized using 'CodeIgniter\Session\Handlers\FileHandler' driver.
INFO - 2024-06-25 13:56:57 --> Session: Class initialized using 'CodeIgniter\Session\Handlers\FileHandler' driver.
INFO - 2024-06-25 13:56:58 --> Session: Class initialized using 'CodeIgniter\Session\Handlers\FileHandler' driver.
INFO - 2024-06-25 13:56:59 --> Session: Class initialized using 'CodeIgniter\Session\Handlers\FileHandler' driver.
INFO - 2024-06-25 13:57:00 --> Session: Class initialized using 'CodeIgniter\Session\Handlers\FileHandler' driver.
INFO - 2024-06-25 13:57:01 --> Session: Class initialized using 'CodeIgniter\Session\Handlers\FileHandler' driver.
INFO - 2024-06-25 13:57:02 --> Session: Class initialized using 'CodeIgniter\Session\Handlers\FileHandler' driver.
INFO - 2024-06-25 13:57:03 --> Session: Class initialized using 'CodeIgniter\Session\Handlers\FileHandler' driver.
INFO - 2024-06-25 13:57:04 --> Session: Class initialized using 'CodeIgniter\Session\Handlers\FileHandler' driver.
INFO - 2024-06-25 13:57:05 --> Session: Class initialized using 'CodeIgniter\Session\Handlers\FileHandler' driver.
INFO - 2024-06-25 13:57:06 --> Session: Class initialized using 'CodeIgniter\Session\Handlers\FileHandler' driver.
INFO - 2024-06-25 13:57:07 --> Session: Class initialized using 'CodeIgniter\Session\Handlers\FileHandler' driver.
INFO - 2024-06-25 13:57:08 --> Session: Class initialized using 'CodeIgniter\Session\Handlers\FileHandler' driver.
INFO - 2024-06-25 13:57:09 --> Session: Class initialized using 'CodeIgniter\Session\Handlers\FileHandler' driver.
INFO - 2024-06-25 13:57:10 --> Session: Class initialized using 'CodeIgniter\Session\Handlers\FileHandler' driver.
INFO - 2024-06-25 13:57:11 --> Session: Class initialized using 'CodeIgniter\Session\Handlers\FileHandler' driver.
INFO - 2024-06-25 13:57:12 --> Session: Class initialized using 'CodeIgniter\Session\Handlers\FileHandler' driver.
INFO - 2024-06-25 13:57:13 --> Session: Class initialized using 'CodeIgniter\Session\Handlers\FileHandler' driver.
INFO - 2024-06-25 13:57:14 --> Session: Class initialized using 'CodeIgniter\Session\Handlers\FileHandler' driver.
INFO - 2024-06-25 13:57:15 --> Session: Class initialized using 'CodeIgniter\Session\Handlers\FileHandler' driver.
INFO - 2024-06-25 13:57:16 --> Session: Class initialized using 'CodeIgniter\Session\Handlers\FileHandler' driver.
INFO - 2024-06-25 13:57:17 --> Session: Class initialized using 'CodeIgniter\Session\Handlers\FileHandler' driver.
INFO - 2024-06-25 13:57:18 --> Session: Class initialized using 'CodeIgniter\Session\Handlers\FileHandler' driver.
INFO - 2024-06-25 13:57:19 --> Session: Class initialized using 'CodeIgniter\Session\Handlers\FileHandler' driver.
INFO - 2024-06-25 13:57:20 --> Session: Class initialized using 'CodeIgniter\Session\Handlers\FileHandler' driver.
INFO - 2024-06-25 13:57:21 --> Session: Class initialized using 'CodeIgniter\Session\Handlers\FileHandler' driver.
INFO - 2024-06-25 13:57:22 --> Session: Class initialized using 'CodeIgniter\Session\Handlers\FileHandler' driver.
INFO - 2024-06-25 13:57:23 --> Session: Class initialized using 'CodeIgniter\Session\Handlers\FileHandler' driver.
INFO - 2024-06-25 13:57:24 --> Session: Class initialized using 'CodeIgniter\Session\Handlers\FileHandler' driver.
INFO - 2024-06-25 13:57:25 --> Session: Class initialized using 'CodeIgniter\Session\Handlers\FileHandler' driver.
INFO - 2024-06-25 13:57:26 --> Session: Class initialized using 'CodeIgniter\Session\Handlers\FileHandler' driver.
INFO - 2024-06-25 13:57:27 --> Session: Class initialized using 'CodeIgniter\Session\Handlers\FileHandler' driver.
INFO - 2024-06-25 13:57:28 --> Session: Class initialized using 'CodeIgniter\Session\Handlers\FileHandler' driver.
INFO - 2024-06-25 13:57:29 --> Session: Class initialized using 'CodeIgniter\Session\Handlers\FileHandler' driver.
INFO - 2024-06-25 13:57:30 --> Session: Class initialized using 'CodeIgniter\Session\Handlers\FileHandler' driver.
INFO - 2024-06-25 13:57:31 --> Session: Class initialized using 'CodeIgniter\Session\Handlers\FileHandler' driver.
INFO - 2024-06-25 13:57:32 --> Session: Class initialized using 'CodeIgniter\Session\Handlers\FileHandler' driver.
INFO - 2024-06-25 13:57:33 --> Session: Class initialized using 'CodeIgniter\Session\Handlers\FileHandler' driver.
INFO - 2024-06-25 13:57:34 --> Session: Class initialized using 'CodeIgniter\Session\Handlers\FileHandler' driver.
INFO - 2024-06-25 13:57:35 --> Session: Class initialized using 'CodeIgniter\Session\Handlers\FileHandler' driver.
INFO - 2024-06-25 13:57:36 --> Session: Class initialized using 'CodeIgniter\Session\Handlers\FileHandler' driver.
INFO - 2024-06-25 13:57:37 --> Session: Class initialized using 'CodeIgniter\Session\Handlers\FileHandler' driver.
INFO - 2024-06-25 13:57:38 --> Session: Class initialized using 'CodeIgniter\Session\Handlers\FileHandler' driver.
INFO - 2024-06-25 13:57:39 --> Session: Class initialized using 'CodeIgniter\Session\Handlers\FileHandler' driver.
INFO - 2024-06-25 13:57:40 --> Session: Class initialized using 'CodeIgniter\Session\Handlers\FileHandler' driver.
INFO - 2024-06-25 13:57:41 --> Session: Class initialized using 'CodeIgniter\Session\Handlers\FileHandler' driver.
INFO - 2024-06-25 13:57:42 --> Session: Class initialized using 'CodeIgniter\Session\Handlers\FileHandler' driver.
INFO - 2024-06-25 13:57:43 --> Session: Class initialized using 'CodeIgniter\Session\Handlers\FileHandler' driver.
INFO - 2024-06-25 13:57:44 --> Session: Class initialized using 'CodeIgniter\Session\Handlers\FileHandler' driver.
INFO - 2024-06-25 13:57:45 --> Session: Class initialized using 'CodeIgniter\Session\Handlers\FileHandler' driver.
INFO - 2024-06-25 13:57:46 --> Session: Class initialized using 'CodeIgniter\Session\Handlers\FileHandler' driver.
INFO - 2024-06-25 13:57:47 --> Session: Class initialized using 'CodeIgniter\Session\Handlers\FileHandler' driver.
INFO - 2024-06-25 13:57:48 --> Session: Class initialized using 'CodeIgniter\Session\Handlers\FileHandler' driver.
INFO - 2024-06-25 13:57:49 --> Session: Class initialized using 'CodeIgniter\Session\Handlers\FileHandler' driver.
INFO - 2024-06-25 13:57:50 --> Session: Class initialized using 'CodeIgniter\Session\Handlers\FileHandler' driver.
INFO - 2024-06-25 13:57:51 --> Session: Class initialized using 'CodeIgniter\Session\Handlers\FileHandler' driver.
INFO - 2024-06-25 13:57:52 --> Session: Class initialized using 'CodeIgniter\Session\Handlers\FileHandler' driver.
INFO - 2024-06-25 13:57:53 --> Session: Class initialized using 'CodeIgniter\Session\Handlers\FileHandler' driver.
INFO - 2024-06-25 13:57:54 --> Session: Class initialized using 'CodeIgniter\Session\Handlers\FileHandler' driver.
INFO - 2024-06-25 13:57:56 --> Session: Class initialized using 'CodeIgniter\Session\Handlers\FileHandler' driver.
INFO - 2024-06-25 13:57:57 --> Session: Class initialized using 'CodeIgniter\Session\Handlers\FileHandler' driver.
INFO - 2024-06-25 13:57:58 --> Session: Class initialized using 'CodeIgniter\Session\Handlers\FileHandler' driver.
INFO - 2024-06-25 13:57:59 --> Session: Class initialized using 'CodeIgniter\Session\Handlers\FileHandler' driver.
INFO - 2024-06-25 13:58:00 --> Session: Class initialized using 'CodeIgniter\Session\Handlers\FileHandler' driver.
INFO - 2024-06-25 13:58:01 --> Session: Class initialized using 'CodeIgniter\Session\Handlers\FileHandler' driver.
INFO - 2024-06-25 13:58:02 --> Session: Class initialized using 'CodeIgniter\Session\Handlers\FileHandler' driver.
INFO - 2024-06-25 13:58:03 --> Session: Class initialized using 'CodeIgniter\Session\Handlers\FileHandler' driver.
